{"C:\\Users\\21277\\Desktop\\GTproject\\GrowTrackiiiiyyyy\\backend\\config\\db.js": {"path":"C:\\Users\\21277\\Desktop\\GTproject\\GrowTrackiiiiyyyy\\backend\\config\\db.js","statementMap":{"0":{"start":{"line":1,"column":0},"end":{"line":1,"column":27}},"1":{"start":{"line":2,"column":17},"end":{"line":2,"column":30}},"2":{"start":{"line":6,"column":0},"end":{"line":22,"column":1}},"3":{"start":{"line":7,"column":2},"end":{"line":10,"column":5}},"4":{"start":{"line":11,"column":2},"end":{"line":11,"column":67}},"5":{"start":{"line":13,"column":2},"end":{"line":20,"column":5}},"6":{"start":{"line":21,"column":2},"end":{"line":21,"column":61}},"7":{"start":{"line":26,"column":0},"end":{"line":26,"column":22}}},"fnMap":{},"branchMap":{"0":{"loc":{"start":{"line":6,"column":0},"end":{"line":22,"column":1}},"type":"if","locations":[{"start":{"line":6,"column":0},"end":{"line":22,"column":1}},{"start":{"line":12,"column":7},"end":{"line":22,"column":1}}],"line":6}},"s":{"0":11,"1":11,"2":11,"3":0,"4":0,"5":11,"6":11,"7":11},"f":{},"b":{"0":[0,11]},"_coverageSchema":"1a1c01bbd47fc00a2c39e90264f33305004495a9","hash":"74f7cb143e16a59f5a6a435e89169bd05d04ca66"}
,"C:\\Users\\21277\\Desktop\\GTproject\\GrowTrackiiiiyyyy\\backend\\controllers\\HashController.js": {"path":"C:\\Users\\21277\\Desktop\\GTproject\\GrowTrackiiiiyyyy\\backend\\controllers\\HashController.js","statementMap":{"0":{"start":{"line":3,"column":15},"end":{"line":3,"column":32}},"1":{"start":{"line":6,"column":16},"end":{"line":22,"column":1}},"2":{"start":{"line":7,"column":4},"end":{"line":21,"column":5}},"3":{"start":{"line":8,"column":27},"end":{"line":8,"column":35}},"4":{"start":{"line":9,"column":33},"end":{"line":9,"column":64}},"5":{"start":{"line":10,"column":6},"end":{"line":14,"column":9}},"6":{"start":{"line":16,"column":6},"end":{"line":20,"column":9}},"7":{"start":{"line":24,"column":0},"end":{"line":24,"column":29}}},"fnMap":{"0":{"name":"(anonymous_0)","decl":{"start":{"line":6,"column":16},"end":{"line":6,"column":17}},"loc":{"start":{"line":6,"column":34},"end":{"line":22,"column":1}},"line":6}},"branchMap":{},"s":{"0":1,"1":1,"2":9,"3":9,"4":9,"5":6,"6":3,"7":1},"f":{"0":9},"b":{},"_coverageSchema":"1a1c01bbd47fc00a2c39e90264f33305004495a9","hash":"92c1605e3919dba782a404fff8a2740043aee944"}
,"C:\\Users\\21277\\Desktop\\GTproject\\GrowTrackiiiiyyyy\\backend\\controllers\\authController.js": {"path":"C:\\Users\\21277\\Desktop\\GTproject\\GrowTrackiiiiyyyy\\backend\\controllers\\authController.js","statementMap":{"0":{"start":{"line":1,"column":18},"end":{"line":1,"column":48}},"1":{"start":{"line":2,"column":12},"end":{"line":2,"column":35}},"2":{"start":{"line":3,"column":0},"end":{"line":3,"column":27}},"3":{"start":{"line":4,"column":15},"end":{"line":4,"column":32}},"4":{"start":{"line":5,"column":19},"end":{"line":5,"column":40}},"5":{"start":{"line":6,"column":22},"end":{"line":6,"column":55}},"6":{"start":{"line":7,"column":22},"end":{"line":11,"column":3}},"7":{"start":{"line":13,"column":0},"end":{"line":63,"column":1}},"8":{"start":{"line":15,"column":40},"end":{"line":15,"column":48}},"9":{"start":{"line":16,"column":21},"end":{"line":16,"column":58}},"10":{"start":{"line":18,"column":2},"end":{"line":62,"column":3}},"11":{"start":{"line":19,"column":19},"end":{"line":19,"column":62}},"12":{"start":{"line":20,"column":6},"end":{"line":58,"column":7}},"13":{"start":{"line":21,"column":10},"end":{"line":21,"column":39}},"14":{"start":{"line":23,"column":31},"end":{"line":26,"column":32}},"15":{"start":{"line":28,"column":32},"end":{"line":31,"column":31}},"16":{"start":{"line":32,"column":10},"end":{"line":55,"column":9}},"17":{"start":{"line":33,"column":12},"end":{"line":50,"column":13}},"18":{"start":{"line":34,"column":16},"end":{"line":37,"column":19}},"19":{"start":{"line":38,"column":16},"end":{"line":41,"column":19}},"20":{"start":{"line":43,"column":16},"end":{"line":45,"column":19}},"21":{"start":{"line":47,"column":16},"end":{"line":49,"column":19}},"22":{"start":{"line":52,"column":10},"end":{"line":52,"column":180}},"23":{"start":{"line":54,"column":10},"end":{"line":54,"column":182}},"24":{"start":{"line":57,"column":10},"end":{"line":57,"column":82}},"25":{"start":{"line":61,"column":6},"end":{"line":61,"column":88}},"26":{"start":{"line":66,"column":0},"end":{"line":133,"column":4}},"27":{"start":{"line":67,"column":26},"end":{"line":67,"column":77}},"28":{"start":{"line":68,"column":4},"end":{"line":70,"column":5}},"29":{"start":{"line":69,"column":6},"end":{"line":69,"column":98}},"30":{"start":{"line":72,"column":4},"end":{"line":132,"column":5}},"31":{"start":{"line":73,"column":22},"end":{"line":73,"column":75}},"32":{"start":{"line":74,"column":25},"end":{"line":74,"column":43}},"33":{"start":{"line":75,"column":25},"end":{"line":75,"column":62}},"34":{"start":{"line":76,"column":19},"end":{"line":76,"column":58}},"35":{"start":{"line":77,"column":6},"end":{"line":77,"column":29}},"36":{"start":{"line":78,"column":6},"end":{"line":78,"column":23}},"37":{"start":{"line":79,"column":6},"end":{"line":81,"column":7}},"38":{"start":{"line":80,"column":8},"end":{"line":80,"column":66}},"39":{"start":{"line":83,"column":31},"end":{"line":87,"column":7}},"40":{"start":{"line":103,"column":6},"end":{"line":127,"column":7}},"41":{"start":{"line":105,"column":30},"end":{"line":109,"column":9}},"42":{"start":{"line":113,"column":8},"end":{"line":115,"column":9}},"43":{"start":{"line":114,"column":10},"end":{"line":114,"column":48}},"44":{"start":{"line":117,"column":8},"end":{"line":117,"column":68}},"45":{"start":{"line":119,"column":8},"end":{"line":121,"column":11}},"46":{"start":{"line":123,"column":8},"end":{"line":126,"column":11}},"47":{"start":{"line":130,"column":6},"end":{"line":130,"column":39}},"48":{"start":{"line":131,"column":6},"end":{"line":131,"column":84}},"49":{"start":{"line":135,"column":0},"end":{"line":152,"column":1}},"50":{"start":{"line":136,"column":4},"end":{"line":151,"column":5}},"51":{"start":{"line":137,"column":8},"end":{"line":141,"column":13}},"52":{"start":{"line":142,"column":8},"end":{"line":146,"column":13}},"53":{"start":{"line":147,"column":8},"end":{"line":147,"column":70}},"54":{"start":{"line":149,"column":8},"end":{"line":149,"column":27}},"55":{"start":{"line":150,"column":8},"end":{"line":150,"column":74}},"56":{"start":{"line":154,"column":20},"end":{"line":160,"column":4}},"57":{"start":{"line":164,"column":0},"end":{"line":202,"column":5}},"58":{"start":{"line":166,"column":22},"end":{"line":166,"column":30}},"59":{"start":{"line":167,"column":6},"end":{"line":201,"column":7}},"60":{"start":{"line":168,"column":19},"end":{"line":168,"column":57}},"61":{"start":{"line":169,"column":10},"end":{"line":196,"column":7}},"62":{"start":{"line":169,"column":21},"end":{"line":169,"column":98}},"63":{"start":{"line":171,"column":34},"end":{"line":174,"column":38}},"64":{"start":{"line":176,"column":36},"end":{"line":176,"column":90}},"65":{"start":{"line":177,"column":38},"end":{"line":187,"column":13}},"66":{"start":{"line":189,"column":25},"end":{"line":189,"column":64}},"67":{"start":{"line":191,"column":12},"end":{"line":195,"column":13}},"68":{"start":{"line":192,"column":14},"end":{"line":194,"column":17}},"69":{"start":{"line":199,"column":10},"end":{"line":199,"column":29}},"70":{"start":{"line":200,"column":10},"end":{"line":200,"column":90}},"71":{"start":{"line":204,"column":0},"end":{"line":220,"column":5}},"72":{"start":{"line":206,"column":8},"end":{"line":219,"column":9}},"73":{"start":{"line":207,"column":24},"end":{"line":207,"column":35}},"74":{"start":{"line":208,"column":27},"end":{"line":208,"column":67}},"75":{"start":{"line":209,"column":21},"end":{"line":209,"column":72}},"76":{"start":{"line":210,"column":8},"end":{"line":215,"column":9}},"77":{"start":{"line":211,"column":12},"end":{"line":211,"column":88}},"78":{"start":{"line":214,"column":12},"end":{"line":214,"column":92}},"79":{"start":{"line":217,"column":12},"end":{"line":217,"column":33}},"80":{"start":{"line":218,"column":12},"end":{"line":218,"column":79}},"81":{"start":{"line":222,"column":0},"end":{"line":228,"column":1}},"82":{"start":{"line":223,"column":2},"end":{"line":227,"column":3}},"83":{"start":{"line":224,"column":4},"end":{"line":224,"column":115}},"84":{"start":{"line":226,"column":4},"end":{"line":226,"column":92}}},"fnMap":{"0":{"name":"(anonymous_0)","decl":{"start":{"line":14,"column":0},"end":{"line":14,"column":1}},"loc":{"start":{"line":14,"column":20},"end":{"line":63,"column":1}},"line":14},"1":{"name":"(anonymous_1)","decl":{"start":{"line":66,"column":23},"end":{"line":66,"column":24}},"loc":{"start":{"line":66,"column":43},"end":{"line":133,"column":3}},"line":66},"2":{"name":"(anonymous_2)","decl":{"start":{"line":135,"column":15},"end":{"line":135,"column":16}},"loc":{"start":{"line":135,"column":27},"end":{"line":152,"column":1}},"line":135},"3":{"name":"(anonymous_3)","decl":{"start":{"line":165,"column":2},"end":{"line":165,"column":3}},"loc":{"start":{"line":165,"column":19},"end":{"line":202,"column":5}},"line":165},"4":{"name":"(anonymous_4)","decl":{"start":{"line":205,"column":4},"end":{"line":205,"column":5}},"loc":{"start":{"line":205,"column":21},"end":{"line":220,"column":5}},"line":205},"5":{"name":"(anonymous_5)","decl":{"start":{"line":222,"column":16},"end":{"line":222,"column":17}},"loc":{"start":{"line":222,"column":27},"end":{"line":228,"column":1}},"line":222}},"branchMap":{"0":{"loc":{"start":{"line":20,"column":6},"end":{"line":58,"column":7}},"type":"if","locations":[{"start":{"line":20,"column":6},"end":{"line":58,"column":7}},{"start":{"line":56,"column":9},"end":{"line":58,"column":7}}],"line":20},"1":{"loc":{"start":{"line":32,"column":10},"end":{"line":55,"column":9}},"type":"if","locations":[{"start":{"line":32,"column":10},"end":{"line":55,"column":9}},{"start":{"line":53,"column":13},"end":{"line":55,"column":9}}],"line":32},"2":{"loc":{"start":{"line":33,"column":12},"end":{"line":50,"column":13}},"type":"if","locations":[{"start":{"line":33,"column":12},"end":{"line":50,"column":13}},{"start":{"line":42,"column":18},"end":{"line":50,"column":13}}],"line":33},"3":{"loc":{"start":{"line":67,"column":26},"end":{"line":67,"column":77}},"type":"binary-expr","locations":[{"start":{"line":67,"column":26},"end":{"line":67,"column":51}},{"start":{"line":67,"column":55},"end":{"line":67,"column":77}}],"line":67},"4":{"loc":{"start":{"line":68,"column":4},"end":{"line":70,"column":5}},"type":"if","locations":[{"start":{"line":68,"column":4},"end":{"line":70,"column":5}},{"start":{},"end":{}}],"line":68},"5":{"loc":{"start":{"line":79,"column":6},"end":{"line":81,"column":7}},"type":"if","locations":[{"start":{"line":79,"column":6},"end":{"line":81,"column":7}},{"start":{},"end":{}}],"line":79},"6":{"loc":{"start":{"line":103,"column":6},"end":{"line":127,"column":7}},"type":"if","locations":[{"start":{"line":103,"column":6},"end":{"line":127,"column":7}},{"start":{"line":122,"column":13},"end":{"line":127,"column":7}}],"line":103},"7":{"loc":{"start":{"line":113,"column":8},"end":{"line":115,"column":9}},"type":"if","locations":[{"start":{"line":113,"column":8},"end":{"line":115,"column":9}},{"start":{},"end":{}}],"line":113},"8":{"loc":{"start":{"line":169,"column":10},"end":{"line":196,"column":7}},"type":"if","locations":[{"start":{"line":169,"column":10},"end":{"line":196,"column":7}},{"start":{"line":170,"column":15},"end":{"line":196,"column":7}}],"line":169},"9":{"loc":{"start":{"line":191,"column":12},"end":{"line":195,"column":13}},"type":"if","locations":[{"start":{"line":191,"column":12},"end":{"line":195,"column":13}},{"start":{},"end":{}}],"line":191},"10":{"loc":{"start":{"line":210,"column":8},"end":{"line":215,"column":9}},"type":"if","locations":[{"start":{"line":210,"column":8},"end":{"line":215,"column":9}},{"start":{"line":213,"column":13},"end":{"line":215,"column":9}}],"line":210},"11":{"loc":{"start":{"line":223,"column":2},"end":{"line":227,"column":3}},"type":"if","locations":[{"start":{"line":223,"column":2},"end":{"line":227,"column":3}},{"start":{"line":225,"column":9},"end":{"line":227,"column":3}}],"line":223}},"s":{"0":1,"1":1,"2":1,"3":1,"4":1,"5":1,"6":1,"7":1,"8":5,"9":5,"10":5,"11":5,"12":4,"13":3,"14":3,"15":3,"16":3,"17":2,"18":1,"19":1,"20":1,"21":1,"22":2,"23":1,"24":1,"25":1,"26":1,"27":5,"28":5,"29":1,"30":4,"31":4,"32":3,"33":3,"34":3,"35":3,"36":3,"37":3,"38":1,"39":2,"40":2,"41":1,"42":1,"43":1,"44":1,"45":1,"46":1,"47":1,"48":1,"49":1,"50":2,"51":2,"52":1,"53":1,"54":1,"55":1,"56":1,"57":1,"58":3,"59":3,"60":3,"61":2,"62":1,"63":1,"64":1,"65":1,"66":1,"67":1,"68":1,"69":1,"70":1,"71":1,"72":3,"73":3,"74":3,"75":2,"76":2,"77":1,"78":1,"79":1,"80":1,"81":1,"82":3,"83":1,"84":2},"f":{"0":5,"1":5,"2":2,"3":3,"4":3,"5":3},"b":{"0":[3,1],"1":[2,1],"2":[1,1],"3":[5,2],"4":[1,4],"5":[1,2],"6":[1,1],"7":[1,0],"8":[1,1],"9":[1,0],"10":[1,1],"11":[1,2]},"_coverageSchema":"1a1c01bbd47fc00a2c39e90264f33305004495a9","hash":"690f97587631a5dd3c00796c1693393d24f52a5c"}
,"C:\\Users\\21277\\Desktop\\GTproject\\GrowTrackiiiiyyyy\\backend\\controllers\\adminControllers\\AdminDashboardController.js": {"path":"C:\\Users\\21277\\Desktop\\GTproject\\GrowTrackiiiiyyyy\\backend\\controllers\\adminControllers\\AdminDashboardController.js","statementMap":{"0":{"start":{"line":1,"column":18},"end":{"line":1,"column":73}},"1":{"start":{"line":4,"column":0},"end":{"line":14,"column":2}},"2":{"start":{"line":6,"column":6},"end":{"line":12,"column":7}},"3":{"start":{"line":7,"column":27},"end":{"line":7,"column":59}},"4":{"start":{"line":8,"column":8},"end":{"line":8,"column":48}},"5":{"start":{"line":10,"column":8},"end":{"line":10,"column":29}},"6":{"start":{"line":11,"column":8},"end":{"line":11,"column":90}},"7":{"start":{"line":16,"column":0},"end":{"line":39,"column":2}},"8":{"start":{"line":18,"column":6},"end":{"line":37,"column":7}},"9":{"start":{"line":19,"column":23},"end":{"line":19,"column":60}},"10":{"start":{"line":22,"column":8},"end":{"line":30,"column":9}},"11":{"start":{"line":23,"column":12},"end":{"line":27,"column":13}},"12":{"start":{"line":24,"column":16},"end":{"line":24,"column":31}},"13":{"start":{"line":26,"column":16},"end":{"line":26,"column":33}},"14":{"start":{"line":29,"column":12},"end":{"line":29,"column":69}},"15":{"start":{"line":31,"column":31},"end":{"line":31,"column":64}},"16":{"start":{"line":32,"column":8},"end":{"line":32,"column":104}},"17":{"start":{"line":35,"column":8},"end":{"line":35,"column":29}},"18":{"start":{"line":36,"column":8},"end":{"line":36,"column":90}},"19":{"start":{"line":41,"column":0},"end":{"line":51,"column":2}},"20":{"start":{"line":43,"column":4},"end":{"line":49,"column":5}},"21":{"start":{"line":44,"column":31},"end":{"line":44,"column":69}},"22":{"start":{"line":45,"column":6},"end":{"line":45,"column":52}},"23":{"start":{"line":47,"column":6},"end":{"line":47,"column":27}},"24":{"start":{"line":48,"column":6},"end":{"line":48,"column":88}},"25":{"start":{"line":53,"column":0},"end":{"line":78,"column":2}},"26":{"start":{"line":55,"column":4},"end":{"line":76,"column":5}},"27":{"start":{"line":56,"column":21},"end":{"line":56,"column":64}},"28":{"start":{"line":59,"column":6},"end":{"line":67,"column":7}},"29":{"start":{"line":60,"column":10},"end":{"line":64,"column":11}},"30":{"start":{"line":61,"column":14},"end":{"line":61,"column":29}},"31":{"start":{"line":63,"column":14},"end":{"line":63,"column":31}},"32":{"start":{"line":66,"column":10},"end":{"line":66,"column":67}},"33":{"start":{"line":69,"column":29},"end":{"line":69,"column":62}},"34":{"start":{"line":71,"column":6},"end":{"line":71,"column":102}},"35":{"start":{"line":74,"column":6},"end":{"line":74,"column":27}},"36":{"start":{"line":75,"column":6},"end":{"line":75,"column":88}},"37":{"start":{"line":80,"column":0},"end":{"line":91,"column":2}},"38":{"start":{"line":82,"column":4},"end":{"line":89,"column":5}},"39":{"start":{"line":83,"column":24},"end":{"line":83,"column":66}},"40":{"start":{"line":85,"column":6},"end":{"line":85,"column":46}},"41":{"start":{"line":87,"column":6},"end":{"line":87,"column":27}},"42":{"start":{"line":88,"column":6},"end":{"line":88,"column":88}},"43":{"start":{"line":93,"column":0},"end":{"line":119,"column":2}},"44":{"start":{"line":95,"column":4},"end":{"line":117,"column":5}},"45":{"start":{"line":96,"column":34},"end":{"line":96,"column":77}},"46":{"start":{"line":97,"column":33},"end":{"line":97,"column":75}},"47":{"start":{"line":99,"column":20},"end":{"line":103,"column":21}},"48":{"start":{"line":105,"column":25},"end":{"line":105,"column":97}},"49":{"start":{"line":107,"column":29},"end":{"line":107,"column":123}},"50":{"start":{"line":109,"column":23},"end":{"line":109,"column":60}},"51":{"start":{"line":110,"column":6},"end":{"line":113,"column":9}},"52":{"start":{"line":115,"column":6},"end":{"line":115,"column":27}},"53":{"start":{"line":116,"column":6},"end":{"line":116,"column":88}},"54":{"start":{"line":121,"column":0},"end":{"line":135,"column":2}},"55":{"start":{"line":123,"column":4},"end":{"line":133,"column":5}},"56":{"start":{"line":124,"column":23},"end":{"line":124,"column":65}},"57":{"start":{"line":126,"column":6},"end":{"line":128,"column":9}},"58":{"start":{"line":131,"column":6},"end":{"line":131,"column":27}},"59":{"start":{"line":132,"column":6},"end":{"line":132,"column":88}},"60":{"start":{"line":137,"column":0},"end":{"line":151,"column":2}},"61":{"start":{"line":139,"column":4},"end":{"line":149,"column":5}},"62":{"start":{"line":140,"column":23},"end":{"line":140,"column":73}},"63":{"start":{"line":142,"column":6},"end":{"line":144,"column":9}},"64":{"start":{"line":147,"column":6},"end":{"line":147,"column":27}},"65":{"start":{"line":148,"column":6},"end":{"line":148,"column":88}},"66":{"start":{"line":153,"column":0},"end":{"line":173,"column":2}},"67":{"start":{"line":155,"column":4},"end":{"line":171,"column":5}},"68":{"start":{"line":156,"column":23},"end":{"line":156,"column":72}},"69":{"start":{"line":158,"column":33},"end":{"line":158,"column":81}},"70":{"start":{"line":159,"column":36},"end":{"line":159,"column":84}},"71":{"start":{"line":160,"column":35},"end":{"line":160,"column":83}},"72":{"start":{"line":162,"column":6},"end":{"line":166,"column":9}},"73":{"start":{"line":169,"column":6},"end":{"line":169,"column":27}},"74":{"start":{"line":170,"column":6},"end":{"line":170,"column":88}},"75":{"start":{"line":175,"column":0},"end":{"line":187,"column":2}},"76":{"start":{"line":176,"column":4},"end":{"line":186,"column":5}},"77":{"start":{"line":177,"column":19},"end":{"line":177,"column":53}},"78":{"start":{"line":179,"column":6},"end":{"line":181,"column":9}},"79":{"start":{"line":184,"column":6},"end":{"line":184,"column":27}},"80":{"start":{"line":185,"column":6},"end":{"line":185,"column":88}},"81":{"start":{"line":189,"column":0},"end":{"line":201,"column":2}},"82":{"start":{"line":190,"column":2},"end":{"line":200,"column":3}},"83":{"start":{"line":191,"column":17},"end":{"line":191,"column":55}},"84":{"start":{"line":193,"column":4},"end":{"line":195,"column":7}},"85":{"start":{"line":198,"column":4},"end":{"line":198,"column":25}},"86":{"start":{"line":199,"column":4},"end":{"line":199,"column":86}}},"fnMap":{"0":{"name":"(anonymous_0)","decl":{"start":{"line":5,"column":4},"end":{"line":5,"column":5}},"loc":{"start":{"line":5,"column":24},"end":{"line":13,"column":5}},"line":5},"1":{"name":"(anonymous_1)","decl":{"start":{"line":17,"column":4},"end":{"line":17,"column":5}},"loc":{"start":{"line":17,"column":24},"end":{"line":38,"column":5}},"line":17},"2":{"name":"(anonymous_2)","decl":{"start":{"line":42,"column":2},"end":{"line":42,"column":3}},"loc":{"start":{"line":42,"column":22},"end":{"line":50,"column":3}},"line":42},"3":{"name":"(anonymous_3)","decl":{"start":{"line":54,"column":2},"end":{"line":54,"column":3}},"loc":{"start":{"line":54,"column":22},"end":{"line":77,"column":3}},"line":54},"4":{"name":"(anonymous_4)","decl":{"start":{"line":81,"column":2},"end":{"line":81,"column":3}},"loc":{"start":{"line":81,"column":22},"end":{"line":90,"column":3}},"line":81},"5":{"name":"(anonymous_5)","decl":{"start":{"line":94,"column":2},"end":{"line":94,"column":3}},"loc":{"start":{"line":94,"column":22},"end":{"line":118,"column":3}},"line":94},"6":{"name":"(anonymous_6)","decl":{"start":{"line":122,"column":2},"end":{"line":122,"column":3}},"loc":{"start":{"line":122,"column":22},"end":{"line":134,"column":3}},"line":122},"7":{"name":"(anonymous_7)","decl":{"start":{"line":138,"column":2},"end":{"line":138,"column":3}},"loc":{"start":{"line":138,"column":22},"end":{"line":150,"column":3}},"line":138},"8":{"name":"(anonymous_8)","decl":{"start":{"line":154,"column":2},"end":{"line":154,"column":3}},"loc":{"start":{"line":154,"column":22},"end":{"line":172,"column":3}},"line":154},"9":{"name":"(anonymous_9)","decl":{"start":{"line":175,"column":32},"end":{"line":175,"column":33}},"loc":{"start":{"line":175,"column":52},"end":{"line":187,"column":1}},"line":175},"10":{"name":"(anonymous_10)","decl":{"start":{"line":189,"column":36},"end":{"line":189,"column":37}},"loc":{"start":{"line":189,"column":56},"end":{"line":201,"column":1}},"line":189}},"branchMap":{"0":{"loc":{"start":{"line":22,"column":8},"end":{"line":30,"column":9}},"type":"if","locations":[{"start":{"line":22,"column":8},"end":{"line":30,"column":9}},{"start":{"line":28,"column":15},"end":{"line":30,"column":9}}],"line":22},"1":{"loc":{"start":{"line":23,"column":12},"end":{"line":27,"column":13}},"type":"if","locations":[{"start":{"line":23,"column":12},"end":{"line":27,"column":13}},{"start":{"line":25,"column":19},"end":{"line":27,"column":13}}],"line":23},"2":{"loc":{"start":{"line":59,"column":6},"end":{"line":67,"column":7}},"type":"if","locations":[{"start":{"line":59,"column":6},"end":{"line":67,"column":7}},{"start":{"line":65,"column":13},"end":{"line":67,"column":7}}],"line":59},"3":{"loc":{"start":{"line":60,"column":10},"end":{"line":64,"column":11}},"type":"if","locations":[{"start":{"line":60,"column":10},"end":{"line":64,"column":11}},{"start":{"line":62,"column":17},"end":{"line":64,"column":11}}],"line":60},"4":{"loc":{"start":{"line":99,"column":20},"end":{"line":103,"column":21}},"type":"cond-expr","locations":[{"start":{"line":100,"column":10},"end":{"line":100,"column":21}},{"start":{"line":101,"column":10},"end":{"line":103,"column":21}}],"line":99},"5":{"loc":{"start":{"line":101,"column":10},"end":{"line":103,"column":21}},"type":"cond-expr","locations":[{"start":{"line":102,"column":10},"end":{"line":102,"column":21}},{"start":{"line":103,"column":10},"end":{"line":103,"column":21}}],"line":101},"6":{"loc":{"start":{"line":107,"column":29},"end":{"line":107,"column":123}},"type":"cond-expr","locations":[{"start":{"line":107,"column":68},"end":{"line":107,"column":69}},{"start":{"line":107,"column":72},"end":{"line":107,"column":123}}],"line":107}},"s":{"0":1,"1":1,"2":2,"3":2,"4":1,"5":1,"6":1,"7":1,"8":4,"9":4,"10":3,"11":2,"12":1,"13":1,"14":1,"15":3,"16":3,"17":1,"18":1,"19":1,"20":2,"21":2,"22":1,"23":1,"24":1,"25":1,"26":2,"27":2,"28":2,"29":1,"30":0,"31":1,"32":1,"33":2,"34":2,"35":0,"36":0,"37":1,"38":1,"39":1,"40":1,"41":0,"42":0,"43":1,"44":4,"45":4,"46":4,"47":4,"48":4,"49":4,"50":4,"51":4,"52":0,"53":0,"54":1,"55":1,"56":1,"57":1,"58":0,"59":0,"60":1,"61":1,"62":1,"63":1,"64":0,"65":0,"66":1,"67":2,"68":2,"69":2,"70":2,"71":2,"72":2,"73":0,"74":0,"75":1,"76":2,"77":2,"78":1,"79":1,"80":1,"81":1,"82":2,"83":2,"84":1,"85":1,"86":1},"f":{"0":2,"1":4,"2":2,"3":2,"4":1,"5":4,"6":1,"7":1,"8":2,"9":2,"10":2},"b":{"0":[2,1],"1":[1,1],"2":[1,1],"3":[0,1],"4":[2,2],"5":[1,1],"6":[1,3]},"_coverageSchema":"1a1c01bbd47fc00a2c39e90264f33305004495a9","hash":"9e23b30e372ee179bdae04bb03d95a2372dd0025"}
,"C:\\Users\\21277\\Desktop\\GTproject\\GrowTrackiiiiyyyy\\backend\\controllers\\adminControllers\\AdminProfile_Controller.js": {"path":"C:\\Users\\21277\\Desktop\\GTproject\\GrowTrackiiiiyyyy\\backend\\controllers\\adminControllers\\AdminProfile_Controller.js","statementMap":{"0":{"start":{"line":1,"column":21},"end":{"line":1,"column":78}},"1":{"start":{"line":3,"column":0},"end":{"line":18,"column":2}},"2":{"start":{"line":4,"column":6},"end":{"line":17,"column":7}},"3":{"start":{"line":5,"column":19},"end":{"line":5,"column":30}},"4":{"start":{"line":7,"column":28},"end":{"line":7,"column":64}},"5":{"start":{"line":9,"column":8},"end":{"line":13,"column":9}},"6":{"start":{"line":10,"column":10},"end":{"line":10,"column":55}},"7":{"start":{"line":12,"column":10},"end":{"line":12,"column":88}},"8":{"start":{"line":15,"column":8},"end":{"line":15,"column":29}},"9":{"start":{"line":16,"column":8},"end":{"line":16,"column":90}},"10":{"start":{"line":20,"column":0},"end":{"line":35,"column":2}},"11":{"start":{"line":21,"column":4},"end":{"line":34,"column":5}},"12":{"start":{"line":22,"column":17},"end":{"line":22,"column":28}},"13":{"start":{"line":24,"column":36},"end":{"line":24,"column":86}},"14":{"start":{"line":26,"column":6},"end":{"line":30,"column":7}},"15":{"start":{"line":27,"column":8},"end":{"line":27,"column":63}},"16":{"start":{"line":29,"column":8},"end":{"line":29,"column":79}},"17":{"start":{"line":32,"column":6},"end":{"line":32,"column":27}},"18":{"start":{"line":33,"column":6},"end":{"line":33,"column":88}}},"fnMap":{"0":{"name":"(anonymous_0)","decl":{"start":{"line":3,"column":29},"end":{"line":3,"column":30}},"loc":{"start":{"line":3,"column":49},"end":{"line":18,"column":1}},"line":3},"1":{"name":"(anonymous_1)","decl":{"start":{"line":20,"column":43},"end":{"line":20,"column":44}},"loc":{"start":{"line":20,"column":63},"end":{"line":35,"column":1}},"line":20}},"branchMap":{"0":{"loc":{"start":{"line":9,"column":8},"end":{"line":13,"column":9}},"type":"if","locations":[{"start":{"line":9,"column":8},"end":{"line":13,"column":9}},{"start":{"line":11,"column":15},"end":{"line":13,"column":9}}],"line":9},"1":{"loc":{"start":{"line":26,"column":6},"end":{"line":30,"column":7}},"type":"if","locations":[{"start":{"line":26,"column":6},"end":{"line":30,"column":7}},{"start":{"line":28,"column":13},"end":{"line":30,"column":7}}],"line":26}},"s":{"0":1,"1":1,"2":11,"3":11,"4":10,"5":8,"6":2,"7":6,"8":3,"9":3,"10":1,"11":12,"12":12,"13":11,"14":9,"15":4,"16":5,"17":3,"18":3},"f":{"0":11,"1":12},"b":{"0":[2,6],"1":[4,5]},"_coverageSchema":"1a1c01bbd47fc00a2c39e90264f33305004495a9","hash":"a7d878e4dee22374e7f305022a92ac6142520414"}
,"C:\\Users\\21277\\Desktop\\GTproject\\GrowTrackiiiiyyyy\\backend\\controllers\\adminControllers\\GlobalOverView_Controller.js": {"path":"C:\\Users\\21277\\Desktop\\GTproject\\GrowTrackiiiiyyyy\\backend\\controllers\\adminControllers\\GlobalOverView_Controller.js","statementMap":{"0":{"start":{"line":1,"column":24},"end":{"line":1,"column":83}},"1":{"start":{"line":2,"column":35},"end":{"line":2,"column":63}},"2":{"start":{"line":4,"column":0},"end":{"line":18,"column":2}},"3":{"start":{"line":6,"column":6},"end":{"line":16,"column":7}},"4":{"start":{"line":7,"column":25},"end":{"line":7,"column":85}},"5":{"start":{"line":9,"column":8},"end":{"line":11,"column":11}},"6":{"start":{"line":14,"column":8},"end":{"line":14,"column":29}},"7":{"start":{"line":15,"column":8},"end":{"line":15,"column":90}},"8":{"start":{"line":20,"column":0},"end":{"line":40,"column":2}},"9":{"start":{"line":22,"column":4},"end":{"line":38,"column":5}},"10":{"start":{"line":23,"column":32},"end":{"line":23,"column":42}},"11":{"start":{"line":25,"column":21},"end":{"line":25,"column":97}},"12":{"start":{"line":26,"column":6},"end":{"line":32,"column":82}},"13":{"start":{"line":27,"column":23},"end":{"line":27,"column":36}},"14":{"start":{"line":28,"column":8},"end":{"line":31,"column":11}},"15":{"start":{"line":32,"column":12},"end":{"line":32,"column":82}},"16":{"start":{"line":36,"column":6},"end":{"line":36,"column":27}},"17":{"start":{"line":37,"column":6},"end":{"line":37,"column":88}},"18":{"start":{"line":42,"column":0},"end":{"line":61,"column":2}},"19":{"start":{"line":44,"column":4},"end":{"line":59,"column":5}},"20":{"start":{"line":45,"column":23},"end":{"line":45,"column":33}},"21":{"start":{"line":47,"column":21},"end":{"line":47,"column":69}},"22":{"start":{"line":48,"column":6},"end":{"line":54,"column":84}},"23":{"start":{"line":49,"column":23},"end":{"line":49,"column":36}},"24":{"start":{"line":50,"column":8},"end":{"line":53,"column":11}},"25":{"start":{"line":54,"column":12},"end":{"line":54,"column":84}},"26":{"start":{"line":57,"column":6},"end":{"line":57,"column":27}},"27":{"start":{"line":58,"column":6},"end":{"line":58,"column":88}},"28":{"start":{"line":63,"column":0},"end":{"line":81,"column":2}},"29":{"start":{"line":65,"column":4},"end":{"line":79,"column":5}},"30":{"start":{"line":67,"column":21},"end":{"line":67,"column":65}},"31":{"start":{"line":68,"column":6},"end":{"line":74,"column":34}},"32":{"start":{"line":69,"column":23},"end":{"line":69,"column":36}},"33":{"start":{"line":70,"column":8},"end":{"line":73,"column":11}},"34":{"start":{"line":74,"column":12},"end":{"line":74,"column":34}},"35":{"start":{"line":77,"column":6},"end":{"line":77,"column":27}},"36":{"start":{"line":78,"column":6},"end":{"line":78,"column":88}}},"fnMap":{"0":{"name":"(anonymous_0)","decl":{"start":{"line":5,"column":4},"end":{"line":5,"column":5}},"loc":{"start":{"line":5,"column":24},"end":{"line":17,"column":5}},"line":5},"1":{"name":"(anonymous_1)","decl":{"start":{"line":21,"column":2},"end":{"line":21,"column":3}},"loc":{"start":{"line":21,"column":22},"end":{"line":39,"column":3}},"line":21},"2":{"name":"(anonymous_2)","decl":{"start":{"line":43,"column":2},"end":{"line":43,"column":3}},"loc":{"start":{"line":43,"column":22},"end":{"line":60,"column":3}},"line":43},"3":{"name":"(anonymous_3)","decl":{"start":{"line":64,"column":2},"end":{"line":64,"column":3}},"loc":{"start":{"line":64,"column":22},"end":{"line":80,"column":3}},"line":64}},"branchMap":{"0":{"loc":{"start":{"line":26,"column":6},"end":{"line":32,"column":82}},"type":"if","locations":[{"start":{"line":26,"column":6},"end":{"line":32,"column":82}},{"start":{"line":32,"column":12},"end":{"line":32,"column":82}}],"line":26},"1":{"loc":{"start":{"line":48,"column":6},"end":{"line":54,"column":84}},"type":"if","locations":[{"start":{"line":48,"column":6},"end":{"line":54,"column":84}},{"start":{"line":54,"column":12},"end":{"line":54,"column":84}}],"line":48},"2":{"loc":{"start":{"line":68,"column":6},"end":{"line":74,"column":34}},"type":"if","locations":[{"start":{"line":68,"column":6},"end":{"line":74,"column":34}},{"start":{"line":74,"column":12},"end":{"line":74,"column":34}}],"line":68}},"s":{"0":1,"1":1,"2":1,"3":2,"4":2,"5":1,"6":1,"7":1,"8":1,"9":7,"10":7,"11":7,"12":6,"13":1,"14":1,"15":4,"16":2,"17":2,"18":1,"19":6,"20":6,"21":6,"22":5,"23":2,"24":2,"25":2,"26":2,"27":2,"28":1,"29":3,"30":3,"31":2,"32":1,"33":1,"34":1,"35":1,"36":1},"f":{"0":2,"1":7,"2":6,"3":3},"b":{"0":[1,4],"1":[2,2],"2":[1,1]},"_coverageSchema":"1a1c01bbd47fc00a2c39e90264f33305004495a9","hash":"21c3623b4241dec7ed169cc12329c14ee2105b26"}
,"C:\\Users\\21277\\Desktop\\GTproject\\GrowTrackiiiiyyyy\\backend\\controllers\\adminControllers\\classController.js": {"path":"C:\\Users\\21277\\Desktop\\GTproject\\GrowTrackiiiiyyyy\\backend\\controllers\\adminControllers\\classController.js","statementMap":{"0":{"start":{"line":2,"column":19},"end":{"line":2,"column":65}},"1":{"start":{"line":4,"column":0},"end":{"line":22,"column":2}},"2":{"start":{"line":5,"column":51},"end":{"line":5,"column":59}},"3":{"start":{"line":7,"column":2},"end":{"line":21,"column":3}},"4":{"start":{"line":8,"column":4},"end":{"line":10,"column":5}},"5":{"start":{"line":9,"column":6},"end":{"line":9,"column":75}},"6":{"start":{"line":12,"column":21},"end":{"line":12,"column":86}},"7":{"start":{"line":14,"column":4},"end":{"line":17,"column":7}},"8":{"start":{"line":19,"column":4},"end":{"line":19,"column":50}},"9":{"start":{"line":20,"column":4},"end":{"line":20,"column":64}},"10":{"start":{"line":24,"column":0},"end":{"line":35,"column":2}},"11":{"start":{"line":25,"column":2},"end":{"line":34,"column":3}},"12":{"start":{"line":26,"column":20},"end":{"line":26,"column":52}},"13":{"start":{"line":27,"column":4},"end":{"line":30,"column":7}},"14":{"start":{"line":32,"column":4},"end":{"line":32,"column":54}},"15":{"start":{"line":33,"column":4},"end":{"line":33,"column":64}},"16":{"start":{"line":37,"column":0},"end":{"line":55,"column":2}},"17":{"start":{"line":38,"column":19},"end":{"line":38,"column":27}},"18":{"start":{"line":40,"column":2},"end":{"line":54,"column":3}},"19":{"start":{"line":41,"column":23},"end":{"line":41,"column":60}},"20":{"start":{"line":43,"column":4},"end":{"line":45,"column":5}},"21":{"start":{"line":44,"column":6},"end":{"line":44,"column":67}},"22":{"start":{"line":47,"column":4},"end":{"line":50,"column":7}},"23":{"start":{"line":52,"column":4},"end":{"line":52,"column":52}},"24":{"start":{"line":53,"column":4},"end":{"line":53,"column":64}},"25":{"start":{"line":57,"column":0},"end":{"line":76,"column":2}},"26":{"start":{"line":58,"column":18},"end":{"line":58,"column":37}},"27":{"start":{"line":59,"column":18},"end":{"line":59,"column":26}},"28":{"start":{"line":61,"column":2},"end":{"line":75,"column":3}},"29":{"start":{"line":62,"column":25},"end":{"line":62,"column":75}},"30":{"start":{"line":64,"column":4},"end":{"line":66,"column":5}},"31":{"start":{"line":65,"column":6},"end":{"line":65,"column":87}},"32":{"start":{"line":68,"column":4},"end":{"line":71,"column":7}},"33":{"start":{"line":73,"column":4},"end":{"line":73,"column":50}},"34":{"start":{"line":74,"column":4},"end":{"line":74,"column":64}},"35":{"start":{"line":78,"column":0},"end":{"line":93,"column":2}},"36":{"start":{"line":79,"column":23},"end":{"line":79,"column":33}},"37":{"start":{"line":81,"column":2},"end":{"line":92,"column":3}},"38":{"start":{"line":82,"column":19},"end":{"line":82,"column":61}},"39":{"start":{"line":84,"column":4},"end":{"line":86,"column":5}},"40":{"start":{"line":85,"column":6},"end":{"line":85,"column":67}},"41":{"start":{"line":88,"column":4},"end":{"line":88,"column":69}},"42":{"start":{"line":90,"column":4},"end":{"line":90,"column":50}},"43":{"start":{"line":91,"column":4},"end":{"line":91,"column":64}},"44":{"start":{"line":95,"column":0},"end":{"line":106,"column":2}},"45":{"start":{"line":96,"column":2},"end":{"line":105,"column":3}},"46":{"start":{"line":97,"column":18},"end":{"line":97,"column":49}},"47":{"start":{"line":98,"column":4},"end":{"line":101,"column":7}},"48":{"start":{"line":103,"column":4},"end":{"line":103,"column":60}},"49":{"start":{"line":104,"column":4},"end":{"line":104,"column":64}}},"fnMap":{"0":{"name":"(anonymous_0)","decl":{"start":{"line":4,"column":22},"end":{"line":4,"column":23}},"loc":{"start":{"line":4,"column":42},"end":{"line":22,"column":1}},"line":4},"1":{"name":"(anonymous_1)","decl":{"start":{"line":24,"column":24},"end":{"line":24,"column":25}},"loc":{"start":{"line":24,"column":44},"end":{"line":35,"column":1}},"line":24},"2":{"name":"(anonymous_2)","decl":{"start":{"line":37,"column":25},"end":{"line":37,"column":26}},"loc":{"start":{"line":37,"column":45},"end":{"line":55,"column":1}},"line":37},"3":{"name":"(anonymous_3)","decl":{"start":{"line":57,"column":22},"end":{"line":57,"column":23}},"loc":{"start":{"line":57,"column":42},"end":{"line":76,"column":1}},"line":57},"4":{"name":"(anonymous_4)","decl":{"start":{"line":78,"column":22},"end":{"line":78,"column":23}},"loc":{"start":{"line":78,"column":42},"end":{"line":93,"column":1}},"line":78},"5":{"name":"(anonymous_5)","decl":{"start":{"line":95,"column":24},"end":{"line":95,"column":25}},"loc":{"start":{"line":95,"column":44},"end":{"line":106,"column":1}},"line":95}},"branchMap":{"0":{"loc":{"start":{"line":8,"column":4},"end":{"line":10,"column":5}},"type":"if","locations":[{"start":{"line":8,"column":4},"end":{"line":10,"column":5}},{"start":{},"end":{}}],"line":8},"1":{"loc":{"start":{"line":43,"column":4},"end":{"line":45,"column":5}},"type":"if","locations":[{"start":{"line":43,"column":4},"end":{"line":45,"column":5}},{"start":{},"end":{}}],"line":43},"2":{"loc":{"start":{"line":64,"column":4},"end":{"line":66,"column":5}},"type":"if","locations":[{"start":{"line":64,"column":4},"end":{"line":66,"column":5}},{"start":{},"end":{}}],"line":64},"3":{"loc":{"start":{"line":84,"column":4},"end":{"line":86,"column":5}},"type":"if","locations":[{"start":{"line":84,"column":4},"end":{"line":86,"column":5}},{"start":{},"end":{}}],"line":84}},"s":{"0":1,"1":1,"2":8,"3":8,"4":8,"5":3,"6":5,"7":4,"8":1,"9":1,"10":1,"11":5,"12":5,"13":3,"14":2,"15":2,"16":1,"17":6,"18":6,"19":6,"20":5,"21":3,"22":2,"23":1,"24":1,"25":1,"26":5,"27":5,"28":5,"29":5,"30":4,"31":3,"32":1,"33":1,"34":1,"35":1,"36":5,"37":5,"38":5,"39":4,"40":2,"41":2,"42":1,"43":1,"44":1,"45":4,"46":4,"47":3,"48":1,"49":1},"f":{"0":8,"1":5,"2":6,"3":5,"4":5,"5":4},"b":{"0":[3,5],"1":[3,2],"2":[3,1],"3":[2,2]},"_coverageSchema":"1a1c01bbd47fc00a2c39e90264f33305004495a9","hash":"69a6deb62bfe76311327ff54fa69eafc9ecf872d"}
,"C:\\Users\\21277\\Desktop\\GTproject\\GrowTrackiiiiyyyy\\backend\\controllers\\adminControllers\\professorController.js": {"path":"C:\\Users\\21277\\Desktop\\GTproject\\GrowTrackiiiiyyyy\\backend\\controllers\\adminControllers\\professorController.js","statementMap":{"0":{"start":{"line":1,"column":15},"end":{"line":1,"column":32}},"1":{"start":{"line":2,"column":23},"end":{"line":2,"column":73}},"2":{"start":{"line":3,"column":23},"end":{"line":3,"column":38}},"3":{"start":{"line":6,"column":25},"end":{"line":8,"column":1}},"4":{"start":{"line":7,"column":2},"end":{"line":7,"column":75}},"5":{"start":{"line":10,"column":0},"end":{"line":60,"column":2}},"6":{"start":{"line":11,"column":2},"end":{"line":11,"column":44}},"7":{"start":{"line":12,"column":78},"end":{"line":12,"column":86}},"8":{"start":{"line":13,"column":20},"end":{"line":13,"column":51}},"9":{"start":{"line":15,"column":2},"end":{"line":59,"column":3}},"10":{"start":{"line":17,"column":23},"end":{"line":17,"column":29}},"11":{"start":{"line":18,"column":23},"end":{"line":18,"column":29}},"12":{"start":{"line":20,"column":4},"end":{"line":22,"column":5}},"13":{"start":{"line":21,"column":6},"end":{"line":21,"column":40}},"14":{"start":{"line":24,"column":4},"end":{"line":26,"column":5}},"15":{"start":{"line":25,"column":6},"end":{"line":25,"column":40}},"16":{"start":{"line":29,"column":4},"end":{"line":31,"column":5}},"17":{"start":{"line":30,"column":6},"end":{"line":30,"column":84}},"18":{"start":{"line":33,"column":4},"end":{"line":35,"column":5}},"19":{"start":{"line":34,"column":6},"end":{"line":34,"column":97}},"20":{"start":{"line":37,"column":20},"end":{"line":37,"column":28}},"21":{"start":{"line":38,"column":17},"end":{"line":38,"column":28}},"22":{"start":{"line":39,"column":27},"end":{"line":39,"column":54}},"23":{"start":{"line":41,"column":22},"end":{"line":43,"column":5}},"24":{"start":{"line":45,"column":4},"end":{"line":48,"column":7}},"25":{"start":{"line":51,"column":4},"end":{"line":55,"column":5}},"26":{"start":{"line":52,"column":6},"end":{"line":54,"column":9}},"27":{"start":{"line":56,"column":4},"end":{"line":56,"column":74}},"28":{"start":{"line":57,"column":4},"end":{"line":57,"column":42}},"29":{"start":{"line":58,"column":4},"end":{"line":58,"column":88}},"30":{"start":{"line":62,"column":0},"end":{"line":90,"column":2}},"31":{"start":{"line":63,"column":2},"end":{"line":89,"column":3}},"32":{"start":{"line":64,"column":23},"end":{"line":64,"column":61}},"33":{"start":{"line":66,"column":4},"end":{"line":71,"column":5}},"34":{"start":{"line":67,"column":6},"end":{"line":70,"column":9}},"35":{"start":{"line":74,"column":30},"end":{"line":77,"column":7}},"36":{"start":{"line":74,"column":59},"end":{"line":77,"column":5}},"37":{"start":{"line":79,"column":4},"end":{"line":82,"column":7}},"38":{"start":{"line":85,"column":4},"end":{"line":85,"column":57}},"39":{"start":{"line":86,"column":4},"end":{"line":88,"column":7}},"40":{"start":{"line":92,"column":0},"end":{"line":119,"column":2}},"41":{"start":{"line":93,"column":18},"end":{"line":93,"column":26}},"42":{"start":{"line":95,"column":2},"end":{"line":118,"column":3}},"43":{"start":{"line":96,"column":22},"end":{"line":96,"column":65}},"44":{"start":{"line":98,"column":4},"end":{"line":103,"column":5}},"45":{"start":{"line":99,"column":6},"end":{"line":102,"column":9}},"46":{"start":{"line":106,"column":4},"end":{"line":106,"column":80}},"47":{"start":{"line":108,"column":4},"end":{"line":111,"column":7}},"48":{"start":{"line":114,"column":4},"end":{"line":114,"column":63}},"49":{"start":{"line":115,"column":4},"end":{"line":117,"column":7}},"50":{"start":{"line":121,"column":0},"end":{"line":148,"column":2}},"51":{"start":{"line":122,"column":17},"end":{"line":122,"column":40}},"52":{"start":{"line":123,"column":18},"end":{"line":123,"column":26}},"53":{"start":{"line":124,"column":20},"end":{"line":124,"column":51}},"54":{"start":{"line":126,"column":4},"end":{"line":128,"column":5}},"55":{"start":{"line":127,"column":6},"end":{"line":127,"column":42}},"56":{"start":{"line":130,"column":2},"end":{"line":130,"column":30}},"57":{"start":{"line":131,"column":2},"end":{"line":131,"column":36}},"58":{"start":{"line":133,"column":2},"end":{"line":147,"column":3}},"59":{"start":{"line":134,"column":24},"end":{"line":134,"column":81}},"60":{"start":{"line":136,"column":4},"end":{"line":138,"column":5}},"61":{"start":{"line":137,"column":6},"end":{"line":137,"column":93}},"62":{"start":{"line":140,"column":4},"end":{"line":143,"column":7}},"63":{"start":{"line":145,"column":4},"end":{"line":145,"column":58}},"64":{"start":{"line":146,"column":4},"end":{"line":146,"column":64}},"65":{"start":{"line":150,"column":0},"end":{"line":171,"column":2}},"66":{"start":{"line":151,"column":24},"end":{"line":151,"column":34}},"67":{"start":{"line":153,"column":2},"end":{"line":170,"column":3}},"68":{"start":{"line":154,"column":19},"end":{"line":154,"column":70}},"69":{"start":{"line":156,"column":4},"end":{"line":160,"column":5}},"70":{"start":{"line":157,"column":6},"end":{"line":159,"column":9}},"71":{"start":{"line":162,"column":4},"end":{"line":164,"column":7}},"72":{"start":{"line":166,"column":4},"end":{"line":166,"column":54}},"73":{"start":{"line":167,"column":4},"end":{"line":169,"column":7}},"74":{"start":{"line":173,"column":0},"end":{"line":188,"column":2}},"75":{"start":{"line":174,"column":2},"end":{"line":187,"column":3}},"76":{"start":{"line":175,"column":18},"end":{"line":175,"column":46}},"77":{"start":{"line":177,"column":4},"end":{"line":180,"column":7}},"78":{"start":{"line":183,"column":4},"end":{"line":183,"column":73}},"79":{"start":{"line":184,"column":4},"end":{"line":186,"column":7}},"80":{"start":{"line":190,"column":0},"end":{"line":212,"column":2}},"81":{"start":{"line":191,"column":21},"end":{"line":191,"column":29}},"82":{"start":{"line":193,"column":2},"end":{"line":211,"column":3}},"83":{"start":{"line":194,"column":23},"end":{"line":194,"column":72}},"84":{"start":{"line":196,"column":30},"end":{"line":199,"column":7}},"85":{"start":{"line":196,"column":59},"end":{"line":199,"column":5}},"86":{"start":{"line":201,"column":4},"end":{"line":204,"column":7}},"87":{"start":{"line":207,"column":4},"end":{"line":207,"column":66}},"88":{"start":{"line":208,"column":4},"end":{"line":210,"column":7}},"89":{"start":{"line":214,"column":0},"end":{"line":236,"column":2}},"90":{"start":{"line":215,"column":21},"end":{"line":215,"column":29}},"91":{"start":{"line":217,"column":2},"end":{"line":235,"column":3}},"92":{"start":{"line":218,"column":23},"end":{"line":218,"column":71}},"93":{"start":{"line":220,"column":30},"end":{"line":223,"column":7}},"94":{"start":{"line":220,"column":59},"end":{"line":223,"column":5}},"95":{"start":{"line":225,"column":4},"end":{"line":228,"column":7}},"96":{"start":{"line":231,"column":4},"end":{"line":231,"column":67}},"97":{"start":{"line":232,"column":4},"end":{"line":234,"column":7}}},"fnMap":{"0":{"name":"(anonymous_0)","decl":{"start":{"line":6,"column":25},"end":{"line":6,"column":26}},"loc":{"start":{"line":6,"column":35},"end":{"line":8,"column":1}},"line":6},"1":{"name":"(anonymous_1)","decl":{"start":{"line":10,"column":26},"end":{"line":10,"column":27}},"loc":{"start":{"line":10,"column":46},"end":{"line":60,"column":1}},"line":10},"2":{"name":"(anonymous_2)","decl":{"start":{"line":62,"column":26},"end":{"line":62,"column":27}},"loc":{"start":{"line":62,"column":46},"end":{"line":90,"column":1}},"line":62},"3":{"name":"(anonymous_3)","decl":{"start":{"line":74,"column":45},"end":{"line":74,"column":46}},"loc":{"start":{"line":74,"column":59},"end":{"line":77,"column":5}},"line":74},"4":{"name":"(anonymous_4)","decl":{"start":{"line":92,"column":28},"end":{"line":92,"column":29}},"loc":{"start":{"line":92,"column":48},"end":{"line":119,"column":1}},"line":92},"5":{"name":"(anonymous_5)","decl":{"start":{"line":121,"column":26},"end":{"line":121,"column":27}},"loc":{"start":{"line":121,"column":46},"end":{"line":148,"column":1}},"line":121},"6":{"name":"(anonymous_6)","decl":{"start":{"line":150,"column":26},"end":{"line":150,"column":27}},"loc":{"start":{"line":150,"column":46},"end":{"line":171,"column":1}},"line":150},"7":{"name":"(anonymous_7)","decl":{"start":{"line":173,"column":29},"end":{"line":173,"column":30}},"loc":{"start":{"line":173,"column":49},"end":{"line":188,"column":1}},"line":173},"8":{"name":"(anonymous_8)","decl":{"start":{"line":190,"column":31},"end":{"line":190,"column":32}},"loc":{"start":{"line":190,"column":51},"end":{"line":212,"column":1}},"line":190},"9":{"name":"(anonymous_9)","decl":{"start":{"line":196,"column":45},"end":{"line":196,"column":46}},"loc":{"start":{"line":196,"column":59},"end":{"line":199,"column":5}},"line":196},"10":{"name":"(anonymous_10)","decl":{"start":{"line":214,"column":32},"end":{"line":214,"column":33}},"loc":{"start":{"line":214,"column":52},"end":{"line":236,"column":1}},"line":214},"11":{"name":"(anonymous_11)","decl":{"start":{"line":220,"column":45},"end":{"line":220,"column":46}},"loc":{"start":{"line":220,"column":59},"end":{"line":223,"column":5}},"line":220}},"branchMap":{"0":{"loc":{"start":{"line":7,"column":9},"end":{"line":7,"column":74}},"type":"cond-expr","locations":[{"start":{"line":7,"column":16},"end":{"line":7,"column":67}},{"start":{"line":7,"column":70},"end":{"line":7,"column":74}}],"line":7},"1":{"loc":{"start":{"line":13,"column":20},"end":{"line":13,"column":51}},"type":"cond-expr","locations":[{"start":{"line":13,"column":31},"end":{"line":13,"column":44}},{"start":{"line":13,"column":47},"end":{"line":13,"column":51}}],"line":13},"2":{"loc":{"start":{"line":20,"column":4},"end":{"line":22,"column":5}},"type":"if","locations":[{"start":{"line":20,"column":4},"end":{"line":22,"column":5}},{"start":{},"end":{}}],"line":20},"3":{"loc":{"start":{"line":24,"column":4},"end":{"line":26,"column":5}},"type":"if","locations":[{"start":{"line":24,"column":4},"end":{"line":26,"column":5}},{"start":{},"end":{}}],"line":24},"4":{"loc":{"start":{"line":29,"column":4},"end":{"line":31,"column":5}},"type":"if","locations":[{"start":{"line":29,"column":4},"end":{"line":31,"column":5}},{"start":{},"end":{}}],"line":29},"5":{"loc":{"start":{"line":29,"column":8},"end":{"line":29,"column":68}},"type":"binary-expr","locations":[{"start":{"line":29,"column":8},"end":{"line":29,"column":36}},{"start":{"line":29,"column":40},"end":{"line":29,"column":68}}],"line":29},"6":{"loc":{"start":{"line":33,"column":4},"end":{"line":35,"column":5}},"type":"if","locations":[{"start":{"line":33,"column":4},"end":{"line":35,"column":5}},{"start":{},"end":{}}],"line":33},"7":{"loc":{"start":{"line":51,"column":4},"end":{"line":55,"column":5}},"type":"if","locations":[{"start":{"line":51,"column":4},"end":{"line":55,"column":5}},{"start":{},"end":{}}],"line":51},"8":{"loc":{"start":{"line":66,"column":4},"end":{"line":71,"column":5}},"type":"if","locations":[{"start":{"line":66,"column":4},"end":{"line":71,"column":5}},{"start":{},"end":{}}],"line":66},"9":{"loc":{"start":{"line":98,"column":4},"end":{"line":103,"column":5}},"type":"if","locations":[{"start":{"line":98,"column":4},"end":{"line":103,"column":5}},{"start":{},"end":{}}],"line":98},"10":{"loc":{"start":{"line":124,"column":20},"end":{"line":124,"column":51}},"type":"cond-expr","locations":[{"start":{"line":124,"column":31},"end":{"line":124,"column":44}},{"start":{"line":124,"column":47},"end":{"line":124,"column":51}}],"line":124},"11":{"loc":{"start":{"line":126,"column":4},"end":{"line":128,"column":5}},"type":"if","locations":[{"start":{"line":126,"column":4},"end":{"line":128,"column":5}},{"start":{},"end":{}}],"line":126},"12":{"loc":{"start":{"line":136,"column":4},"end":{"line":138,"column":5}},"type":"if","locations":[{"start":{"line":136,"column":4},"end":{"line":138,"column":5}},{"start":{},"end":{}}],"line":136},"13":{"loc":{"start":{"line":156,"column":4},"end":{"line":160,"column":5}},"type":"if","locations":[{"start":{"line":156,"column":4},"end":{"line":160,"column":5}},{"start":{},"end":{}}],"line":156}},"s":{"0":1,"1":1,"2":1,"3":1,"4":6,"5":1,"6":12,"7":12,"8":12,"9":12,"10":12,"11":12,"12":12,"13":2,"14":11,"15":3,"16":9,"17":1,"18":8,"19":1,"20":7,"21":7,"22":7,"23":6,"24":4,"25":6,"26":1,"27":5,"28":5,"29":5,"30":1,"31":4,"32":4,"33":3,"34":1,"35":2,"36":3,"37":2,"38":1,"39":1,"40":1,"41":4,"42":4,"43":4,"44":2,"45":1,"46":1,"47":1,"48":2,"49":2,"50":1,"51":4,"52":4,"53":4,"54":4,"55":1,"56":4,"57":4,"58":4,"59":4,"60":3,"61":1,"62":2,"63":1,"64":1,"65":1,"66":3,"67":3,"68":3,"69":2,"70":1,"71":1,"72":1,"73":1,"74":1,"75":3,"76":3,"77":2,"78":1,"79":1,"80":1,"81":2,"82":2,"83":2,"84":1,"85":1,"86":1,"87":1,"88":1,"89":1,"90":2,"91":2,"92":2,"93":1,"94":1,"95":1,"96":1,"97":1},"f":{"0":6,"1":12,"2":4,"3":3,"4":4,"5":4,"6":3,"7":3,"8":2,"9":1,"10":2,"11":1},"b":{"0":[4,2],"1":[1,11],"2":[2,10],"3":[3,8],"4":[1,8],"5":[9,9],"6":[1,7],"7":[1,5],"8":[1,2],"9":[1,1],"10":[1,3],"11":[1,3],"12":[1,2],"13":[1,1]},"_coverageSchema":"1a1c01bbd47fc00a2c39e90264f33305004495a9","hash":"6b890a59812927b186851e73e2a39a83a15603b8"}
,"C:\\Users\\21277\\Desktop\\GTproject\\GrowTrackiiiiyyyy\\backend\\controllers\\adminControllers\\skillController.js": {"path":"C:\\Users\\21277\\Desktop\\GTproject\\GrowTrackiiiiyyyy\\backend\\controllers\\adminControllers\\skillController.js","statementMap":{"0":{"start":{"line":1,"column":19},"end":{"line":1,"column":65}},"1":{"start":{"line":3,"column":0},"end":{"line":34,"column":2}},"2":{"start":{"line":4,"column":2},"end":{"line":4,"column":42}},"3":{"start":{"line":6,"column":87},"end":{"line":6,"column":95}},"4":{"start":{"line":8,"column":2},"end":{"line":33,"column":3}},"5":{"start":{"line":9,"column":18},"end":{"line":16,"column":5}},"6":{"start":{"line":18,"column":4},"end":{"line":21,"column":7}},"7":{"start":{"line":24,"column":4},"end":{"line":28,"column":5}},"8":{"start":{"line":25,"column":6},"end":{"line":27,"column":9}},"9":{"start":{"line":29,"column":4},"end":{"line":29,"column":58}},"10":{"start":{"line":30,"column":4},"end":{"line":32,"column":7}},"11":{"start":{"line":36,"column":0},"end":{"line":51,"column":2}},"12":{"start":{"line":37,"column":2},"end":{"line":50,"column":3}},"13":{"start":{"line":38,"column":19},"end":{"line":38,"column":50}},"14":{"start":{"line":40,"column":4},"end":{"line":43,"column":7}},"15":{"start":{"line":46,"column":4},"end":{"line":46,"column":61}},"16":{"start":{"line":47,"column":4},"end":{"line":49,"column":7}},"17":{"start":{"line":53,"column":0},"end":{"line":80,"column":2}},"18":{"start":{"line":54,"column":25},"end":{"line":54,"column":35}},"19":{"start":{"line":55,"column":18},"end":{"line":55,"column":26}},"20":{"start":{"line":57,"column":2},"end":{"line":57,"column":41}},"21":{"start":{"line":59,"column":2},"end":{"line":79,"column":3}},"22":{"start":{"line":60,"column":25},"end":{"line":60,"column":78}},"23":{"start":{"line":61,"column":4},"end":{"line":61,"column":29}},"24":{"start":{"line":63,"column":4},"end":{"line":67,"column":5}},"25":{"start":{"line":64,"column":6},"end":{"line":66,"column":9}},"26":{"start":{"line":69,"column":4},"end":{"line":72,"column":7}},"27":{"start":{"line":75,"column":4},"end":{"line":75,"column":58}},"28":{"start":{"line":76,"column":4},"end":{"line":78,"column":7}},"29":{"start":{"line":82,"column":0},"end":{"line":104,"column":2}},"30":{"start":{"line":83,"column":25},"end":{"line":83,"column":35}},"31":{"start":{"line":85,"column":2},"end":{"line":103,"column":3}},"32":{"start":{"line":86,"column":19},"end":{"line":86,"column":63}},"33":{"start":{"line":88,"column":4},"end":{"line":92,"column":5}},"34":{"start":{"line":89,"column":6},"end":{"line":91,"column":9}},"35":{"start":{"line":94,"column":4},"end":{"line":96,"column":7}},"36":{"start":{"line":99,"column":4},"end":{"line":99,"column":58}},"37":{"start":{"line":100,"column":4},"end":{"line":102,"column":7}},"38":{"start":{"line":106,"column":0},"end":{"line":121,"column":2}},"39":{"start":{"line":107,"column":2},"end":{"line":120,"column":3}},"40":{"start":{"line":108,"column":18},"end":{"line":108,"column":42}},"41":{"start":{"line":110,"column":4},"end":{"line":113,"column":7}},"42":{"start":{"line":116,"column":4},"end":{"line":116,"column":77}},"43":{"start":{"line":117,"column":4},"end":{"line":119,"column":7}}},"fnMap":{"0":{"name":"(anonymous_0)","decl":{"start":{"line":3,"column":22},"end":{"line":3,"column":23}},"loc":{"start":{"line":3,"column":42},"end":{"line":34,"column":1}},"line":3},"1":{"name":"(anonymous_1)","decl":{"start":{"line":36,"column":23},"end":{"line":36,"column":24}},"loc":{"start":{"line":36,"column":43},"end":{"line":51,"column":1}},"line":36},"2":{"name":"(anonymous_2)","decl":{"start":{"line":53,"column":22},"end":{"line":53,"column":23}},"loc":{"start":{"line":53,"column":42},"end":{"line":80,"column":1}},"line":53},"3":{"name":"(anonymous_3)","decl":{"start":{"line":82,"column":22},"end":{"line":82,"column":23}},"loc":{"start":{"line":82,"column":42},"end":{"line":104,"column":1}},"line":82},"4":{"name":"(anonymous_4)","decl":{"start":{"line":106,"column":25},"end":{"line":106,"column":26}},"loc":{"start":{"line":106,"column":45},"end":{"line":121,"column":1}},"line":106}},"branchMap":{"0":{"loc":{"start":{"line":24,"column":4},"end":{"line":28,"column":5}},"type":"if","locations":[{"start":{"line":24,"column":4},"end":{"line":28,"column":5}},{"start":{},"end":{}}],"line":24},"1":{"loc":{"start":{"line":41,"column":15},"end":{"line":41,"column":84}},"type":"cond-expr","locations":[{"start":{"line":41,"column":31},"end":{"line":41,"column":63}},{"start":{"line":41,"column":66},"end":{"line":41,"column":84}}],"line":41},"2":{"loc":{"start":{"line":63,"column":4},"end":{"line":67,"column":5}},"type":"if","locations":[{"start":{"line":63,"column":4},"end":{"line":67,"column":5}},{"start":{},"end":{}}],"line":63},"3":{"loc":{"start":{"line":88,"column":4},"end":{"line":92,"column":5}},"type":"if","locations":[{"start":{"line":88,"column":4},"end":{"line":92,"column":5}},{"start":{},"end":{}}],"line":88}},"s":{"0":1,"1":1,"2":5,"3":5,"4":5,"5":5,"6":1,"7":4,"8":1,"9":3,"10":3,"11":1,"12":3,"13":3,"14":2,"15":1,"16":1,"17":1,"18":4,"19":4,"20":4,"21":4,"22":4,"23":3,"24":3,"25":2,"26":1,"27":1,"28":1,"29":1,"30":3,"31":3,"32":3,"33":2,"34":1,"35":1,"36":1,"37":1,"38":1,"39":3,"40":3,"41":2,"42":1,"43":1},"f":{"0":5,"1":3,"2":4,"3":3,"4":3},"b":{"0":[1,3],"1":[1,1],"2":[2,1],"3":[1,1]},"_coverageSchema":"1a1c01bbd47fc00a2c39e90264f33305004495a9","hash":"f30ebf8fb75af765fe24c13a824a3df4de7351e4"}
,"C:\\Users\\21277\\Desktop\\GTproject\\GrowTrackiiiiyyyy\\backend\\controllers\\adminControllers\\studentController.js": {"path":"C:\\Users\\21277\\Desktop\\GTproject\\GrowTrackiiiiyyyy\\backend\\controllers\\adminControllers\\studentController.js","statementMap":{"0":{"start":{"line":2,"column":15},"end":{"line":2,"column":32}},"1":{"start":{"line":3,"column":21},"end":{"line":3,"column":69}},"2":{"start":{"line":4,"column":23},"end":{"line":4,"column":38}},"3":{"start":{"line":7,"column":25},"end":{"line":9,"column":1}},"4":{"start":{"line":8,"column":2},"end":{"line":8,"column":75}},"5":{"start":{"line":13,"column":0},"end":{"line":43,"column":2}},"6":{"start":{"line":14,"column":2},"end":{"line":14,"column":44}},"7":{"start":{"line":15,"column":60},"end":{"line":15,"column":68}},"8":{"start":{"line":16,"column":20},"end":{"line":16,"column":51}},"9":{"start":{"line":18,"column":2},"end":{"line":42,"column":3}},"10":{"start":{"line":19,"column":20},"end":{"line":19,"column":28}},"11":{"start":{"line":20,"column":17},"end":{"line":20,"column":26}},"12":{"start":{"line":21,"column":17},"end":{"line":21,"column":41}},"13":{"start":{"line":22,"column":27},"end":{"line":22,"column":56}},"14":{"start":{"line":24,"column":20},"end":{"line":24,"column":134}},"15":{"start":{"line":26,"column":4},"end":{"line":29,"column":7}},"16":{"start":{"line":32,"column":4},"end":{"line":36,"column":5}},"17":{"start":{"line":33,"column":6},"end":{"line":35,"column":9}},"18":{"start":{"line":37,"column":4},"end":{"line":37,"column":72}},"19":{"start":{"line":40,"column":4},"end":{"line":40,"column":42}},"20":{"start":{"line":41,"column":4},"end":{"line":41,"column":88}},"21":{"start":{"line":45,"column":0},"end":{"line":73,"column":4}},"22":{"start":{"line":46,"column":4},"end":{"line":72,"column":5}},"23":{"start":{"line":47,"column":23},"end":{"line":47,"column":58}},"24":{"start":{"line":49,"column":6},"end":{"line":54,"column":7}},"25":{"start":{"line":50,"column":8},"end":{"line":53,"column":11}},"26":{"start":{"line":57,"column":30},"end":{"line":60,"column":9}},"27":{"start":{"line":57,"column":55},"end":{"line":60,"column":7}},"28":{"start":{"line":62,"column":4},"end":{"line":65,"column":7}},"29":{"start":{"line":68,"column":6},"end":{"line":68,"column":57}},"30":{"start":{"line":69,"column":6},"end":{"line":71,"column":9}},"31":{"start":{"line":76,"column":0},"end":{"line":101,"column":4}},"32":{"start":{"line":77,"column":17},"end":{"line":77,"column":30}},"33":{"start":{"line":79,"column":4},"end":{"line":100,"column":5}},"34":{"start":{"line":80,"column":22},"end":{"line":80,"column":61}},"35":{"start":{"line":82,"column":6},"end":{"line":87,"column":7}},"36":{"start":{"line":83,"column":8},"end":{"line":86,"column":11}},"37":{"start":{"line":88,"column":6},"end":{"line":88,"column":78}},"38":{"start":{"line":90,"column":6},"end":{"line":93,"column":9}},"39":{"start":{"line":96,"column":6},"end":{"line":96,"column":62}},"40":{"start":{"line":97,"column":6},"end":{"line":99,"column":9}},"41":{"start":{"line":103,"column":2},"end":{"line":130,"column":4}},"42":{"start":{"line":104,"column":19},"end":{"line":104,"column":40}},"43":{"start":{"line":105,"column":20},"end":{"line":105,"column":35}},"44":{"start":{"line":106,"column":22},"end":{"line":106,"column":53}},"45":{"start":{"line":108,"column":4},"end":{"line":110,"column":5}},"46":{"start":{"line":109,"column":6},"end":{"line":109,"column":42}},"47":{"start":{"line":112,"column":4},"end":{"line":112,"column":32}},"48":{"start":{"line":113,"column":4},"end":{"line":113,"column":38}},"49":{"start":{"line":115,"column":4},"end":{"line":129,"column":5}},"50":{"start":{"line":116,"column":26},"end":{"line":116,"column":79}},"51":{"start":{"line":118,"column":6},"end":{"line":120,"column":7}},"52":{"start":{"line":119,"column":8},"end":{"line":119,"column":99}},"53":{"start":{"line":122,"column":6},"end":{"line":125,"column":9}},"54":{"start":{"line":127,"column":6},"end":{"line":127,"column":60}},"55":{"start":{"line":128,"column":6},"end":{"line":128,"column":59}},"56":{"start":{"line":134,"column":0},"end":{"line":156,"column":4}},"57":{"start":{"line":135,"column":26},"end":{"line":135,"column":36}},"58":{"start":{"line":136,"column":4},"end":{"line":136,"column":26}},"59":{"start":{"line":138,"column":4},"end":{"line":155,"column":5}},"60":{"start":{"line":139,"column":21},"end":{"line":139,"column":68}},"61":{"start":{"line":141,"column":6},"end":{"line":145,"column":7}},"62":{"start":{"line":142,"column":8},"end":{"line":144,"column":11}},"63":{"start":{"line":147,"column":6},"end":{"line":149,"column":9}},"64":{"start":{"line":151,"column":6},"end":{"line":151,"column":54}},"65":{"start":{"line":152,"column":6},"end":{"line":154,"column":9}},"66":{"start":{"line":159,"column":2},"end":{"line":174,"column":4}},"67":{"start":{"line":160,"column":4},"end":{"line":173,"column":5}},"68":{"start":{"line":161,"column":20},"end":{"line":161,"column":46}},"69":{"start":{"line":163,"column":6},"end":{"line":166,"column":9}},"70":{"start":{"line":169,"column":6},"end":{"line":169,"column":73}},"71":{"start":{"line":170,"column":6},"end":{"line":172,"column":9}},"72":{"start":{"line":176,"column":2},"end":{"line":199,"column":4}},"73":{"start":{"line":177,"column":23},"end":{"line":177,"column":31}},"74":{"start":{"line":179,"column":4},"end":{"line":198,"column":5}},"75":{"start":{"line":180,"column":23},"end":{"line":180,"column":68}},"76":{"start":{"line":182,"column":30},"end":{"line":185,"column":9}},"77":{"start":{"line":182,"column":55},"end":{"line":185,"column":7}},"78":{"start":{"line":187,"column":6},"end":{"line":190,"column":9}},"79":{"start":{"line":194,"column":6},"end":{"line":194,"column":66}},"80":{"start":{"line":195,"column":6},"end":{"line":197,"column":9}},"81":{"start":{"line":201,"column":2},"end":{"line":223,"column":4}},"82":{"start":{"line":202,"column":23},"end":{"line":202,"column":31}},"83":{"start":{"line":204,"column":4},"end":{"line":222,"column":5}},"84":{"start":{"line":205,"column":23},"end":{"line":205,"column":69}},"85":{"start":{"line":207,"column":30},"end":{"line":210,"column":9}},"86":{"start":{"line":207,"column":55},"end":{"line":210,"column":7}},"87":{"start":{"line":212,"column":6},"end":{"line":215,"column":9}},"88":{"start":{"line":218,"column":6},"end":{"line":218,"column":67}},"89":{"start":{"line":219,"column":6},"end":{"line":221,"column":9}}},"fnMap":{"0":{"name":"(anonymous_0)","decl":{"start":{"line":7,"column":25},"end":{"line":7,"column":26}},"loc":{"start":{"line":7,"column":35},"end":{"line":9,"column":1}},"line":7},"1":{"name":"(anonymous_1)","decl":{"start":{"line":13,"column":24},"end":{"line":13,"column":25}},"loc":{"start":{"line":13,"column":44},"end":{"line":43,"column":1}},"line":13},"2":{"name":"(anonymous_2)","decl":{"start":{"line":45,"column":25},"end":{"line":45,"column":26}},"loc":{"start":{"line":45,"column":45},"end":{"line":73,"column":3}},"line":45},"3":{"name":"(anonymous_3)","decl":{"start":{"line":57,"column":43},"end":{"line":57,"column":44}},"loc":{"start":{"line":57,"column":55},"end":{"line":60,"column":7}},"line":57},"4":{"name":"(anonymous_4)","decl":{"start":{"line":76,"column":26},"end":{"line":76,"column":27}},"loc":{"start":{"line":76,"column":46},"end":{"line":101,"column":3}},"line":76},"5":{"name":"(anonymous_5)","decl":{"start":{"line":103,"column":26},"end":{"line":103,"column":27}},"loc":{"start":{"line":103,"column":46},"end":{"line":130,"column":3}},"line":103},"6":{"name":"(anonymous_6)","decl":{"start":{"line":134,"column":24},"end":{"line":134,"column":25}},"loc":{"start":{"line":134,"column":44},"end":{"line":156,"column":3}},"line":134},"7":{"name":"(anonymous_7)","decl":{"start":{"line":159,"column":29},"end":{"line":159,"column":30}},"loc":{"start":{"line":159,"column":49},"end":{"line":174,"column":3}},"line":159},"8":{"name":"(anonymous_8)","decl":{"start":{"line":176,"column":31},"end":{"line":176,"column":32}},"loc":{"start":{"line":176,"column":51},"end":{"line":199,"column":3}},"line":176},"9":{"name":"(anonymous_9)","decl":{"start":{"line":182,"column":43},"end":{"line":182,"column":44}},"loc":{"start":{"line":182,"column":55},"end":{"line":185,"column":7}},"line":182},"10":{"name":"(anonymous_10)","decl":{"start":{"line":201,"column":32},"end":{"line":201,"column":33}},"loc":{"start":{"line":201,"column":52},"end":{"line":223,"column":3}},"line":201},"11":{"name":"(anonymous_11)","decl":{"start":{"line":207,"column":43},"end":{"line":207,"column":44}},"loc":{"start":{"line":207,"column":55},"end":{"line":210,"column":7}},"line":207}},"branchMap":{"0":{"loc":{"start":{"line":8,"column":9},"end":{"line":8,"column":74}},"type":"cond-expr","locations":[{"start":{"line":8,"column":16},"end":{"line":8,"column":67}},{"start":{"line":8,"column":70},"end":{"line":8,"column":74}}],"line":8},"1":{"loc":{"start":{"line":16,"column":20},"end":{"line":16,"column":51}},"type":"cond-expr","locations":[{"start":{"line":16,"column":31},"end":{"line":16,"column":44}},{"start":{"line":16,"column":47},"end":{"line":16,"column":51}}],"line":16},"2":{"loc":{"start":{"line":32,"column":4},"end":{"line":36,"column":5}},"type":"if","locations":[{"start":{"line":32,"column":4},"end":{"line":36,"column":5}},{"start":{},"end":{}}],"line":32},"3":{"loc":{"start":{"line":49,"column":6},"end":{"line":54,"column":7}},"type":"if","locations":[{"start":{"line":49,"column":6},"end":{"line":54,"column":7}},{"start":{},"end":{}}],"line":49},"4":{"loc":{"start":{"line":82,"column":6},"end":{"line":87,"column":7}},"type":"if","locations":[{"start":{"line":82,"column":6},"end":{"line":87,"column":7}},{"start":{},"end":{}}],"line":82},"5":{"loc":{"start":{"line":106,"column":22},"end":{"line":106,"column":53}},"type":"cond-expr","locations":[{"start":{"line":106,"column":33},"end":{"line":106,"column":46}},{"start":{"line":106,"column":49},"end":{"line":106,"column":53}}],"line":106},"6":{"loc":{"start":{"line":108,"column":4},"end":{"line":110,"column":5}},"type":"if","locations":[{"start":{"line":108,"column":4},"end":{"line":110,"column":5}},{"start":{},"end":{}}],"line":108},"7":{"loc":{"start":{"line":118,"column":6},"end":{"line":120,"column":7}},"type":"if","locations":[{"start":{"line":118,"column":6},"end":{"line":120,"column":7}},{"start":{},"end":{}}],"line":118},"8":{"loc":{"start":{"line":141,"column":6},"end":{"line":145,"column":7}},"type":"if","locations":[{"start":{"line":141,"column":6},"end":{"line":145,"column":7}},{"start":{},"end":{}}],"line":141}},"s":{"0":1,"1":1,"2":1,"3":1,"4":5,"5":1,"6":4,"7":4,"8":4,"9":4,"10":4,"11":4,"12":4,"13":4,"14":3,"15":1,"16":3,"17":1,"18":2,"19":2,"20":2,"21":1,"22":3,"23":3,"24":2,"25":1,"26":1,"27":2,"28":1,"29":1,"30":1,"31":1,"32":4,"33":4,"34":4,"35":3,"36":2,"37":1,"38":1,"39":1,"40":1,"41":1,"42":5,"43":5,"44":5,"45":5,"46":1,"47":5,"48":5,"49":5,"50":5,"51":4,"52":2,"53":2,"54":1,"55":1,"56":1,"57":4,"58":4,"59":4,"60":4,"61":3,"62":2,"63":1,"64":1,"65":1,"66":1,"67":2,"68":2,"69":1,"70":1,"71":1,"72":1,"73":3,"74":3,"75":3,"76":2,"77":1,"78":2,"79":1,"80":1,"81":1,"82":3,"83":3,"84":3,"85":2,"86":1,"87":2,"88":1,"89":1},"f":{"0":5,"1":4,"2":3,"3":2,"4":4,"5":5,"6":4,"7":2,"8":3,"9":1,"10":3,"11":1},"b":{"0":[4,1],"1":[1,3],"2":[1,2],"3":[1,1],"4":[2,1],"5":[1,4],"6":[1,4],"7":[2,2],"8":[2,1]},"_coverageSchema":"1a1c01bbd47fc00a2c39e90264f33305004495a9","hash":"a89a1d7bd424d67fb5f1f0b53d605c4d2d001bf9"}
,"C:\\Users\\21277\\Desktop\\GTproject\\GrowTrackiiiiyyyy\\backend\\controllers\\adminControllers\\supervisorController.js": {"path":"C:\\Users\\21277\\Desktop\\GTproject\\GrowTrackiiiiyyyy\\backend\\controllers\\adminControllers\\supervisorController.js","statementMap":{"0":{"start":{"line":1,"column":15},"end":{"line":1,"column":32}},"1":{"start":{"line":2,"column":24},"end":{"line":2,"column":75}},"2":{"start":{"line":3,"column":23},"end":{"line":3,"column":38}},"3":{"start":{"line":6,"column":25},"end":{"line":8,"column":1}},"4":{"start":{"line":7,"column":2},"end":{"line":7,"column":75}},"5":{"start":{"line":10,"column":0},"end":{"line":38,"column":2}},"6":{"start":{"line":11,"column":2},"end":{"line":11,"column":42}},"7":{"start":{"line":12,"column":126},"end":{"line":12,"column":134}},"8":{"start":{"line":13,"column":20},"end":{"line":13,"column":51}},"9":{"start":{"line":15,"column":2},"end":{"line":37,"column":3}},"10":{"start":{"line":16,"column":20},"end":{"line":16,"column":28}},"11":{"start":{"line":17,"column":17},"end":{"line":17,"column":29}},"12":{"start":{"line":18,"column":27},"end":{"line":18,"column":54}},"13":{"start":{"line":20,"column":24},"end":{"line":22,"column":5}},"14":{"start":{"line":24,"column":4},"end":{"line":27,"column":7}},"15":{"start":{"line":30,"column":4},"end":{"line":34,"column":5}},"16":{"start":{"line":31,"column":6},"end":{"line":33,"column":9}},"17":{"start":{"line":35,"column":4},"end":{"line":35,"column":67}},"18":{"start":{"line":36,"column":4},"end":{"line":36,"column":88}},"19":{"start":{"line":40,"column":0},"end":{"line":68,"column":2}},"20":{"start":{"line":41,"column":2},"end":{"line":67,"column":3}},"21":{"start":{"line":42,"column":24},"end":{"line":42,"column":65}},"22":{"start":{"line":44,"column":4},"end":{"line":49,"column":5}},"23":{"start":{"line":45,"column":6},"end":{"line":48,"column":9}},"24":{"start":{"line":52,"column":31},"end":{"line":55,"column":7}},"25":{"start":{"line":52,"column":62},"end":{"line":55,"column":5}},"26":{"start":{"line":57,"column":4},"end":{"line":60,"column":7}},"27":{"start":{"line":63,"column":4},"end":{"line":63,"column":58}},"28":{"start":{"line":64,"column":4},"end":{"line":66,"column":7}},"29":{"start":{"line":70,"column":0},"end":{"line":97,"column":2}},"30":{"start":{"line":71,"column":18},"end":{"line":71,"column":26}},"31":{"start":{"line":73,"column":2},"end":{"line":96,"column":3}},"32":{"start":{"line":74,"column":23},"end":{"line":74,"column":68}},"33":{"start":{"line":76,"column":4},"end":{"line":81,"column":5}},"34":{"start":{"line":77,"column":6},"end":{"line":80,"column":9}},"35":{"start":{"line":84,"column":4},"end":{"line":84,"column":82}},"36":{"start":{"line":86,"column":4},"end":{"line":89,"column":7}},"37":{"start":{"line":92,"column":4},"end":{"line":92,"column":64}},"38":{"start":{"line":93,"column":4},"end":{"line":95,"column":7}},"39":{"start":{"line":99,"column":0},"end":{"line":129,"column":2}},"40":{"start":{"line":100,"column":17},"end":{"line":100,"column":41}},"41":{"start":{"line":101,"column":18},"end":{"line":101,"column":26}},"42":{"start":{"line":102,"column":20},"end":{"line":102,"column":51}},"43":{"start":{"line":104,"column":4},"end":{"line":106,"column":5}},"44":{"start":{"line":105,"column":6},"end":{"line":105,"column":42}},"45":{"start":{"line":108,"column":2},"end":{"line":108,"column":29}},"46":{"start":{"line":109,"column":2},"end":{"line":109,"column":35}},"47":{"start":{"line":111,"column":2},"end":{"line":128,"column":3}},"48":{"start":{"line":112,"column":24},"end":{"line":112,"column":83}},"49":{"start":{"line":114,"column":4},"end":{"line":118,"column":5}},"50":{"start":{"line":115,"column":6},"end":{"line":117,"column":9}},"51":{"start":{"line":120,"column":4},"end":{"line":123,"column":7}},"52":{"start":{"line":126,"column":4},"end":{"line":126,"column":59}},"53":{"start":{"line":127,"column":4},"end":{"line":127,"column":88}},"54":{"start":{"line":131,"column":0},"end":{"line":153,"column":2}},"55":{"start":{"line":132,"column":24},"end":{"line":132,"column":34}},"56":{"start":{"line":134,"column":2},"end":{"line":152,"column":3}},"57":{"start":{"line":135,"column":19},"end":{"line":135,"column":72}},"58":{"start":{"line":137,"column":4},"end":{"line":141,"column":5}},"59":{"start":{"line":138,"column":6},"end":{"line":140,"column":9}},"60":{"start":{"line":143,"column":4},"end":{"line":145,"column":7}},"61":{"start":{"line":148,"column":4},"end":{"line":148,"column":55}},"62":{"start":{"line":149,"column":4},"end":{"line":151,"column":7}},"63":{"start":{"line":155,"column":0},"end":{"line":170,"column":2}},"64":{"start":{"line":156,"column":2},"end":{"line":169,"column":3}},"65":{"start":{"line":157,"column":18},"end":{"line":157,"column":47}},"66":{"start":{"line":159,"column":4},"end":{"line":162,"column":7}},"67":{"start":{"line":165,"column":4},"end":{"line":165,"column":74}},"68":{"start":{"line":166,"column":4},"end":{"line":168,"column":7}},"69":{"start":{"line":172,"column":0},"end":{"line":194,"column":2}},"70":{"start":{"line":173,"column":23},"end":{"line":173,"column":31}},"71":{"start":{"line":175,"column":2},"end":{"line":193,"column":3}},"72":{"start":{"line":176,"column":24},"end":{"line":176,"column":80}},"73":{"start":{"line":178,"column":31},"end":{"line":181,"column":7}},"74":{"start":{"line":178,"column":62},"end":{"line":181,"column":5}},"75":{"start":{"line":183,"column":4},"end":{"line":186,"column":7}},"76":{"start":{"line":189,"column":4},"end":{"line":189,"column":70}},"77":{"start":{"line":190,"column":4},"end":{"line":192,"column":7}},"78":{"start":{"line":196,"column":0},"end":{"line":218,"column":2}},"79":{"start":{"line":197,"column":22},"end":{"line":197,"column":30}},"80":{"start":{"line":199,"column":2},"end":{"line":217,"column":3}},"81":{"start":{"line":200,"column":24},"end":{"line":200,"column":78}},"82":{"start":{"line":202,"column":31},"end":{"line":205,"column":7}},"83":{"start":{"line":202,"column":62},"end":{"line":205,"column":5}},"84":{"start":{"line":207,"column":4},"end":{"line":210,"column":7}},"85":{"start":{"line":213,"column":4},"end":{"line":213,"column":69}},"86":{"start":{"line":214,"column":4},"end":{"line":216,"column":7}}},"fnMap":{"0":{"name":"(anonymous_0)","decl":{"start":{"line":6,"column":25},"end":{"line":6,"column":26}},"loc":{"start":{"line":6,"column":35},"end":{"line":8,"column":1}},"line":6},"1":{"name":"(anonymous_1)","decl":{"start":{"line":10,"column":27},"end":{"line":10,"column":28}},"loc":{"start":{"line":10,"column":47},"end":{"line":38,"column":1}},"line":10},"2":{"name":"(anonymous_2)","decl":{"start":{"line":40,"column":28},"end":{"line":40,"column":29}},"loc":{"start":{"line":40,"column":48},"end":{"line":68,"column":1}},"line":40},"3":{"name":"(anonymous_3)","decl":{"start":{"line":52,"column":47},"end":{"line":52,"column":48}},"loc":{"start":{"line":52,"column":62},"end":{"line":55,"column":5}},"line":52},"4":{"name":"(anonymous_4)","decl":{"start":{"line":70,"column":29},"end":{"line":70,"column":30}},"loc":{"start":{"line":70,"column":49},"end":{"line":97,"column":1}},"line":70},"5":{"name":"(anonymous_5)","decl":{"start":{"line":99,"column":27},"end":{"line":99,"column":28}},"loc":{"start":{"line":99,"column":47},"end":{"line":129,"column":1}},"line":99},"6":{"name":"(anonymous_6)","decl":{"start":{"line":131,"column":27},"end":{"line":131,"column":28}},"loc":{"start":{"line":131,"column":47},"end":{"line":153,"column":1}},"line":131},"7":{"name":"(anonymous_7)","decl":{"start":{"line":155,"column":30},"end":{"line":155,"column":31}},"loc":{"start":{"line":155,"column":50},"end":{"line":170,"column":1}},"line":155},"8":{"name":"(anonymous_8)","decl":{"start":{"line":172,"column":35},"end":{"line":172,"column":36}},"loc":{"start":{"line":172,"column":55},"end":{"line":194,"column":1}},"line":172},"9":{"name":"(anonymous_9)","decl":{"start":{"line":178,"column":47},"end":{"line":178,"column":48}},"loc":{"start":{"line":178,"column":62},"end":{"line":181,"column":5}},"line":178},"10":{"name":"(anonymous_10)","decl":{"start":{"line":196,"column":34},"end":{"line":196,"column":35}},"loc":{"start":{"line":196,"column":54},"end":{"line":218,"column":1}},"line":196},"11":{"name":"(anonymous_11)","decl":{"start":{"line":202,"column":47},"end":{"line":202,"column":48}},"loc":{"start":{"line":202,"column":62},"end":{"line":205,"column":5}},"line":202}},"branchMap":{"0":{"loc":{"start":{"line":7,"column":9},"end":{"line":7,"column":74}},"type":"cond-expr","locations":[{"start":{"line":7,"column":16},"end":{"line":7,"column":67}},{"start":{"line":7,"column":70},"end":{"line":7,"column":74}}],"line":7},"1":{"loc":{"start":{"line":13,"column":20},"end":{"line":13,"column":51}},"type":"cond-expr","locations":[{"start":{"line":13,"column":31},"end":{"line":13,"column":44}},{"start":{"line":13,"column":47},"end":{"line":13,"column":51}}],"line":13},"2":{"loc":{"start":{"line":30,"column":4},"end":{"line":34,"column":5}},"type":"if","locations":[{"start":{"line":30,"column":4},"end":{"line":34,"column":5}},{"start":{},"end":{}}],"line":30},"3":{"loc":{"start":{"line":44,"column":4},"end":{"line":49,"column":5}},"type":"if","locations":[{"start":{"line":44,"column":4},"end":{"line":49,"column":5}},{"start":{},"end":{}}],"line":44},"4":{"loc":{"start":{"line":76,"column":4},"end":{"line":81,"column":5}},"type":"if","locations":[{"start":{"line":76,"column":4},"end":{"line":81,"column":5}},{"start":{},"end":{}}],"line":76},"5":{"loc":{"start":{"line":102,"column":20},"end":{"line":102,"column":51}},"type":"cond-expr","locations":[{"start":{"line":102,"column":31},"end":{"line":102,"column":44}},{"start":{"line":102,"column":47},"end":{"line":102,"column":51}}],"line":102},"6":{"loc":{"start":{"line":104,"column":4},"end":{"line":106,"column":5}},"type":"if","locations":[{"start":{"line":104,"column":4},"end":{"line":106,"column":5}},{"start":{},"end":{}}],"line":104},"7":{"loc":{"start":{"line":114,"column":4},"end":{"line":118,"column":5}},"type":"if","locations":[{"start":{"line":114,"column":4},"end":{"line":118,"column":5}},{"start":{},"end":{}}],"line":114},"8":{"loc":{"start":{"line":137,"column":4},"end":{"line":141,"column":5}},"type":"if","locations":[{"start":{"line":137,"column":4},"end":{"line":141,"column":5}},{"start":{},"end":{}}],"line":137}},"s":{"0":1,"1":1,"2":1,"3":1,"4":8,"5":1,"6":5,"7":5,"8":5,"9":5,"10":5,"11":5,"12":5,"13":4,"14":2,"15":3,"16":1,"17":2,"18":2,"19":1,"20":5,"21":5,"22":4,"23":1,"24":3,"25":4,"26":3,"27":1,"28":1,"29":1,"30":4,"31":4,"32":4,"33":3,"34":2,"35":1,"36":1,"37":1,"38":1,"39":1,"40":4,"41":4,"42":4,"43":4,"44":1,"45":4,"46":4,"47":4,"48":4,"49":3,"50":1,"51":2,"52":1,"53":1,"54":1,"55":3,"56":3,"57":3,"58":2,"59":1,"60":1,"61":1,"62":1,"63":1,"64":3,"65":3,"66":2,"67":1,"68":1,"69":1,"70":3,"71":3,"72":3,"73":2,"74":2,"75":2,"76":1,"77":1,"78":1,"79":4,"80":4,"81":4,"82":3,"83":1,"84":3,"85":1,"86":1},"f":{"0":8,"1":5,"2":5,"3":4,"4":4,"5":4,"6":3,"7":3,"8":3,"9":2,"10":4,"11":1},"b":{"0":[5,3],"1":[1,4],"2":[1,2],"3":[1,3],"4":[2,1],"5":[1,3],"6":[1,3],"7":[1,2],"8":[1,1]},"_coverageSchema":"1a1c01bbd47fc00a2c39e90264f33305004495a9","hash":"1cdb3969102bd64dd0b42b8df4e53c6fa575ac99"}
[...]
e":250,"column":13}},"line":248},"12":{"name":"(anonymous_12)","decl":{"start":{"line":264,"column":20},"end":{"line":264,"column":21}},"loc":{"start":{"line":264,"column":32},"end":{"line":274,"column":1}},"line":264},"13":{"name":"(anonymous_13)","decl":{"start":{"line":275,"column":32},"end":{"line":275,"column":33}},"loc":{"start":{"line":275,"column":66},"end":{"line":319,"column":1}},"line":275},"14":{"name":"(anonymous_14)","decl":{"start":{"line":305,"column":28},"end":{"line":305,"column":29}},"loc":{"start":{"line":305,"column":35},"end":{"line":307,"column":9}},"line":305},"15":{"name":"(anonymous_15)","decl":{"start":{"line":309,"column":42},"end":{"line":309,"column":43}},"loc":{"start":{"line":309,"column":48},"end":{"line":312,"column":9}},"line":309}},"branchMap":{"0":{"loc":{"start":{"line":80,"column":23},"end":{"line":80,"column":63}},"type":"binary-expr","locations":[{"start":{"line":80,"column":23},"end":{"line":80,"column":58}},{"start":{"line":80,"column":62},"end":{"line":80,"column":63}}],"line":80},"1":{"loc":{"start":{"line":81,"column":23},"end":{"line":81,"column":63}},"type":"binary-expr","locations":[{"start":{"line":81,"column":23},"end":{"line":81,"column":58}},{"start":{"line":81,"column":62},"end":{"line":81,"column":63}}],"line":81},"2":{"loc":{"start":{"line":98,"column":22},"end":{"line":98,"column":61}},"type":"binary-expr","locations":[{"start":{"line":98,"column":22},"end":{"line":98,"column":56}},{"start":{"line":98,"column":60},"end":{"line":98,"column":61}}],"line":98},"3":{"loc":{"start":{"line":116,"column":8},"end":{"line":116,"column":33}},"type":"if","locations":[{"start":{"line":116,"column":8},"end":{"line":116,"column":33}},{"start":{},"end":{}}],"line":116},"4":{"loc":{"start":{"line":133,"column":25},"end":{"line":133,"column":64}},"type":"binary-expr","locations":[{"start":{"line":133,"column":25},"end":{"line":133,"column":59}},{"start":{"line":133,"column":63},"end":{"line":133,"column":64}}],"line":133},"5":{"loc":{"start":{"line":172,"column":8},"end":{"line":172,"column":35}},"type":"if","locations":[{"start":{"line":172,"column":8},"end":{"line":172,"column":35}},{"start":{},"end":{}}],"line":172},"6":{"loc":{"start":{"line":182,"column":8},"end":{"line":182,"column":32}},"type":"if","locations":[{"start":{"line":182,"column":8},"end":{"line":182,"column":32}},{"start":{},"end":{}}],"line":182},"7":{"loc":{"start":{"line":197,"column":25},"end":{"line":197,"column":64}},"type":"binary-expr","locations":[{"start":{"line":197,"column":25},"end":{"line":197,"column":59}},{"start":{"line":197,"column":63},"end":{"line":197,"column":64}}],"line":197},"8":{"loc":{"start":{"line":234,"column":12},"end":{"line":234,"column":47}},"type":"if","locations":[{"start":{"line":234,"column":12},"end":{"line":234,"column":47}},{"start":{},"end":{}}],"line":234},"9":{"loc":{"start":{"line":249,"column":30},"end":{"line":249,"column":86}},"type":"cond-expr","locations":[{"start":{"line":249,"column":65},"end":{"line":249,"column":82}},{"start":{"line":249,"column":85},"end":{"line":249,"column":86}}],"line":249},"10":{"loc":{"start":{"line":249,"column":30},"end":{"line":249,"column":62}},"type":"binary-expr","locations":[{"start":{"line":249,"column":30},"end":{"line":249,"column":41}},{"start":{"line":249,"column":45},"end":{"line":249,"column":62}}],"line":249},"11":{"loc":{"start":{"line":306,"column":37},"end":{"line":306,"column":65}},"type":"binary-expr","locations":[{"start":{"line":306,"column":37},"end":{"line":306,"column":60}},{"start":{"line":306,"column":64},"end":{"line":306,"column":65}}],"line":306},"12":{"loc":{"start":{"line":311,"column":21},"end":{"line":311,"column":45}},"type":"binary-expr","locations":[{"start":{"line":311,"column":21},"end":{"line":311,"column":40}},{"start":{"line":311,"column":44},"end":{"line":311,"column":45}}],"line":311}},"s":{"0":2,"1":2,"2":4,"3":4,"4":2,"5":2,"6":2,"7":2,"8":2,"9":2,"10":1,"11":1,"12":1,"13":2,"14":5,"15":5,"16":4,"17":4,"18":1,"19":1,"20":2,"21":5,"22":5,"23":4,"24":4,"25":4,"26":4,"27":4,"28":4,"29":1,"30":1,"31":2,"32":3,"33":3,"34":2,"35":2,"36":1,"37":1,"38":2,"39":4,"40":4,"41":3,"42":3,"43":1,"44":2,"45":2,"46":2,"47":4,"48":4,"49":2,"50":1,"51":1,"52":2,"53":3,"54":3,"55":2,"56":1,"57":1,"58":2,"59":4,"60":4,"61":3,"62":3,"63":1,"64":2,"65":2,"66":2,"67":1,"68":1,"69":1,"70":1,"71":2,"72":2,"73":1,"74":1,"75":1,"76":2,"77":3,"78":3,"79":2,"80":2,"81":4,"82":4,"83":3,"84":4,"85":2,"86":2,"87":2,"88":2,"89":20,"90":20,"91":20,"92":60,"93":20,"94":2,"95":1,"96":1,"97":2,"98":3,"99":3,"100":2,"101":1,"102":1,"103":2,"104":4,"105":4,"106":3,"107":3,"108":3,"109":3,"110":4,"111":3,"112":30,"113":3,"114":1,"115":1},"f":{"0":4,"1":2,"2":5,"3":5,"4":3,"5":4,"6":3,"7":4,"8":3,"9":4,"10":20,"11":60,"12":3,"13":4,"14":4,"15":30},"b":{"0":[4,2],"1":[4,2],"2":[2,1],"3":[1,2],"4":[4,1],"5":[1,2],"6":[1,1],"7":[2,0],"8":[3,1],"9":[4,56],"10":[60,9],"11":[4,1],"12":[30,27]},"_coverageSchema":"1a1c01bbd47fc00a2c39e90264f33305004495a9","hash":"12979f5878e9ad23971e5e9d58fd70a2b11dffbf"}
,"C:\\Users\\21277\\Desktop\\GTproject\\GrowTrackiiiiyyyy\\backend\\models\\studentModels\\notifiModel.js": {"path":"C:\\Users\\21277\\Desktop\\GTproject\\GrowTrackiiiiyyyy\\backend\\models\\studentModels\\notifiModel.js","statementMap":{"0":{"start":{"line":1,"column":13},"end":{"line":1,"column":39}},"1":{"start":{"line":3,"column":0},"end":{"line":14,"column":6}},"2":{"start":{"line":4,"column":4},"end":{"line":14,"column":5}},"3":{"start":{"line":5,"column":23},"end":{"line":8,"column":9}},"4":{"start":{"line":10,"column":8},"end":{"line":10,"column":27}},"5":{"start":{"line":12,"column":8},"end":{"line":12,"column":64}},"6":{"start":{"line":13,"column":8},"end":{"line":13,"column":20}}},"fnMap":{"0":{"name":"(anonymous_0)","decl":{"start":{"line":3,"column":30},"end":{"line":3,"column":31}},"loc":{"start":{"line":3,"column":52},"end":{"line":14,"column":6}},"line":3}},"branchMap":{},"s":{"0":2,"1":2,"2":19,"3":19,"4":14,"5":7,"6":7},"f":{"0":19},"b":{},"_coverageSchema":"1a1c01bbd47fc00a2c39e90264f33305004495a9","hash":"2a75b9bb836b6f7fc3a3f2f5276a7bbeb47892c2"}
,"C:\\Users\\21277\\Desktop\\GTproject\\GrowTrackiiiiyyyy\\backend\\models\\studentModels\\projectModel.js": {"path":"C:\\Users\\21277\\Desktop\\GTproject\\GrowTrackiiiiyyyy\\backend\\models\\studentModels\\projectModel.js","statementMap":{"0":{"start":{"line":1,"column":13},"end":{"line":1,"column":39}},"1":{"start":{"line":3,"column":0},"end":{"line":18,"column":1}},"2":{"start":{"line":4,"column":4},"end":{"line":17,"column":5}},"3":{"start":{"line":5,"column":23},"end":{"line":12,"column":9}},"4":{"start":{"line":13,"column":8},"end":{"line":13,"column":30}},"5":{"start":{"line":15,"column":8},"end":{"line":15,"column":60}},"6":{"start":{"line":16,"column":8},"end":{"line":16,"column":19}},"7":{"start":{"line":21,"column":0},"end":{"line":41,"column":1}},"8":{"start":{"line":22,"column":4},"end":{"line":40,"column":5}},"9":{"start":{"line":23,"column":23},"end":{"line":35,"column":9}},"10":{"start":{"line":36,"column":8},"end":{"line":36,"column":27}},"11":{"start":{"line":38,"column":8},"end":{"line":38,"column":56}},"12":{"start":{"line":39,"column":8},"end":{"line":39,"column":20}},"13":{"start":{"line":43,"column":0},"end":{"line":67,"column":1}},"14":{"start":{"line":44,"column":4},"end":{"line":66,"column":5}},"15":{"start":{"line":45,"column":21},"end":{"line":52,"column":9}},"16":{"start":{"line":53,"column":23},"end":{"line":61,"column":9}},"17":{"start":{"line":62,"column":8},"end":{"line":62,"column":27}},"18":{"start":{"line":64,"column":8},"end":{"line":64,"column":62}},"19":{"start":{"line":65,"column":8},"end":{"line":65,"column":20}},"20":{"start":{"line":70,"column":0},"end":{"line":93,"column":1}},"21":{"start":{"line":71,"column":4},"end":{"line":92,"column":5}},"22":{"start":{"line":72,"column":23},"end":{"line":79,"column":9}},"23":{"start":{"line":81,"column":8},"end":{"line":86,"column":10}},"24":{"start":{"line":88,"column":8},"end":{"line":88,"column":30}},"25":{"start":{"line":90,"column":8},"end":{"line":90,"column":53}},"26":{"start":{"line":91,"column":8},"end":{"line":91,"column":20}},"27":{"start":{"line":96,"column":0},"end":{"line":108,"column":1}},"28":{"start":{"line":97,"column":4},"end":{"line":107,"column":5}},"29":{"start":{"line":98,"column":23},"end":{"line":102,"column":9}},"30":{"start":{"line":103,"column":8},"end":{"line":103,"column":27}},"31":{"start":{"line":105,"column":8},"end":{"line":105,"column":57}},"32":{"start":{"line":106,"column":8},"end":{"line":106,"column":20}},"33":{"start":{"line":112,"column":0},"end":{"line":161,"column":2}},"34":{"start":{"line":113,"column":19},"end":{"line":113,"column":39}},"35":{"start":{"line":114,"column":4},"end":{"line":160,"column":5}},"36":{"start":{"line":115,"column":19},"end":{"line":115,"column":20}},"37":{"start":{"line":116,"column":8},"end":{"line":118,"column":9}},"38":{"start":{"line":117,"column":12},"end":{"line":117,"column":46}},"39":{"start":{"line":119,"column":8},"end":{"line":119,"column":36}},"40":{"start":{"line":121,"column":23},"end":{"line":125,"column":9}},"41":{"start":{"line":126,"column":30},"end":{"line":126,"column":58}},"42":{"start":{"line":128,"column":8},"end":{"line":141,"column":9}},"43":{"start":{"line":129,"column":12},"end":{"line":140,"column":14}},"44":{"start":{"line":142,"column":8},"end":{"line":142,"column":37}},"45":{"start":{"line":143,"column":8},"end":{"line":143,"column":33}},"46":{"start":{"line":147,"column":30},"end":{"line":147,"column":35}},"47":{"start":{"line":149,"column":8},"end":{"line":154,"column":9}},"48":{"start":{"line":150,"column":12},"end":{"line":150,"column":43}},"49":{"start":{"line":153,"column":12},"end":{"line":153,"column":61}},"50":{"start":{"line":156,"column":8},"end":{"line":156,"column":66}},"51":{"start":{"line":157,"column":8},"end":{"line":157,"column":28}},"52":{"start":{"line":159,"column":8},"end":{"line":159,"column":25}}},"fnMap":{"0":{"name":"(anonymous_0)","decl":{"start":{"line":3,"column":27},"end":{"line":3,"column":28}},"loc":{"start":{"line":3,"column":49},"end":{"line":18,"column":1}},"line":3},"1":{"name":"(anonymous_1)","decl":{"start":{"line":21,"column":22},"end":{"line":21,"column":23}},"loc":{"start":{"line":21,"column":44},"end":{"line":41,"column":1}},"line":21},"2":{"name":"(anonymous_2)","decl":{"start":{"line":43,"column":27},"end":{"line":43,"column":28}},"loc":{"start":{"line":43,"column":59},"end":{"line":67,"column":1}},"line":43},"3":{"name":"(anonymous_3)","decl":{"start":{"line":70,"column":20},"end":{"line":70,"column":21}},"loc":{"start":{"line":70,"column":79},"end":{"line":93,"column":1}},"line":70},"4":{"name":"(anonymous_4)","decl":{"start":{"line":96,"column":23},"end":{"line":96,"column":24}},"loc":{"start":{"line":96,"column":35},"end":{"line":108,"column":1}},"line":96},"5":{"name":"(anonymous_5)","decl":{"start":{"line":112,"column":24},"end":{"line":112,"column":25}},"loc":{"start":{"line":112,"column":84},"end":{"line":161,"column":1}},"line":112}},"branchMap":{},"s":{"0":2,"1":2,"2":3,"3":3,"4":2,"5":1,"6":1,"7":2,"8":3,"9":3,"10":2,"11":1,"12":1,"13":2,"14":3,"15":3,"16":2,"17":2,"18":1,"19":1,"20":2,"21":2,"22":2,"23":1,"24":1,"25":1,"26":1,"27":2,"28":3,"29":3,"30":2,"31":1,"32":1,"33":2,"34":4,"35":4,"36":4,"37":4,"38":7,"39":4,"40":4,"41":2,"42":2,"43":5,"44":2,"45":2,"46":2,"47":2,"48":2,"49":1,"50":2,"51":2,"52":4},"f":{"0":3,"1":3,"2":3,"3":2,"4":3,"5":4},"b":{},"_coverageSchema":"1a1c01bbd47fc00a2c39e90264f33305004495a9","hash":"41219dab8f423844b3604d6da2308251eeb2e936"}
,"C:\\Users\\21277\\Desktop\\GTproject\\GrowTrackiiiiyyyy\\backend\\routes\\AuthRoute.js": {"path":"C:\\Users\\21277\\Desktop\\GTproject\\GrowTrackiiiiyyyy\\backend\\routes\\AuthRoute.js","statementMap":{"0":{"start":{"line":1,"column":16},"end":{"line":1,"column":34}},"1":{"start":{"line":2,"column":15},"end":{"line":2,"column":31}},"2":{"start":{"line":3,"column":23},"end":{"line":3,"column":63}},"3":{"start":{"line":4,"column":18},"end":{"line":4,"column":52}},"4":{"start":{"line":5,"column":21},"end":{"line":5,"column":55}},"5":{"start":{"line":6,"column":22},"end":{"line":6,"column":55}},"6":{"start":{"line":7,"column":22},"end":{"line":7,"column":59}},"7":{"start":{"line":9,"column":0},"end":{"line":9,"column":24}},"8":{"start":{"line":11,"column":0},"end":{"line":11,"column":69}},"9":{"start":{"line":12,"column":0},"end":{"line":12,"column":82}},"10":{"start":{"line":13,"column":0},"end":{"line":13,"column":45}},"11":{"start":{"line":14,"column":0},"end":{"line":14,"column":52}},"12":{"start":{"line":15,"column":0},"end":{"line":15,"column":55}},"13":{"start":{"line":18,"column":0},"end":{"line":18,"column":24}}},"fnMap":{},"branchMap":{},"s":{"0":1,"1":1,"2":1,"3":1,"4":1,"5":1,"6":1,"7":1,"8":1,"9":1,"10":1,"11":1,"12":1,"13":1},"f":{},"b":{},"_coverageSchema":"1a1c01bbd47fc00a2c39e90264f33305004495a9","hash":"a89a93cd9d31bcc6512c7c846df2fd608fe1d7ce"}
,"C:\\Users\\21277\\Desktop\\GTproject\\GrowTrackiiiiyyyy\\backend\\validations\\adminValidation.js": {"path":"C:\\Users\\21277\\Desktop\\GTproject\\GrowTrackiiiiyyyy\\backend\\validations\\adminValidation.js","statementMap":{"0":{"start":{"line":1,"column":36},"end":{"line":1,"column":64}},"1":{"start":{"line":3,"column":28},"end":{"line":3,"column":67}},"2":{"start":{"line":5,"column":20},"end":{"line":55,"column":1}},"3":{"start":{"line":25,"column":6},"end":{"line":27,"column":7}},"4":{"start":{"line":26,"column":8},"end":{"line":26,"column":62}},"5":{"start":{"line":28,"column":6},"end":{"line":30,"column":7}},"6":{"start":{"line":29,"column":8},"end":{"line":29,"column":95}},"7":{"start":{"line":31,"column":6},"end":{"line":31,"column":18}},"8":{"start":{"line":57,"column":17},"end":{"line":63,"column":1}},"9":{"start":{"line":58,"column":19},"end":{"line":58,"column":40}},"10":{"start":{"line":59,"column":4},"end":{"line":61,"column":5}},"11":{"start":{"line":60,"column":8},"end":{"line":60,"column":62}},"12":{"start":{"line":62,"column":4},"end":{"line":62,"column":11}},"13":{"start":{"line":68,"column":25},"end":{"line":134,"column":1}},"14":{"start":{"line":103,"column":6},"end":{"line":105,"column":7}},"15":{"start":{"line":104,"column":8},"end":{"line":104,"column":62}},"16":{"start":{"line":106,"column":6},"end":{"line":108,"column":7}},"17":{"start":{"line":107,"column":8},"end":{"line":107,"column":95}},"18":{"start":{"line":109,"column":6},"end":{"line":109,"column":18}},"19":{"start":{"line":136,"column":0},"end":{"line":140,"column":1}}},"fnMap":{"0":{"name":"(anonymous_0)","decl":{"start":{"line":24,"column":12},"end":{"line":24,"column":13}},"loc":{"start":{"line":24,"column":21},"end":{"line":32,"column":5}},"line":24},"1":{"name":"(anonymous_1)","decl":{"start":{"line":57,"column":17},"end":{"line":57,"column":18}},"loc":{"start":{"line":57,"column":35},"end":{"line":63,"column":1}},"line":57},"2":{"name":"(anonymous_2)","decl":{"start":{"line":102,"column":12},"end":{"line":102,"column":13}},"loc":{"start":{"line":102,"column":21},"end":{"line":110,"column":5}},"line":102}},"branchMap":{"0":{"loc":{"start":{"line":25,"column":6},"end":{"line":27,"column":7}},"type":"if","locations":[{"start":{"line":25,"column":6},"end":{"line":27,"column":7}},{"start":{},"end":{}}],"line":25},"1":{"loc":{"start":{"line":28,"column":6},"end":{"line":30,"column":7}},"type":"if","locations":[{"start":{"line":28,"column":6},"end":{"line":30,"column":7}},{"start":{},"end":{}}],"line":28},"2":{"loc":{"start":{"line":59,"column":4},"end":{"line":61,"column":5}},"type":"if","locations":[{"start":{"line":59,"column":4},"end":{"line":61,"column":5}},{"start":{},"end":{}}],"line":59},"3":{"loc":{"start":{"line":103,"column":6},"end":{"line":105,"column":7}},"type":"if","locations":[{"start":{"line":103,"column":6},"end":{"line":105,"column":7}},{"start":{},"end":{}}],"line":103},"4":{"loc":{"start":{"line":106,"column":6},"end":{"line":108,"column":7}},"type":"if","locations":[{"start":{"line":106,"column":6},"end":{"line":108,"column":7}},{"start":{},"end":{}}],"line":106}},"s":{"0":1,"1":1,"2":1,"3":9,"4":1,"5":8,"6":0,"7":8,"8":1,"9":20,"10":20,"11":13,"12":7,"13":1,"14":11,"15":0,"16":11,"17":2,"18":9,"19":1},"f":{"0":9,"1":20,"2":11},"b":{"0":[1,8],"1":[0,8],"2":[13,7],"3":[0,11],"4":[2,9]},"_coverageSchema":"1a1c01bbd47fc00a2c39e90264f33305004495a9","hash":"ed8b8e355a94211f10609aa43d78e04b4e5ca979"}
,"C:\\Users\\21277\\Desktop\\GTproject\\GrowTrackiiiiyyyy\\backend\\validators\\ContactUsRules.js": {"path":"C:\\Users\\21277\\Desktop\\GTproject\\GrowTrackiiiiyyyy\\backend\\validators\\ContactUsRules.js","statementMap":{"0":{"start":{"line":1,"column":17},"end":{"line":1,"column":45}},"1":{"start":{"line":3,"column":0},"end":{"line":31,"column":2}}},"fnMap":{},"branchMap":{},"s":{"0":1,"1":1},"f":{},"b":{},"_coverageSchema":"1a1c01bbd47fc00a2c39e90264f33305004495a9","hash":"e617e156de2c178b25c0c486be1952b39ce93511"}
,"C:\\Users\\21277\\Desktop\\GTproject\\GrowTrackiiiiyyyy\\backend\\validators\\adminInputsRules.js": {"path":"C:\\Users\\21277\\Desktop\\GTproject\\GrowTrackiiiiyyyy\\backend\\validators\\adminInputsRules.js","statementMap":{"0":{"start":{"line":1,"column":18},"end":{"line":1,"column":46}},"1":{"start":{"line":3,"column":12},"end":{"line":3,"column":55}},"2":{"start":{"line":5,"column":0},"end":{"line":9,"column":2}},"3":{"start":{"line":11,"column":0},"end":{"line":19,"column":4}},"4":{"start":{"line":15,"column":8},"end":{"line":17,"column":9}},"5":{"start":{"line":16,"column":10},"end":{"line":16,"column":57}},"6":{"start":{"line":17,"column":9},"end":{"line":17,"column":21}}},"fnMap":{"0":{"name":"(anonymous_0)","decl":{"start":{"line":14,"column":14},"end":{"line":14,"column":15}},"loc":{"start":{"line":14,"column":23},"end":{"line":18,"column":7}},"line":14}},"branchMap":{"0":{"loc":{"start":{"line":15,"column":8},"end":{"line":17,"column":9}},"type":"if","locations":[{"start":{"line":15,"column":8},"end":{"line":17,"column":9}},{"start":{},"end":{}}],"line":15}},"s":{"0":1,"1":1,"2":1,"3":1,"4":12,"5":4,"6":7},"f":{"0":12},"b":{"0":[4,7]},"_coverageSchema":"1a1c01bbd47fc00a2c39e90264f33305004495a9","hash":"be604d2bb88d5d8120594fa49f91232e2b3a8b10"}
,"C:\\Users\\21277\\Desktop\\GTproject\\GrowTrackiiiiyyyy\\backend\\validators\\authrules.js": {"path":"C:\\Users\\21277\\Desktop\\GTproject\\GrowTrackiiiiyyyy\\backend\\validators\\authrules.js","statementMap":{"0":{"start":{"line":1,"column":17},"end":{"line":1,"column":45}},"1":{"start":{"line":3,"column":28},"end":{"line":9,"column":1}},"2":{"start":{"line":12,"column":0},"end":{"line":20,"column":2}},"3":{"start":{"line":23,"column":0},"end":{"line":36,"column":4}},"4":{"start":{"line":28,"column":6},"end":{"line":30,"column":7}},"5":{"start":{"line":29,"column":8},"end":{"line":29,"column":49}},"6":{"start":{"line":31,"column":6},"end":{"line":33,"column":7}},"7":{"start":{"line":32,"column":10},"end":{"line":32,"column":101}},"8":{"start":{"line":34,"column":6},"end":{"line":34,"column":18}},"9":{"start":{"line":38,"column":0},"end":{"line":43,"column":4}}},"fnMap":{"0":{"name":"(anonymous_0)","decl":{"start":{"line":27,"column":10},"end":{"line":27,"column":11}},"loc":{"start":{"line":27,"column":19},"end":{"line":35,"column":5}},"line":27}},"branchMap":{"0":{"loc":{"start":{"line":28,"column":6},"end":{"line":30,"column":7}},"type":"if","locations":[{"start":{"line":28,"column":6},"end":{"line":30,"column":7}},{"start":{},"end":{}}],"line":28},"1":{"loc":{"start":{"line":31,"column":6},"end":{"line":33,"column":7}},"type":"if","locations":[{"start":{"line":31,"column":6},"end":{"line":33,"column":7}},{"start":{},"end":{}}],"line":31}},"s":{"0":1,"1":1,"2":1,"3":1,"4":4,"5":1,"6":3,"7":2,"8":1,"9":1},"f":{"0":4},"b":{"0":[1,3],"1":[2,1]},"_coverageSchema":"1a1c01bbd47fc00a2c39e90264f33305004495a9","hash":"02db5c6c33dfb1ddad734d3a4a5300fdc9b1a04d"}
}
