{"C:\\Users\\21277\\Desktop\\GTproject\\GrowTrackiiiiyyyy\\backend\\config\\db.js": {"path":"C:\\Users\\21277\\Desktop\\GTproject\\GrowTrackiiiiyyyy\\backend\\config\\db.js","statementMap":{"0":{"start":{"line":1,"column":0},"end":{"line":1,"column":27}},"1":{"start":{"line":2,"column":0},"end":{"line":2,"column":27}},"2":{"start":{"line":3,"column":17},"end":{"line":3,"column":30}},"3":{"start":{"line":7,"column":0},"end":{"line":23,"column":1}},"4":{"start":{"line":8,"column":2},"end":{"line":11,"column":5}},"5":{"start":{"line":12,"column":2},"end":{"line":12,"column":67}},"6":{"start":{"line":14,"column":2},"end":{"line":21,"column":5}},"7":{"start":{"line":22,"column":2},"end":{"line":22,"column":61}},"8":{"start":{"line":27,"column":0},"end":{"line":27,"column":22}}},"fnMap":{},"branchMap":{"0":{"loc":{"start":{"line":7,"column":0},"end":{"line":23,"column":1}},"type":"if","locations":[{"start":{"line":7,"column":0},"end":{"line":23,"column":1}},{"start":{"line":13,"column":7},"end":{"line":23,"column":1}}],"line":7}},"s":{"0":2,"1":2,"2":2,"3":2,"4":0,"5":0,"6":2,"7":2,"8":2},"f":{},"b":{"0":[0,2]},"_coverageSchema":"1a1c01bbd47fc00a2c39e90264f33305004495a9","hash":"f5071ec8a3b6c15474bb801088cc05ef0173d5cb"}
,"C:\\Users\\21277\\Desktop\\GTproject\\GrowTrackiiiiyyyy\\backend\\controllers\\authController.js": {"path":"C:\\Users\\21277\\Desktop\\GTproject\\GrowTrackiiiiyyyy\\backend\\controllers\\authController.js","statementMap":{"0":{"start":{"line":1,"column":18},"end":{"line":1,"column":48}},"1":{"start":{"line":2,"column":12},"end":{"line":2,"column":35}},"2":{"start":{"line":3,"column":0},"end":{"line":3,"column":27}},"3":{"start":{"line":4,"column":15},"end":{"line":4,"column":32}},"4":{"start":{"line":5,"column":19},"end":{"line":5,"column":40}},"5":{"start":{"line":6,"column":22},"end":{"line":6,"column":55}},"6":{"start":{"line":8,"column":0},"end":{"line":43,"column":1}},"7":{"start":{"line":10,"column":28},"end":{"line":10,"column":36}},"8":{"start":{"line":11,"column":2},"end":{"line":42,"column":3}},"9":{"start":{"line":12,"column":19},"end":{"line":12,"column":62}},"10":{"start":{"line":13,"column":6},"end":{"line":38,"column":7}},"11":{"start":{"line":14,"column":10},"end":{"line":14,"column":39}},"12":{"start":{"line":15,"column":31},"end":{"line":18,"column":32}},"13":{"start":{"line":19,"column":30},"end":{"line":22,"column":31}},"14":{"start":{"line":24,"column":12},"end":{"line":28,"column":15}},"15":{"start":{"line":29,"column":12},"end":{"line":33,"column":15}},"16":{"start":{"line":35,"column":10},"end":{"line":35,"column":77}},"17":{"start":{"line":37,"column":10},"end":{"line":37,"column":82}},"18":{"start":{"line":41,"column":6},"end":{"line":41,"column":88}},"19":{"start":{"line":46,"column":0},"end":{"line":79,"column":4}},"20":{"start":{"line":47,"column":26},"end":{"line":47,"column":51}},"21":{"start":{"line":48,"column":4},"end":{"line":50,"column":5}},"22":{"start":{"line":49,"column":6},"end":{"line":49,"column":98}},"23":{"start":{"line":52,"column":4},"end":{"line":78,"column":5}},"24":{"start":{"line":53,"column":22},"end":{"line":53,"column":75}},"25":{"start":{"line":55,"column":19},"end":{"line":55,"column":58}},"26":{"start":{"line":56,"column":6},"end":{"line":58,"column":7}},"27":{"start":{"line":57,"column":8},"end":{"line":57,"column":66}},"28":{"start":{"line":60,"column":31},"end":{"line":64,"column":7}},"29":{"start":{"line":65,"column":6},"end":{"line":69,"column":9}},"30":{"start":{"line":71,"column":6},"end":{"line":73,"column":9}},"31":{"start":{"line":76,"column":6},"end":{"line":76,"column":39}},"32":{"start":{"line":77,"column":6},"end":{"line":77,"column":84}},"33":{"start":{"line":81,"column":0},"end":{"line":98,"column":1}},"34":{"start":{"line":82,"column":4},"end":{"line":97,"column":5}},"35":{"start":{"line":83,"column":8},"end":{"line":87,"column":13}},"36":{"start":{"line":88,"column":8},"end":{"line":92,"column":13}},"37":{"start":{"line":93,"column":8},"end":{"line":93,"column":70}},"38":{"start":{"line":95,"column":8},"end":{"line":95,"column":27}},"39":{"start":{"line":96,"column":8},"end":{"line":96,"column":74}},"40":{"start":{"line":100,"column":20},"end":{"line":106,"column":4}},"41":{"start":{"line":150,"column":0},"end":{"line":188,"column":5}},"42":{"start":{"line":152,"column":22},"end":{"line":152,"column":30}},"43":{"start":{"line":153,"column":6},"end":{"line":187,"column":7}},"44":{"start":{"line":154,"column":19},"end":{"line":154,"column":57}},"45":{"start":{"line":155,"column":10},"end":{"line":182,"column":7}},"46":{"start":{"line":155,"column":21},"end":{"line":155,"column":98}},"47":{"start":{"line":157,"column":34},"end":{"line":160,"column":38}},"48":{"start":{"line":162,"column":36},"end":{"line":162,"column":90}},"49":{"start":{"line":163,"column":38},"end":{"line":173,"column":13}},"50":{"start":{"line":175,"column":25},"end":{"line":175,"column":72}},"51":{"start":{"line":177,"column":12},"end":{"line":181,"column":13}},"52":{"start":{"line":178,"column":14},"end":{"line":180,"column":17}},"53":{"start":{"line":185,"column":10},"end":{"line":185,"column":29}},"54":{"start":{"line":186,"column":10},"end":{"line":186,"column":90}},"55":{"start":{"line":190,"column":0},"end":{"line":206,"column":5}},"56":{"start":{"line":192,"column":8},"end":{"line":205,"column":9}},"57":{"start":{"line":193,"column":24},"end":{"line":193,"column":35}},"58":{"start":{"line":194,"column":27},"end":{"line":194,"column":67}},"59":{"start":{"line":195,"column":21},"end":{"line":195,"column":72}},"60":{"start":{"line":196,"column":8},"end":{"line":201,"column":9}},"61":{"start":{"line":197,"column":12},"end":{"line":197,"column":88}},"62":{"start":{"line":200,"column":12},"end":{"line":200,"column":92}},"63":{"start":{"line":203,"column":12},"end":{"line":203,"column":33}},"64":{"start":{"line":204,"column":12},"end":{"line":204,"column":79}},"65":{"start":{"line":208,"column":0},"end":{"line":214,"column":1}},"66":{"start":{"line":209,"column":2},"end":{"line":213,"column":3}},"67":{"start":{"line":210,"column":4},"end":{"line":210,"column":115}},"68":{"start":{"line":212,"column":4},"end":{"line":212,"column":92}}},"fnMap":{"0":{"name":"(anonymous_0)","decl":{"start":{"line":9,"column":0},"end":{"line":9,"column":1}},"loc":{"start":{"line":9,"column":20},"end":{"line":43,"column":1}},"line":9},"1":{"name":"(anonymous_1)","decl":{"start":{"line":46,"column":23},"end":{"line":46,"column":24}},"loc":{"start":{"line":46,"column":43},"end":{"line":79,"column":3}},"line":46},"2":{"name":"(anonymous_2)","decl":{"start":{"line":81,"column":15},"end":{"line":81,"column":16}},"loc":{"start":{"line":81,"column":27},"end":{"line":98,"column":1}},"line":81},"3":{"name":"(anonymous_3)","decl":{"start":{"line":151,"column":2},"end":{"line":151,"column":3}},"loc":{"start":{"line":151,"column":19},"end":{"line":188,"column":5}},"line":151},"4":{"name":"(anonymous_4)","decl":{"start":{"line":191,"column":4},"end":{"line":191,"column":5}},"loc":{"start":{"line":191,"column":21},"end":{"line":206,"column":5}},"line":191},"5":{"name":"(anonymous_5)","decl":{"start":{"line":208,"column":16},"end":{"line":208,"column":17}},"loc":{"start":{"line":208,"column":27},"end":{"line":214,"column":1}},"line":208}},"branchMap":{"0":{"loc":{"start":{"line":13,"column":6},"end":{"line":38,"column":7}},"type":"if","locations":[{"start":{"line":13,"column":6},"end":{"line":38,"column":7}},{"start":{"line":36,"column":11},"end":{"line":38,"column":7}}],"line":13},"1":{"loc":{"start":{"line":48,"column":4},"end":{"line":50,"column":5}},"type":"if","locations":[{"start":{"line":48,"column":4},"end":{"line":50,"column":5}},{"start":{},"end":{}}],"line":48},"2":{"loc":{"start":{"line":56,"column":6},"end":{"line":58,"column":7}},"type":"if","locations":[{"start":{"line":56,"column":6},"end":{"line":58,"column":7}},{"start":{},"end":{}}],"line":56},"3":{"loc":{"start":{"line":155,"column":10},"end":{"line":182,"column":7}},"type":"if","locations":[{"start":{"line":155,"column":10},"end":{"line":182,"column":7}},{"start":{"line":156,"column":15},"end":{"line":182,"column":7}}],"line":155},"4":{"loc":{"start":{"line":177,"column":12},"end":{"line":181,"column":13}},"type":"if","locations":[{"start":{"line":177,"column":12},"end":{"line":181,"column":13}},{"start":{},"end":{}}],"line":177},"5":{"loc":{"start":{"line":196,"column":8},"end":{"line":201,"column":9}},"type":"if","locations":[{"start":{"line":196,"column":8},"end":{"line":201,"column":9}},{"start":{"line":199,"column":13},"end":{"line":201,"column":9}}],"line":196},"6":{"loc":{"start":{"line":209,"column":2},"end":{"line":213,"column":3}},"type":"if","locations":[{"start":{"line":209,"column":2},"end":{"line":213,"column":3}},{"start":{"line":211,"column":9},"end":{"line":213,"column":3}}],"line":209}},"s":{"0":1,"1":1,"2":1,"3":1,"4":1,"5":1,"6":1,"7":4,"8":4,"9":4,"10":3,"11":1,"12":1,"13":1,"14":1,"15":1,"16":1,"17":2,"18":1,"19":1,"20":5,"21":5,"22":1,"23":4,"24":4,"25":2,"26":2,"27":1,"28":1,"29":1,"30":1,"31":2,"32":2,"33":1,"34":2,"35":2,"36":1,"37":1,"38":1,"39":1,"40":1,"41":1,"42":5,"43":5,"44":5,"45":4,"46":1,"47":3,"48":3,"49":3,"50":3,"51":2,"52":1,"53":2,"54":2,"55":1,"56":3,"57":3,"58":3,"59":2,"60":2,"61":1,"62":1,"63":1,"64":1,"65":1,"66":4,"67":3,"68":1},"f":{"0":4,"1":5,"2":2,"3":5,"4":3,"5":4},"b":{"0":[1,2],"1":[1,4],"2":[1,1],"3":[1,3],"4":[1,1],"5":[1,1],"6":[3,1]},"_coverageSchema":"1a1c01bbd47fc00a2c39e90264f33305004495a9","hash":"3d3c2f3ad082d0b6bd1c49adb1cf1a0d4d4baa8f"}
,"C:\\Users\\21277\\Desktop\\GTproject\\GrowTrackiiiiyyyy\\backend\\controllers\\adminControllers\\AdminDashboardController.js": {"path":"C:\\Users\\21277\\Desktop\\GTproject\\GrowTrackiiiiyyyy\\backend\\controllers\\adminControllers\\AdminDashboardController.js","statementMap":{"0":{"start":{"line":1,"column":18},"end":{"line":1,"column":73}},"1":{"start":{"line":4,"column":0},"end":{"line":14,"column":2}},"2":{"start":{"line":6,"column":6},"end":{"line":12,"column":7}},"3":{"start":{"line":7,"column":27},"end":{"line":7,"column":59}},"4":{"start":{"line":8,"column":8},"end":{"line":8,"column":48}},"5":{"start":{"line":10,"column":8},"end":{"line":10,"column":29}},"6":{"start":{"line":11,"column":8},"end":{"line":11,"column":90}},"7":{"start":{"line":16,"column":0},"end":{"line":39,"column":2}},"8":{"start":{"line":18,"column":6},"end":{"line":37,"column":7}},"9":{"start":{"line":19,"column":23},"end":{"line":19,"column":60}},"10":{"start":{"line":22,"column":8},"end":{"line":30,"column":9}},"11":{"start":{"line":23,"column":12},"end":{"line":27,"column":13}},"12":{"start":{"line":24,"column":16},"end":{"line":24,"column":31}},"13":{"start":{"line":26,"column":16},"end":{"line":26,"column":33}},"14":{"start":{"line":29,"column":12},"end":{"line":29,"column":69}},"15":{"start":{"line":31,"column":31},"end":{"line":31,"column":64}},"16":{"start":{"line":32,"column":8},"end":{"line":32,"column":104}},"17":{"start":{"line":35,"column":8},"end":{"line":35,"column":29}},"18":{"start":{"line":36,"column":8},"end":{"line":36,"column":90}},"19":{"start":{"line":41,"column":0},"end":{"line":51,"column":2}},"20":{"start":{"line":43,"column":4},"end":{"line":49,"column":5}},"21":{"start":{"line":44,"column":31},"end":{"line":44,"column":69}},"22":{"start":{"line":45,"column":6},"end":{"line":45,"column":52}},"23":{"start":{"line":47,"column":6},"end":{"line":47,"column":27}},"24":{"start":{"line":48,"column":6},"end":{"line":48,"column":88}},"25":{"start":{"line":53,"column":0},"end":{"line":78,"column":2}},"26":{"start":{"line":55,"column":4},"end":{"line":76,"column":5}},"27":{"start":{"line":56,"column":21},"end":{"line":56,"column":64}},"28":{"start":{"line":59,"column":6},"end":{"line":67,"column":7}},"29":{"start":{"line":60,"column":10},"end":{"line":64,"column":11}},"30":{"start":{"line":61,"column":14},"end":{"line":61,"column":29}},"31":{"start":{"line":63,"column":14},"end":{"line":63,"column":31}},"32":{"start":{"line":66,"column":10},"end":{"line":66,"column":67}},"33":{"start":{"line":69,"column":29},"end":{"line":69,"column":62}},"34":{"start":{"line":71,"column":6},"end":{"line":71,"column":102}},"35":{"start":{"line":74,"column":6},"end":{"line":74,"column":27}},"36":{"start":{"line":75,"column":6},"end":{"line":75,"column":88}},"37":{"start":{"line":80,"column":0},"end":{"line":91,"column":2}},"38":{"start":{"line":82,"column":4},"end":{"line":89,"column":5}},"39":{"start":{"line":83,"column":24},"end":{"line":83,"column":66}},"40":{"start":{"line":85,"column":6},"end":{"line":85,"column":46}},"41":{"start":{"line":87,"column":6},"end":{"line":87,"column":27}},"42":{"start":{"line":88,"column":6},"end":{"line":88,"column":88}},"43":{"start":{"line":93,"column":0},"end":{"line":119,"column":2}},"44":{"start":{"line":95,"column":4},"end":{"line":117,"column":5}},"45":{"start":{"line":96,"column":34},"end":{"line":96,"column":77}},"46":{"start":{"line":97,"column":33},"end":{"line":97,"column":75}},"47":{"start":{"line":99,"column":20},"end":{"line":103,"column":21}},"48":{"start":{"line":105,"column":25},"end":{"line":105,"column":97}},"49":{"start":{"line":107,"column":29},"end":{"line":107,"column":123}},"50":{"start":{"line":109,"column":23},"end":{"line":109,"column":60}},"51":{"start":{"line":110,"column":6},"end":{"line":113,"column":9}},"52":{"start":{"line":115,"column":6},"end":{"line":115,"column":27}},"53":{"start":{"line":116,"column":6},"end":{"line":116,"column":88}},"54":{"start":{"line":121,"column":0},"end":{"line":135,"column":2}},"55":{"start":{"line":123,"column":4},"end":{"line":133,"column":5}},"56":{"start":{"line":124,"column":23},"end":{"line":124,"column":65}},"57":{"start":{"line":126,"column":6},"end":{"line":128,"column":9}},"58":{"start":{"line":131,"column":6},"end":{"line":131,"column":27}},"59":{"start":{"line":132,"column":6},"end":{"line":132,"column":88}},"60":{"start":{"line":137,"column":0},"end":{"line":151,"column":2}},"61":{"start":{"line":139,"column":4},"end":{"line":149,"column":5}},"62":{"start":{"line":140,"column":23},"end":{"line":140,"column":73}},"63":{"start":{"line":142,"column":6},"end":{"line":144,"column":9}},"64":{"start":{"line":147,"column":6},"end":{"line":147,"column":27}},"65":{"start":{"line":148,"column":6},"end":{"line":148,"column":88}},"66":{"start":{"line":153,"column":0},"end":{"line":173,"column":2}},"67":{"start":{"line":155,"column":4},"end":{"line":171,"column":5}},"68":{"start":{"line":156,"column":23},"end":{"line":156,"column":72}},"69":{"start":{"line":158,"column":33},"end":{"line":158,"column":81}},"70":{"start":{"line":159,"column":36},"end":{"line":159,"column":84}},"71":{"start":{"line":160,"column":35},"end":{"line":160,"column":83}},"72":{"start":{"line":162,"column":6},"end":{"line":166,"column":9}},"73":{"start":{"line":169,"column":6},"end":{"line":169,"column":27}},"74":{"start":{"line":170,"column":6},"end":{"line":170,"column":88}},"75":{"start":{"line":175,"column":0},"end":{"line":187,"column":2}},"76":{"start":{"line":176,"column":4},"end":{"line":186,"column":5}},"77":{"start":{"line":177,"column":19},"end":{"line":177,"column":53}},"78":{"start":{"line":179,"column":6},"end":{"line":181,"column":9}},"79":{"start":{"line":184,"column":6},"end":{"line":184,"column":27}},"80":{"start":{"line":185,"column":6},"end":{"line":185,"column":88}},"81":{"start":{"line":189,"column":0},"end":{"line":201,"column":2}},"82":{"start":{"line":190,"column":2},"end":{"line":200,"column":3}},"83":{"start":{"line":191,"column":17},"end":{"line":191,"column":55}},"84":{"start":{"line":193,"column":4},"end":{"line":195,"column":7}},"85":{"start":{"line":198,"column":4},"end":{"line":198,"column":25}},"86":{"start":{"line":199,"column":4},"end":{"line":199,"column":86}}},"fnMap":{"0":{"name":"(anonymous_0)","decl":{"start":{"line":5,"column":4},"end":{"line":5,"column":5}},"loc":{"start":{"line":5,"column":24},"end":{"line":13,"column":5}},"line":5},"1":{"name":"(anonymous_1)","decl":{"start":{"line":17,"column":4},"end":{"line":17,"column":5}},"loc":{"start":{"line":17,"column":24},"end":{"line":38,"column":5}},"line":17},"2":{"name":"(anonymous_2)","decl":{"start":{"line":42,"column":2},"end":{"line":42,"column":3}},"loc":{"start":{"line":42,"column":22},"end":{"line":50,"column":3}},"line":42},"3":{"name":"(anonymous_3)","decl":{"start":{"line":54,"column":2},"end":{"line":54,"column":3}},"loc":{"start":{"line":54,"column":22},"end":{"line":77,"column":3}},"line":54},"4":{"name":"(anonymous_4)","decl":{"start":{"line":81,"column":2},"end":{"line":81,"column":3}},"loc":{"start":{"line":81,"column":22},"end":{"line":90,"column":3}},"line":81},"5":{"name":"(anonymous_5)","decl":{"start":{"line":94,"column":2},"end":{"line":94,"column":3}},"loc":{"start":{"line":94,"column":22},"end":{"line":118,"column":3}},"line":94},"6":{"name":"(anonymous_6)","decl":{"start":{"line":122,"column":2},"end":{"line":122,"column":3}},"loc":{"start":{"line":122,"column":22},"end":{"line":134,"column":3}},"line":122},"7":{"name":"(anonymous_7)","decl":{"start":{"line":138,"column":2},"end":{"line":138,"column":3}},"loc":{"start":{"line":138,"column":22},"end":{"line":150,"column":3}},"line":138},"8":{"name":"(anonymous_8)","decl":{"start":{"line":154,"column":2},"end":{"line":154,"column":3}},"loc":{"start":{"line":154,"column":22},"end":{"line":172,"column":3}},"line":154},"9":{"name":"(anonymous_9)","decl":{"start":{"line":175,"column":32},"end":{"line":175,"column":33}},"loc":{"start":{"line":175,"column":52},"end":{"line":187,"column":1}},"line":175},"10":{"name":"(anonymous_10)","decl":{"start":{"line":189,"column":36},"end":{"line":189,"column":37}},"loc":{"start":{"line":189,"column":56},"end":{"line":201,"column":1}},"line":189}},"branchMap":{"0":{"loc":{"start":{"line":22,"column":8},"end":{"line":30,"column":9}},"type":"if","locations":[{"start":{"line":22,"column":8},"end":{"line":30,"column":9}},{"start":{"line":28,"column":15},"end":{"line":30,"column":9}}],"line":22},"1":{"loc":{"start":{"line":23,"column":12},"end":{"line":27,"column":13}},"type":"if","locations":[{"start":{"line":23,"column":12},"end":{"line":27,"column":13}},{"start":{"line":25,"column":19},"end":{"line":27,"column":13}}],"line":23},"2":{"loc":{"start":{"line":59,"column":6},"end":{"line":67,"column":7}},"type":"if","locations":[{"start":{"line":59,"column":6},"end":{"line":67,"column":7}},{"start":{"line":65,"column":13},"end":{"line":67,"column":7}}],"line":59},"3":{"loc":{"start":{"line":60,"column":10},"end":{"line":64,"column":11}},"type":"if","locations":[{"start":{"line":60,"column":10},"end":{"line":64,"column":11}},{"start":{"line":62,"column":17},"end":{"line":64,"column":11}}],"line":60},"4":{"loc":{"start":{"line":99,"column":20},"end":{"line":103,"column":21}},"type":"cond-expr","locations":[{"start":{"line":100,"column":10},"end":{"line":100,"column":21}},{"start":{"line":101,"column":10},"end":{"line":103,"column":21}}],"line":99},"5":{"loc":{"start":{"line":101,"column":10},"end":{"line":103,"column":21}},"type":"cond-expr","locations":[{"start":{"line":102,"column":10},"end":{"line":102,"column":21}},{"start":{"line":103,"column":10},"end":{"line":103,"column":21}}],"line":101},"6":{"loc":{"start":{"line":107,"column":29},"end":{"line":107,"column":123}},"type":"cond-expr","locations":[{"start":{"line":107,"column":68},"end":{"line":107,"column":69}},{"start":{"line":107,"column":72},"end":{"line":107,"column":123}}],"line":107}},"s":{"0":1,"1":1,"2":2,"3":2,"4":1,"5":1,"6":1,"7":1,"8":4,"9":4,"10":3,"11":2,"12":1,"13":1,"14":1,"15":3,"16":3,"17":1,"18":1,"19":1,"20":2,"21":2,"22":1,"23":1,"24":1,"25":1,"26":2,"27":2,"28":2,"29":1,"30":0,"31":1,"32":1,"33":2,"34":2,"35":0,"36":0,"37":1,"38":1,"39":1,"40":1,"41":0,"42":0,"43":1,"44":4,"45":4,"46":4,"47":4,"48":4,"49":4,"50":4,"51":4,"52":0,"53":0,"54":1,"55":1,"56":1,"57":1,"58":0,"59":0,"60":1,"61":1,"62":1,"63":1,"64":0,"65":0,"66":1,"67":2,"68":2,"69":2,"70":2,"71":2,"72":2,"73":0,"74":0,"75":1,"76":2,"77":2,"78":1,"79":1,"80":1,"81":1,"82":2,"83":2,"84":1,"85":1,"86":1},"f":{"0":2,"1":4,"2":2,"3":2,"4":1,"5":4,"6":1,"7":1,"8":2,"9":2,"10":2},"b":{"0":[2,1],"1":[1,1],"2":[1,1],"3":[0,1],"4":[2,2],"5":[1,1],"6":[1,3]},"_coverageSchema":"1a1c01bbd47fc00a2c39e90264f33305004495a9","hash":"9e23b30e372ee179bdae04bb03d95a2372dd0025"}
,"C:\\Users\\21277\\Desktop\\GTproject\\GrowTrackiiiiyyyy\\backend\\controllers\\adminControllers\\AdminProfile_Controller.js": {"path":"C:\\Users\\21277\\Desktop\\GTproject\\GrowTrackiiiiyyyy\\backend\\controllers\\adminControllers\\AdminProfile_Controller.js","statementMap":{"0":{"start":{"line":1,"column":21},"end":{"line":1,"column":78}},"1":{"start":{"line":3,"column":0},"end":{"line":18,"column":2}},"2":{"start":{"line":4,"column":6},"end":{"line":17,"column":7}},"3":{"start":{"line":5,"column":19},"end":{"line":5,"column":30}},"4":{"start":{"line":7,"column":28},"end":{"line":7,"column":64}},"5":{"start":{"line":9,"column":8},"end":{"line":13,"column":9}},"6":{"start":{"line":10,"column":10},"end":{"line":10,"column":55}},"7":{"start":{"line":12,"column":10},"end":{"line":12,"column":88}},"8":{"start":{"line":15,"column":8},"end":{"line":15,"column":29}},"9":{"start":{"line":16,"column":8},"end":{"line":16,"column":90}},"10":{"start":{"line":20,"column":0},"end":{"line":35,"column":2}},"11":{"start":{"line":21,"column":4},"end":{"line":34,"column":5}},"12":{"start":{"line":22,"column":17},"end":{"line":22,"column":28}},"13":{"start":{"line":24,"column":36},"end":{"line":24,"column":86}},"14":{"start":{"line":26,"column":6},"end":{"line":30,"column":7}},"15":{"start":{"line":27,"column":8},"end":{"line":27,"column":63}},"16":{"start":{"line":29,"column":8},"end":{"line":29,"column":79}},"17":{"start":{"line":32,"column":6},"end":{"line":32,"column":27}},"18":{"start":{"line":33,"column":6},"end":{"line":33,"column":88}}},"fnMap":{"0":{"name":"(anonymous_0)","decl":{"start":{"line":3,"column":29},"end":{"line":3,"column":30}},"loc":{"start":{"line":3,"column":49},"end":{"line":18,"column":1}},"line":3},"1":{"name":"(anonymous_1)","decl":{"start":{"line":20,"column":43},"end":{"line":20,"column":44}},"loc":{"start":{"line":20,"column":63},"end":{"line":35,"column":1}},"line":20}},"branchMap":{"0":{"loc":{"start":{"line":9,"column":8},"end":{"line":13,"column":9}},"type":"if","locations":[{"start":{"line":9,"column":8},"end":{"line":13,"column":9}},{"start":{"line":11,"column":15},"end":{"line":13,"column":9}}],"line":9},"1":{"loc":{"start":{"line":26,"column":6},"end":{"line":30,"column":7}},"type":"if","locations":[{"start":{"line":26,"column":6},"end":{"line":30,"column":7}},{"start":{"line":28,"column":13},"end":{"line":30,"column":7}}],"line":26}},"s":{"0":1,"1":1,"2":11,"3":11,"4":10,"5":8,"6":2,"7":6,"8":3,"9":3,"10":1,"11":12,"12":12,"13":11,"14":9,"15":4,"16":5,"17":3,"18":3},"f":{"0":11,"1":12},"b":{"0":[2,6],"1":[4,5]},"_coverageSchema":"1a1c01bbd47fc00a2c39e90264f33305004495a9","hash":"a7d878e4dee22374e7f305022a92ac6142520414"}
,"C:\\Users\\21277\\Desktop\\GTproject\\GrowTrackiiiiyyyy\\backend\\controllers\\adminControllers\\classController.js": {"path":"C:\\Users\\21277\\Desktop\\GTproject\\GrowTrackiiiiyyyy\\backend\\controllers\\adminControllers\\classController.js","statementMap":{"0":{"start":{"line":2,"column":19},"end":{"line":2,"column":65}},"1":{"start":{"line":4,"column":0},"end":{"line":22,"column":2}},"2":{"start":{"line":5,"column":51},"end":{"line":5,"column":59}},"3":{"start":{"line":7,"column":2},"end":{"line":21,"column":3}},"4":{"start":{"line":8,"column":4},"end":{"line":10,"column":5}},"5":{"start":{"line":9,"column":6},"end":{"line":9,"column":75}},"6":{"start":{"line":12,"column":21},"end":{"line":12,"column":86}},"7":{"start":{"line":14,"column":4},"end":{"line":17,"column":7}},"8":{"start":{"line":19,"column":4},"end":{"line":19,"column":50}},"9":{"start":{"line":20,"column":4},"end":{"line":20,"column":64}},"10":{"start":{"line":24,"column":0},"end":{"line":35,"column":2}},"11":{"start":{"line":25,"column":2},"end":{"line":34,"column":3}},"12":{"start":{"line":26,"column":20},"end":{"line":26,"column":52}},"13":{"start":{"line":27,"column":4},"end":{"line":30,"column":7}},"14":{"start":{"line":32,"column":4},"end":{"line":32,"column":54}},"15":{"start":{"line":33,"column":4},"end":{"line":33,"column":64}},"16":{"start":{"line":37,"column":0},"end":{"line":55,"column":2}},"17":{"start":{"line":38,"column":19},"end":{"line":38,"column":27}},"18":{"start":{"line":40,"column":2},"end":{"line":54,"column":3}},"19":{"start":{"line":41,"column":23},"end":{"line":41,"column":60}},"20":{"start":{"line":43,"column":4},"end":{"line":45,"column":5}},"21":{"start":{"line":44,"column":6},"end":{"line":44,"column":67}},"22":{"start":{"line":47,"column":4},"end":{"line":50,"column":7}},"23":{"start":{"line":52,"column":4},"end":{"line":52,"column":52}},"24":{"start":{"line":53,"column":4},"end":{"line":53,"column":64}},"25":{"start":{"line":57,"column":0},"end":{"line":76,"column":2}},"26":{"start":{"line":58,"column":18},"end":{"line":58,"column":37}},"27":{"start":{"line":59,"column":18},"end":{"line":59,"column":26}},"28":{"start":{"line":61,"column":2},"end":{"line":75,"column":3}},"29":{"start":{"line":62,"column":25},"end":{"line":62,"column":75}},"30":{"start":{"line":64,"column":4},"end":{"line":66,"column":5}},"31":{"start":{"line":65,"column":6},"end":{"line":65,"column":87}},"32":{"start":{"line":68,"column":4},"end":{"line":71,"column":7}},"33":{"start":{"line":73,"column":4},"end":{"line":73,"column":50}},"34":{"start":{"line":74,"column":4},"end":{"line":74,"column":64}},"35":{"start":{"line":78,"column":0},"end":{"line":93,"column":2}},"36":{"start":{"line":79,"column":23},"end":{"line":79,"column":33}},"37":{"start":{"line":81,"column":2},"end":{"line":92,"column":3}},"38":{"start":{"line":82,"column":19},"end":{"line":82,"column":61}},"39":{"start":{"line":84,"column":4},"end":{"line":86,"column":5}},"40":{"start":{"line":85,"column":6},"end":{"line":85,"column":67}},"41":{"start":{"line":88,"column":4},"end":{"line":88,"column":69}},"42":{"start":{"line":90,"column":4},"end":{"line":90,"column":50}},"43":{"start":{"line":91,"column":4},"end":{"line":91,"column":64}},"44":{"start":{"line":95,"column":0},"end":{"line":106,"column":2}},"45":{"start":{"line":96,"column":2},"end":{"line":105,"column":3}},"46":{"start":{"line":97,"column":18},"end":{"line":97,"column":49}},"47":{"start":{"line":98,"column":4},"end":{"line":101,"column":7}},"48":{"start":{"line":103,"column":4},"end":{"line":103,"column":60}},"49":{"start":{"line":104,"column":4},"end":{"line":104,"column":64}}},"fnMap":{"0":{"name":"(anonymous_0)","decl":{"start":{"line":4,"column":22},"end":{"line":4,"column":23}},"loc":{"start":{"line":4,"column":42},"end":{"line":22,"column":1}},"line":4},"1":{"name":"(anonymous_1)","decl":{"start":{"line":24,"column":24},"end":{"line":24,"column":25}},"loc":{"start":{"line":24,"column":44},"end":{"line":35,"column":1}},"line":24},"2":{"name":"(anonymous_2)","decl":{"start":{"line":37,"column":25},"end":{"line":37,"column":26}},"loc":{"start":{"line":37,"column":45},"end":{"line":55,"column":1}},"line":37},"3":{"name":"(anonymous_3)","decl":{"start":{"line":57,"column":22},"end":{"line":57,"column":23}},"loc":{"start":{"line":57,"column":42},"end":{"line":76,"column":1}},"line":57},"4":{"name":"(anonymous_4)","decl":{"start":{"line":78,"column":22},"end":{"line":78,"column":23}},"loc":{"start":{"line":78,"column":42},"end":{"line":93,"column":1}},"line":78},"5":{"name":"(anonymous_5)","decl":{"start":{"line":95,"column":24},"end":{"line":95,"column":25}},"loc":{"start":{"line":95,"column":44},"end":{"line":106,"column":1}},"line":95}},"branchMap":{"0":{"loc":{"start":{"line":8,"column":4},"end":{"line":10,"column":5}},"type":"if","locations":[{"start":{"line":8,"column":4},"end":{"line":10,"column":5}},{"start":{},"end":{}}],"line":8},"1":{"loc":{"start":{"line":43,"column":4},"end":{"line":45,"column":5}},"type":"if","locations":[{"start":{"line":43,"column":4},"end":{"line":45,"column":5}},{"start":{},"end":{}}],"line":43},"2":{"loc":{"start":{"line":64,"column":4},"end":{"line":66,"column":5}},"type":"if","locations":[{"start":{"line":64,"column":4},"end":{"line":66,"column":5}},{"start":{},"end":{}}],"line":64},"3":{"loc":{"start":{"line":84,"column":4},"end":{"line":86,"column":5}},"type":"if","locations":[{"start":{"line":84,"column":4},"end":{"line":86,"column":5}},{"start":{},"end":{}}],"line":84}},"s":{"0":1,"1":1,"2":8,"3":8,"4":8,"5":3,"6":5,"7":4,"8":1,"9":1,"10":1,"11":5,"12":5,"13":3,"14":2,"15":2,"16":1,"17":6,"18":6,"19":6,"20":5,"21":3,"22":2,"23":1,"24":1,"25":1,"26":5,"27":5,"28":5,"29":5,"30":4,"31":3,"32":1,"33":1,"34":1,"35":1,"36":5,"37":5,"38":5,"39":4,"40":2,"41":2,"42":1,"43":1,"44":1,"45":4,"46":4,"47":3,"48":1,"49":1},"f":{"0":8,"1":5,"2":6,"3":5,"4":5,"5":4},"b":{"0":[3,5],"1":[3,2],"2":[3,1],"3":[2,2]},"_coverageSchema":"1a1c01bbd47fc00a2c39e90264f33305004495a9","hash":"69a6deb62bfe76311327ff54fa69eafc9ecf872d"}
,"C:\\Users\\21277\\Desktop\\GTproject\\GrowTrackiiiiyyyy\\backend\\controllers\\adminControllers\\professorController.js": {"path":"C:\\Users\\21277\\Desktop\\GTproject\\GrowTrackiiiiyyyy\\backend\\controllers\\adminControllers\\professorController.js","statementMap":{"0":{"start":{"line":1,"column":15},"end":{"line":1,"column":32}},"1":{"start":{"line":2,"column":23},"end":{"line":2,"column":73}},"2":{"start":{"line":3,"column":23},"end":{"line":3,"column":38}},"3":{"start":{"line":6,"column":25},"end":{"line":8,"column":1}},"4":{"start":{"line":7,"column":2},"end":{"line":7,"column":75}},"5":{"start":{"line":10,"column":0},"end":{"line":60,"column":2}},"6":{"start":{"line":11,"column":2},"end":{"line":11,"column":44}},"7":{"start":{"line":12,"column":78},"end":{"line":12,"column":86}},"8":{"start":{"line":13,"column":20},"end":{"line":13,"column":51}},"9":{"start":{"line":15,"column":2},"end":{"line":59,"column":3}},"10":{"start":{"line":17,"column":23},"end":{"line":17,"column":29}},"11":{"start":{"line":18,"column":23},"end":{"line":18,"column":29}},"12":{"start":{"line":20,"column":4},"end":{"line":22,"column":5}},"13":{"start":{"line":21,"column":6},"end":{"line":21,"column":40}},"14":{"start":{"line":24,"column":4},"end":{"line":26,"column":5}},"15":{"start":{"line":25,"column":6},"end":{"line":25,"column":40}},"16":{"start":{"line":29,"column":4},"end":{"line":31,"column":5}},"17":{"start":{"line":30,"column":6},"end":{"line":30,"column":84}},"18":{"start":{"line":33,"column":4},"end":{"line":35,"column":5}},"19":{"start":{"line":34,"column":6},"end":{"line":34,"column":97}},"20":{"start":{"line":37,"column":20},"end":{"line":37,"column":28}},"21":{"start":{"line":38,"column":17},"end":{"line":38,"column":28}},"22":{"start":{"line":39,"column":27},"end":{"line":39,"column":54}},"23":{"start":{"line":41,"column":22},"end":{"line":43,"column":5}},"24":{"start":{"line":45,"column":4},"end":{"line":48,"column":7}},"25":{"start":{"line":51,"column":4},"end":{"line":55,"column":5}},"26":{"start":{"line":52,"column":6},"end":{"line":54,"column":9}},"27":{"start":{"line":56,"column":4},"end":{"line":56,"column":74}},"28":{"start":{"line":57,"column":4},"end":{"line":57,"column":42}},"29":{"start":{"line":58,"column":4},"end":{"line":58,"column":88}},"30":{"start":{"line":62,"column":0},"end":{"line":90,"column":2}},"31":{"start":{"line":63,"column":2},"end":{"line":89,"column":3}},"32":{"start":{"line":64,"column":23},"end":{"line":64,"column":61}},"33":{"start":{"line":66,"column":4},"end":{"line":71,"column":5}},"34":{"start":{"line":67,"column":6},"end":{"line":70,"column":9}},"35":{"start":{"line":74,"column":30},"end":{"line":77,"column":7}},"36":{"start":{"line":74,"column":59},"end":{"line":77,"column":5}},"37":{"start":{"line":79,"column":4},"end":{"line":82,"column":7}},"38":{"start":{"line":85,"column":4},"end":{"line":85,"column":57}},"39":{"start":{"line":86,"column":4},"end":{"line":88,"column":7}},"40":{"start":{"line":92,"column":0},"end":{"line":119,"column":2}},"41":{"start":{"line":93,"column":18},"end":{"line":93,"column":26}},"42":{"start":{"line":95,"column":2},"end":{"line":118,"column":3}},"43":{"start":{"line":96,"column":22},"end":{"line":96,"column":65}},"44":{"start":{"line":98,"column":4},"end":{"line":103,"column":5}},"45":{"start":{"line":99,"column":6},"end":{"line":102,"column":9}},"46":{"start":{"line":106,"column":4},"end":{"line":106,"column":80}},"47":{"start":{"line":108,"column":4},"end":{"line":111,"column":7}},"48":{"start":{"line":114,"column":4},"end":{"line":114,"column":63}},"49":{"start":{"line":115,"column":4},"end":{"line":117,"column":7}},"50":{"start":{"line":121,"column":0},"end":{"line":148,"column":2}},"51":{"start":{"line":122,"column":17},"end":{"line":122,"column":40}},"52":{"start":{"line":123,"column":18},"end":{"line":123,"column":26}},"53":{"start":{"line":124,"column":20},"end":{"line":124,"column":51}},"54":{"start":{"line":126,"column":4},"end":{"line":128,"column":5}},"55":{"start":{"line":127,"column":6},"end":{"line":127,"column":42}},"56":{"start":{"line":130,"column":2},"end":{"line":130,"column":30}},"57":{"start":{"line":131,"column":2},"end":{"line":131,"column":36}},"58":{"start":{"line":133,"column":2},"end":{"line":147,"column":3}},"59":{"start":{"line":134,"column":24},"end":{"line":134,"column":81}},"60":{"start":{"line":136,"column":4},"end":{"line":138,"column":5}},"61":{"start":{"line":137,"column":6},"end":{"line":137,"column":93}},"62":{"start":{"line":140,"column":4},"end":{"line":143,"column":7}},"63":{"start":{"line":145,"column":4},"end":{"line":145,"column":58}},"64":{"start":{"line":146,"column":4},"end":{"line":146,"column":64}},"65":{"start":{"line":150,"column":0},"end":{"line":171,"column":2}},"66":{"start":{"line":151,"column":24},"end":{"line":151,"column":34}},"67":{"start":{"line":153,"column":2},"end":{"line":170,"column":3}},"68":{"start":{"line":154,"column":19},"end":{"line":154,"column":70}},"69":{"start":{"line":156,"column":4},"end":{"line":160,"column":5}},"70":{"start":{"line":157,"column":6},"end":{"line":159,"column":9}},"71":{"start":{"line":162,"column":4},"end":{"line":164,"column":7}},"72":{"start":{"line":166,"column":4},"end":{"line":166,"column":54}},"73":{"start":{"line":167,"column":4},"end":{"line":169,"column":7}},"74":{"start":{"line":173,"column":0},"end":{"line":188,"column":2}},"75":{"start":{"line":174,"column":2},"end":{"line":187,"column":3}},"76":{"start":{"line":175,"column":18},"end":{"line":175,"column":46}},"77":{"start":{"line":177,"column":4},"end":{"line":180,"column":7}},"78":{"start":{"line":183,"column":4},"end":{"line":183,"column":73}},"79":{"start":{"line":184,"column":4},"end":{"line":186,"column":7}},"80":{"start":{"line":190,"column":0},"end":{"line":212,"column":2}},"81":{"start":{"line":191,"column":21},"end":{"line":191,"column":29}},"82":{"start":{"line":193,"column":2},"end":{"line":211,"column":3}},"83":{"start":{"line":194,"column":23},"end":{"line":194,"column":72}},"84":{"start":{"line":196,"column":30},"end":{"line":199,"column":7}},"85":{"start":{"line":196,"column":59},"end":{"line":199,"column":5}},"86":{"start":{"line":201,"column":4},"end":{"line":204,"column":7}},"87":{"start":{"line":207,"column":4},"end":{"line":207,"column":66}},"88":{"start":{"line":208,"column":4},"end":{"line":210,"column":7}},"89":{"start":{"line":214,"column":0},"end":{"line":236,"column":2}},"90":{"start":{"line":215,"column":21},"end":{"line":215,"column":29}},"91":{"start":{"line":217,"column":2},"end":{"line":235,"column":3}},"92":{"start":{"line":218,"column":23},"end":{"line":218,"column":71}},"93":{"start":{"line":220,"column":30},"end":{"line":223,"column":7}},"94":{"start":{"line":220,"column":59},"end":{"line":223,"column":5}},"95":{"start":{"line":225,"column":4},"end":{"line":228,"column":7}},"96":{"start":{"line":231,"column":4},"end":{"line":231,"column":67}},"97":{"start":{"line":232,"column":4},"end":{"line":234,"column":7}}},"fnMap":{"0":{"name":"(anonymous_0)","decl":{"start":{"line":6,"column":25},"end":{"line":6,"column":26}},"loc":{"start":{"line":6,"column":35},"end":{"line":8,"column":1}},"line":6},"1":{"name":"(anonymous_1)","decl":{"start":{"line":10,"column":26},"end":{"line":10,"column":27}},"loc":{"start":{"line":10,"column":46},"end":{"line":60,"column":1}},"line":10},"2":{"name":"(anonymous_2)","decl":{"start":{"line":62,"column":26},"end":{"line":62,"column":27}},"loc":{"start":{"line":62,"column":46},"end":{"line":90,"column":1}},"line":62},"3":{"name":"(anonymous_3)","decl":{"start":{"line":74,"column":45},"end":{"line":74,"column":46}},"loc":{"start":{"line":74,"column":59},"end":{"line":77,"column":5}},"line":74},"4":{"name":"(anonymous_4)","decl":{"start":{"line":92,"column":28},"end":{"line":92,"column":29}},"loc":{"start":{"line":92,"column":48},"end":{"line":119,"column":1}},"line":92},"5":{"name":"(anonymous_5)","decl":{"start":{"line":121,"column":26},"end":{"line":121,"column":27}},"loc":{"start":{"line":121,"column":46},"end":{"line":148,"column":1}},"line":121},"6":{"name":"(anonymous_6)","decl":{"start":{"line":150,"column":26},"end":{"line":150,"column":27}},"loc":{"start":{"line":150,"column":46},"end":{"line":171,"column":1}},"line":150},"7":{"name":"(anonymous_7)","decl":{"start":{"line":173,"column":29},"end":{"line":173,"column":30}},"loc":{"start":{"line":173,"column":49},"end":{"line":188,"column":1}},"line":173},"8":{"name":"(anonymous_8)","decl":{"start":{"line":190,"column":31},"end":{"line":190,"column":32}},"loc":{"start":{"line":190,"column":51},"end":{"line":212,"column":1}},"line":190},"9":{"name":"(anonymous_9)","decl":{"start":{"line":196,"column":45},"end":{"line":196,"column":46}},"loc":{"start":{"line":196,"column":59},"end":{"line":199,"column":5}},"line":196},"10":{"name":"(anonymous_10)","decl":{"start":{"line":214,"column":32},"end":{"line":214,"column":33}},"loc":{"start":{"line":214,"column":52},"end":{"line":236,"column":1}},"line":214},"11":{"name":"(anonymous_11)","decl":{"start":{"line":220,"column":45},"end":{"line":220,"column":46}},"loc":{"start":{"line":220,"column":59},"end":{"line":223,"column":5}},"line":220}},"branchMap":{"0":{"loc":{"start":{"line":7,"column":9},"end":{"line":7,"column":74}},"type":"cond-expr","locations":[{"start":{"line":7,"column":16},"end":{"line":7,"column":67}},{"start":{"line":7,"column":70},"end":{"line":7,"column":74}}],"line":7},"1":{"loc":{"start":{"line":13,"column":20},"end":{"line":13,"column":51}},"type":"cond-expr","locations":[{"start":{"line":13,"column":31},"end":{"line":13,"column":44}},{"start":{"line":13,"column":47},"end":{"line":13,"column":51}}],"line":13},"2":{"loc":{"start":{"line":20,"column":4},"end":{"line":22,"column":5}},"type":"if","locations":[{"start":{"line":20,"column":4},"end":{"line":22,"column":5}},{"start":{},"end":{}}],"line":20},"3":{"loc":{"start":{"line":24,"column":4},"end":{"line":26,"column":5}},"type":"if","locations":[{"start":{"line":24,"column":4},"end":{"line":26,"column":5}},{"start":{},"end":{}}],"line":24},"4":{"loc":{"start":{"line":29,"column":4},"end":{"line":31,"column":5}},"type":"if","locations":[{"start":{"line":29,"column":4},"end":{"line":31,"column":5}},{"start":{},"end":{}}],"line":29},"5":{"loc":{"start":{"line":29,"column":8},"end":{"line":29,"column":68}},"type":"binary-expr","locations":[{"start":{"line":29,"column":8},"end":{"line":29,"column":36}},{"start":{"line":29,"column":40},"end":{"line":29,"column":68}}],"line":29},"6":{"loc":{"start":{"line":33,"column":4},"end":{"line":35,"column":5}},"type":"if","locations":[{"start":{"line":33,"column":4},"end":{"line":35,"column":5}},{"start":{},"end":{}}],"line":33},"7":{"loc":{"start":{"line":51,"column":4},"end":{"line":55,"column":5}},"type":"if","locations":[{"start":{"line":51,"column":4},"end":{"line":55,"column":5}},{"start":{},"end":{}}],"line":51},"8":{"loc":{"start":{"line":66,"column":4},"end":{"line":71,"column":5}},"type":"if","locations":[{"start":{"line":66,"column":4},"end":{"line":71,"column":5}},{"start":{},"end":{}}],"line":66},"9":{"loc":{"start":{"line":98,"column":4},"end":{"line":103,"column":5}},"type":"if","locations":[{"start":{"line":98,"column":4},"end":{"line":103,"column":5}},{"start":{},"end":{}}],"line":98},"10":{"loc":{"start":{"line":124,"column":20},"end":{"line":124,"column":51}},"type":"cond-expr","locations":[{"start":{"line":124,"column":31},"end":{"line":124,"column":44}},{"start":{"line":124,"column":47},"end":{"line":124,"column":51}}],"line":124},"11":{"loc":{"start":{"line":126,"column":4},"end":{"line":128,"column":5}},"type":"if","locations":[{"start":{"line":126,"column":4},"end":{"line":128,"column":5}},{"start":{},"end":{}}],"line":126},"12":{"loc":{"start":{"line":136,"column":4},"end":{"line":138,"column":5}},"type":"if","locations":[{"start":{"line":136,"column":4},"end":{"line":138,"column":5}},{"start":{},"end":{}}],"line":136},"13":{"loc":{"start":{"line":156,"column":4},"end":{"line":160,"column":5}},"type":"if","locations":[{"start":{"line":156,"column":4},"end":{"line":160,"column":5}},{"start":{},"end":{}}],"line":156}},"s":{"0":1,"1":1,"2":1,"3":1,"4":6,"5":1,"6":12,"7":12,"8":12,"9":12,"10":12,"11":12,"12":12,"13":2,"14":11,"15":3,"16":9,"17":1,"18":8,"19":1,"20":7,"21":7,"22":7,"23":6,"24":4,"25":6,"26":1,"27":5,"28":5,"29":5,"30":1,"31":4,"32":4,"33":3,"34":1,"35":2,"36":3,"37":2,"38":1,"39":1,"40":1,"41":4,"42":4,"43":4,"44":2,"45":1,"46":1,"47":1,"48":2,"49":2,"50":1,"51":4,"52":4,"53":4,"54":4,"55":1,"56":4,"57":4,"58":4,"59":4,"60":3,"61":1,"62":2,"63":1,"64":1,"65":1,"66":3,"67":3,"68":3,"69":2,"70":1,"71":1,"72":1,"73":1,"74":1,"75":3,"76":3,"77":2,"78":1,"79":1,"80":1,"81":2,"82":2,"83":2,"84":1,"85":1,"86":1,"87":1,"88":1,"89":1,"90":2,"91":2,"92":2,"93":1,"94":1,"95":1,"96":1,"97":1},"f":{"0":6,"1":12,"2":4,"3":3,"4":4,"5":4,"6":3,"7":3,"8":2,"9":1,"10":2,"11":1},"b":{"0":[4,2],"1":[1,11],"2":[2,10],"3":[3,8],"4":[1,8],"5":[9,9],"6":[1,7],"7":[1,5],"8":[1,2],"9":[1,1],"10":[1,3],"11":[1,3],"12":[1,2],"13":[1,1]},"_coverageSchema":"1a1c01bbd47fc00a2c39e90264f33305004495a9","hash":"6b890a59812927b186851e73e2a39a83a15603b8"}
,"C:\\Users\\21277\\Desktop\\GTproject\\GrowTrackiiiiyyyy\\backend\\controllers\\adminControllers\\studentController.js": {"path":"C:\\Users\\21277\\Desktop\\GTproject\\GrowTrackiiiiyyyy\\backend\\controllers\\adminControllers\\studentController.js","statementMap":{"0":{"start":{"line":2,"column":15},"end":{"line":2,"column":32}},"1":{"start":{"line":3,"column":21},"end":{"line":3,"column":69}},"2":{"start":{"line":4,"column":23},"end":{"line":4,"column":38}},"3":{"start":{"line":7,"column":25},"end":{"line":9,"column":1}},"4":{"start":{"line":8,"column":2},"end":{"line":8,"column":75}},"5":{"start":{"line":13,"column":0},"end":{"line":43,"column":2}},"6":{"start":{"line":14,"column":2},"end":{"line":14,"column":44}},"7":{"start":{"line":15,"column":60},"end":{"line":15,"column":68}},"8":{"start":{"line":16,"column":20},"end":{"line":16,"column":51}},"9":{"start":{"line":18,"column":2},"end":{"line":42,"column":3}},"10":{"start":{"line":19,"column":20},"end":{"line":19,"column":28}},"11":{"start":{"line":20,"column":17},"end":{"line":20,"column":26}},"12":{"start":{"line":21,"column":17},"end":{"line":21,"column":41}},"13":{"start":{"line":22,"column":27},"end":{"line":22,"column":56}},"14":{"start":{"line":24,"column":20},"end":{"line":24,"column":134}},"15":{"start":{"line":26,"column":4},"end":{"line":29,"column":7}},"16":{"start":{"line":32,"column":4},"end":{"line":36,"column":5}},"17":{"start":{"line":33,"column":6},"end":{"line":35,"column":9}},"18":{"start":{"line":37,"column":4},"end":{"line":37,"column":72}},"19":{"start":{"line":40,"column":4},"end":{"line":40,"column":42}},"20":{"start":{"line":41,"column":4},"end":{"line":41,"column":88}},"21":{"start":{"line":45,"column":0},"end":{"line":73,"column":4}},"22":{"start":{"line":46,"column":4},"end":{"line":72,"column":5}},"23":{"start":{"line":47,"column":23},"end":{"line":47,"column":58}},"24":{"start":{"line":49,"column":6},"end":{"line":54,"column":7}},"25":{"start":{"line":50,"column":8},"end":{"line":53,"column":11}},"26":{"start":{"line":57,"column":30},"end":{"line":60,"column":9}},"27":{"start":{"line":57,"column":55},"end":{"line":60,"column":7}},"28":{"start":{"line":62,"column":4},"end":{"line":65,"column":7}},"29":{"start":{"line":68,"column":6},"end":{"line":68,"column":57}},"30":{"start":{"line":69,"column":6},"end":{"line":71,"column":9}},"31":{"start":{"line":76,"column":0},"end":{"line":101,"column":4}},"32":{"start":{"line":77,"column":17},"end":{"line":77,"column":30}},"33":{"start":{"line":79,"column":4},"end":{"line":100,"column":5}},"34":{"start":{"line":80,"column":22},"end":{"line":80,"column":61}},"35":{"start":{"line":82,"column":6},"end":{"line":87,"column":7}},"36":{"start":{"line":83,"column":8},"end":{"line":86,"column":11}},"37":{"start":{"line":88,"column":6},"end":{"line":88,"column":78}},"38":{"start":{"line":90,"column":6},"end":{"line":93,"column":9}},"39":{"start":{"line":96,"column":6},"end":{"line":96,"column":62}},"40":{"start":{"line":97,"column":6},"end":{"line":99,"column":9}},"41":{"start":{"line":103,"column":2},"end":{"line":130,"column":4}},"42":{"start":{"line":104,"column":19},"end":{"line":104,"column":40}},"43":{"start":{"line":105,"column":20},"end":{"line":105,"column":35}},"44":{"start":{"line":106,"column":22},"end":{"line":106,"column":53}},"45":{"start":{"line":108,"column":4},"end":{"line":110,"column":5}},"46":{"start":{"line":109,"column":6},"end":{"line":109,"column":42}},"47":{"start":{"line":112,"column":4},"end":{"line":112,"column":32}},"48":{"start":{"line":113,"column":4},"end":{"line":113,"column":38}},"49":{"start":{"line":115,"column":4},"end":{"line":129,"column":5}},"50":{"start":{"line":116,"column":26},"end":{"line":116,"column":79}},"51":{"start":{"line":118,"column":6},"end":{"line":120,"column":7}},"52":{"start":{"line":119,"column":8},"end":{"line":119,"column":99}},"53":{"start":{"line":122,"column":6},"end":{"line":125,"column":9}},"54":{"start":{"line":127,"column":6},"end":{"line":127,"column":60}},"55":{"start":{"line":128,"column":6},"end":{"line":128,"column":59}},"56":{"start":{"line":134,"column":0},"end":{"line":156,"column":4}},"57":{"start":{"line":135,"column":26},"end":{"line":135,"column":36}},"58":{"start":{"line":136,"column":4},"end":{"line":136,"column":26}},"59":{"start":{"line":138,"column":4},"end":{"line":155,"column":5}},"60":{"start":{"line":139,"column":21},"end":{"line":139,"column":68}},"61":{"start":{"line":141,"column":6},"end":{"line":145,"column":7}},"62":{"start":{"line":142,"column":8},"end":{"line":144,"column":11}},"63":{"start":{"line":147,"column":6},"end":{"line":149,"column":9}},"64":{"start":{"line":151,"column":6},"end":{"line":151,"column":54}},"65":{"start":{"line":152,"column":6},"end":{"line":154,"column":9}},"66":{"start":{"line":159,"column":2},"end":{"line":174,"column":4}},"67":{"start":{"line":160,"column":4},"end":{"line":173,"column":5}},"68":{"start":{"line":161,"column":20},"end":{"line":161,"column":46}},"69":{"start":{"line":163,"column":6},"end":{"line":166,"column":9}},"70":{"start":{"line":169,"column":6},"end":{"line":169,"column":73}},"71":{"start":{"line":170,"column":6},"end":{"line":172,"column":9}},"72":{"start":{"line":176,"column":2},"end":{"line":199,"column":4}},"73":{"start":{"line":177,"column":23},"end":{"line":177,"column":31}},"74":{"start":{"line":179,"column":4},"end":{"line":198,"column":5}},"75":{"start":{"line":180,"column":23},"end":{"line":180,"column":68}},"76":{"start":{"line":182,"column":30},"end":{"line":185,"column":9}},"77":{"start":{"line":182,"column":55},"end":{"line":185,"column":7}},"78":{"start":{"line":187,"column":6},"end":{"line":190,"column":9}},"79":{"start":{"line":194,"column":6},"end":{"line":194,"column":66}},"80":{"start":{"line":195,"column":6},"end":{"line":197,"column":9}},"81":{"start":{"line":201,"column":2},"end":{"line":223,"column":4}},"82":{"start":{"line":202,"column":23},"end":{"line":202,"column":31}},"83":{"start":{"line":204,"column":4},"end":{"line":222,"column":5}},"84":{"start":{"line":205,"column":23},"end":{"line":205,"column":69}},"85":{"start":{"line":207,"column":30},"end":{"line":210,"column":9}},"86":{"start":{"line":207,"column":55},"end":{"line":210,"column":7}},"87":{"start":{"line":212,"column":6},"end":{"line":215,"column":9}},"88":{"start":{"line":218,"column":6},"end":{"line":218,"column":67}},"89":{"start":{"line":219,"column":6},"end":{"line":221,"column":9}}},"fnMap":{"0":{"name":"(anonymous_0)","decl":{"start":{"line":7,"column":25},"end":{"line":7,"column":26}},"loc":{"start":{"line":7,"column":35},"end":{"line":9,"column":1}},"line":7},"1":{"name":"(anonymous_1)","decl":{"start":{"line":13,"column":24},"end":{"line":13,"column":25}},"loc":{"start":{"line":13,"column":44},"end":{"line":43,"column":1}},"line":13},"2":{"name":"(anonymous_2)","decl":{"start":{"line":45,"column":25},"end":{"line":45,"column":26}},"loc":{"start":{"line":45,"column":45},"end":{"line":73,"column":3}},"line":45},"3":{"name":"(anonymous_3)","decl":{"start":{"line":57,"column":43},"end":{"line":57,"column":44}},"loc":{"start":{"line":57,"column":55},"end":{"line":60,"column":7}},"line":57},"4":{"name":"(anonymous_4)","decl":{"start":{"line":76,"column":26},"end":{"line":76,"column":27}},"loc":{"start":{"line":76,"column":46},"end":{"line":101,"column":3}},"line":76},"5":{"name":"(anonymous_5)","decl":{"start":{"line":103,"column":26},"end":{"line":103,"column":27}},"loc":{"start":{"line":103,"column":46},"end":{"line":130,"column":3}},"line":103},"6":{"name":"(anonymous_6)","decl":{"start":{"line":134,"column":24},"end":{"line":134,"column":25}},"loc":{"start":{"line":134,"column":44},"end":{"line":156,"column":3}},"line":134},"7":{"name":"(anonymous_7)","decl":{"start":{"line":159,"column":29},"end":{"line":159,"column":30}},"loc":{"start":{"line":159,"column":49},"end":{"line":174,"column":3}},"line":159},"8":{"name":"(anonymous_8)","decl":{"start":{"line":176,"column":31},"end":{"line":176,"column":32}},"loc":{"start":{"line":176,"column":51},"end":{"line":199,"column":3}},"line":176},"9":{"name":"(anonymous_9)","decl":{"start":{"line":182,"column":43},"end":{"line":182,"column":44}},"loc":{"start":{"line":182,"column":55},"end":{"line":185,"column":7}},"line":182},"10":{"name":"(anonymous_10)","decl":{"start":{"line":201,"column":32},"end":{"line":201,"column":33}},"loc":{"start":{"line":201,"column":52},"end":{"line":223,"column":3}},"line":201},"11":{"name":"(anonymous_11)","decl":{"start":{"line":207,"column":43},"end":{"line":207,"column":44}},"loc":{"start":{"line":207,"column":55},"end":{"line":210,"column":7}},"line":207}},"branchMap":{"0":{"loc":{"start":{"line":8,"column":9},"end":{"line":8,"column":74}},"type":"cond-expr","locations":[{"start":{"line":8,"column":16},"end":{"line":8,"column":67}},{"start":{"line":8,"column":70},"end":{"line":8,"column":74}}],"line":8},"1":{"loc":{"start":{"line":16,"column":20},"end":{"line":16,"column":51}},"type":"cond-expr","locations":[{"start":{"line":16,"column":31},"end":{"line":16,"column":44}},{"start":{"line":16,"column":47},"end":{"line":16,"column":51}}],"line":16},"2":{"loc":{"start":{"line":32,"column":4},"end":{"line":36,"column":5}},"type":"if","locations":[{"start":{"line":32,"column":4},"end":{"line":36,"column":5}},{"start":{},"end":{}}],"line":32},"3":{"loc":{"start":{"line":49,"column":6},"end":{"line":54,"column":7}},"type":"if","locations":[{"start":{"line":49,"column":6},"end":{"line":54,"column":7}},{"start":{},"end":{}}],"line":49},"4":{"loc":{"start":{"line":82,"column":6},"end":{"line":87,"column":7}},"type":"if","locations":[{"start":{"line":82,"column":6},"end":{"line":87,"column":7}},{"start":{},"end":{}}],"line":82},"5":{"loc":{"start":{"line":106,"column":22},"end":{"line":106,"column":53}},"type":"cond-expr","locations":[{"start":{"line":106,"column":33},"end":{"line":106,"column":46}},{"start":{"line":106,"column":49},"end":{"line":106,"column":53}}],"line":106},"6":{"loc":{"start":{"line":108,"column":4},"end":{"line":110,"column":5}},"type":"if","locations":[{"start":{"line":108,"column":4},"end":{"line":110,"column":5}},{"start":{},"end":{}}],"line":108},"7":{"loc":{"start":{"line":118,"column":6},"end":{"line":120,"column":7}},"type":"if","locations":[{"start":{"line":118,"column":6},"end":{"line":120,"column":7}},{"start":{},"end":{}}],"line":118},"8":{"loc":{"start":{"line":141,"column":6},"end":{"line":145,"column":7}},"type":"if","locations":[{"start":{"line":141,"column":6},"end":{"line":145,"column":7}},{"start":{},"end":{}}],"line":141}},"s":{"0":1,"1":1,"2":1,"3":1,"4":5,"5":1,"6":4,"7":4,"8":4,"9":4,"10":4,"11":4,"12":4,"13":4,"14":3,"15":1,"16":3,"17":1,"18":2,"19":2,"20":2,"21":1,"22":3,"23":3,"24":2,"25":1,"26":1,"27":2,"28":1,"29":1,"30":1,"31":1,"32":4,"33":4,"34":4,"35":3,"36":2,"37":1,"38":1,"39":1,"40":1,"41":1,"42":5,"43":5,"44":5,"45":5,"46":1,"47":5,"48":5,"49":5,"50":5,"51":4,"52":2,"53":2,"54":1,"55":1,"56":1,"57":4,"58":4,"59":4,"60":4,"61":3,"62":2,"63":1,"64":1,"65":1,"66":1,"67":2,"68":2,"69":1,"70":1,"71":1,"72":1,"73":3,"74":3,"75":3,"76":2,"77":1,"78":2,"79":1,"80":1,"81":1,"82":3,"83":3,"84":3,"85":2,"86":1,"87":2,"88":1,"89":1},"f":{"0":5,"1":4,"2":3,"3":2,"4":4,"5":5,"6":4,"7":2,"8":3,"9":1,"10":3,"11":1},"b":{"0":[4,1],"1":[1,3],"2":[1,2],"3":[1,1],"4":[2,1],"5":[1,4],"6":[1,4],"7":[2,2],"8":[2,1]},"_coverageSchema":"1a1c01bbd47fc00a2c39e90264f33305004495a9","hash":"a89a1d7bd424d67fb5f1f0b53d605c4d2d001bf9"}
,"C:\\Users\\21277\\Desktop\\GTproject\\GrowTrackiiiiyyyy\\backend\\middlewares\\Limiter.js": {"path":"C:\\Users\\21277\\Desktop\\GTproject\\GrowTrackiiiiyyyy\\backend\\middlewares\\Limiter.js","statementMap":{"0":{"start":{"line":1,"column":18},"end":{"line":1,"column":47}},"1":{"start":{"line":3,"column":20},"end":{"line":13,"column":4}},"2":{"start":{"line":6,"column":27},"end":{"line":6,"column":33}},"3":{"start":{"line":16,"column":22},"end":{"line":25,"column":2}},"4":{"start":{"line":27,"column":0},"end":{"line":27,"column":45}}},"fnMap":{"0":{"name":"(anonymous_0)","decl":{"start":{"line":6,"column":18},"end":{"line":6,"column":19}},"loc":{"start":{"line":6,"column":27},"end":{"line":6,"column":33}},"line":6}},"branchMap":{},"s":{"0":2,"1":2,"2":1,"3":2,"4":2},"f":{"0":1},"b":{},"_coverageSchema":"1a1c01bbd47fc00a2c39e90264f33305004495a9","hash":"168d415b9ae428122052992c9f83cf34b9f15864"}
,"C:\\Users\\21277\\Desktop\\GTproject\\GrowTrackiiiiyyyy\\backend\\middlewares\\VerifyToken.js": {"path":"C:\\Users\\21277\\Desktop\\GTproject\\GrowTrackiiiiyyyy\\backend\\middlewares\\VerifyToken.js","statementMap":{"0":{"start":{"line":1,"column":12},"end":{"line":1,"column":35}},"1":{"start":{"line":3,"column":0},"end":{"line":35,"column":2}},"2":{"start":{"line":4,"column":23},"end":{"line":4,"column":66}},"3":{"start":{"line":6,"column":2},"end":{"line":11,"column":3}},"4":{"start":{"line":7,"column":4},"end":{"line":10,"column":7}},"5":{"start":{"line":13,"column":2},"end":{"line":34,"column":5}},"6":{"start":{"line":14,"column":4},"end":{"line":31,"column":5}},"7":{"start":{"line":15,"column":6},"end":{"line":30,"column":7}},"8":{"start":{"line":16,"column":8},"end":{"line":19,"column":11}},"9":{"start":{"line":20,"column":13},"end":{"line":30,"column":7}},"10":{"start":{"line":21,"column":8},"end":{"line":24,"column":11}},"11":{"start":{"line":26,"column":8},"end":{"line":29,"column":11}},"12":{"start":{"line":32,"column":4},"end":{"line":32,"column":23}},"13":{"start":{"line":33,"column":4},"end":{"line":33,"column":11}},"14":{"start":{"line":37,"column":0},"end":{"line":47,"column":2}},"15":{"start":{"line":38,"column":16},"end":{"line":38,"column":31}},"16":{"start":{"line":40,"column":2},"end":{"line":40,"column":78}},"17":{"start":{"line":40,"column":14},"end":{"line":40,"column":78}},"18":{"start":{"line":42,"column":2},"end":{"line":46,"column":5}},"19":{"start":{"line":43,"column":4},"end":{"line":43,"column":82}},"20":{"start":{"line":43,"column":13},"end":{"line":43,"column":82}},"21":{"start":{"line":44,"column":4},"end":{"line":44,"column":23}},"22":{"start":{"line":45,"column":4},"end":{"line":45,"column":11}},"23":{"start":{"line":48,"column":0},"end":{"line":58,"column":2}},"24":{"start":{"line":49,"column":16},"end":{"line":49,"column":31}},"25":{"start":{"line":51,"column":2},"end":{"line":51,"column":78}},"26":{"start":{"line":51,"column":14},"end":{"line":51,"column":78}},"27":{"start":{"line":53,"column":2},"end":{"line":57,"column":5}},"28":{"start":{"line":54,"column":4},"end":{"line":54,"column":82}},"29":{"start":{"line":54,"column":13},"end":{"line":54,"column":82}},"30":{"start":{"line":55,"column":4},"end":{"line":55,"column":23}},"31":{"start":{"line":56,"column":4},"end":{"line":56,"column":11}}},"fnMap":{"0":{"name":"(anonymous_0)","decl":{"start":{"line":3,"column":22},"end":{"line":3,"column":23}},"loc":{"start":{"line":3,"column":42},"end":{"line":35,"column":1}},"line":3},"1":{"name":"(anonymous_1)","decl":{"start":{"line":13,"column":54},"end":{"line":13,"column":55}},"loc":{"start":{"line":13,"column":72},"end":{"line":34,"column":3}},"line":13},"2":{"name":"(anonymous_2)","decl":{"start":{"line":37,"column":27},"end":{"line":37,"column":28}},"loc":{"start":{"line":37,"column":47},"end":{"line":47,"column":1}},"line":37},"3":{"name":"(anonymous_3)","decl":{"start":{"line":42,"column":46},"end":{"line":42,"column":47}},"loc":{"start":{"line":42,"column":64},"end":{"line":46,"column":3}},"line":42},"4":{"name":"(anonymous_4)","decl":{"start":{"line":48,"column":27},"end":{"line":48,"column":28}},"loc":{"start":{"line":48,"column":47},"end":{"line":58,"column":1}},"line":48},"5":{"name":"(anonymous_5)","decl":{"start":{"line":53,"column":46},"end":{"line":53,"column":47}},"loc":{"start":{"line":53,"column":64},"end":{"line":57,"column":3}},"line":53}},"branchMap":{"0":{"loc":{"start":{"line":4,"column":23},"end":{"line":4,"column":66}},"type":"binary-expr","locations":[{"start":{"line":4,"column":23},"end":{"line":4,"column":47}},{"start":{"line":4,"column":51},"end":{"line":4,"column":66}}],"line":4},"1":{"loc":{"start":{"line":6,"column":2},"end":{"line":11,"column":3}},"type":"if","locations":[{"start":{"line":6,"column":2},"end":{"line":11,"column":3}},{"start":{},"end":{}}],"line":6},"2":{"loc":{"start":{"line":14,"column":4},"end":{"line":31,"column":5}},"type":"if","locations":[{"start":{"line":14,"column":4},"end":{"line":31,"column":5}},{"start":{},"end":{}}],"line":14},"3":{"loc":{"start":{"line":15,"column":6},"end":{"line":30,"column":7}},"type":"if","locations":[{"start":{"line":15,"column":6},"end":{"line":30,"column":7}},{"start":{"line":20,"column":13},"end":{"line":30,"column":7}}],"line":15},"4":{"loc":{"start":{"line":20,"column":13},"end":{"line":30,"column":7}},"type":"if","locations":[{"start":{"line":20,"column":13},"end":{"line":30,"column":7}},{"start":{"line":25,"column":13},"end":{"line":30,"column":7}}],"line":20},"5":{"loc":{"start":{"line":40,"column":2},"end":{"line":40,"column":78}},"type":"if","locations":[{"start":{"line":40,"column":2},"end":{"line":40,"column":78}},{"start":{},"end":{}}],"line":40},"6":{"loc":{"start":{"line":43,"column":4},"end":{"line":43,"column":82}},"type":"if","locations":[{"start":{"line":43,"column":4},"end":{"line":43,"column":82}},{"start":{},"end":{}}],"line":43},"7":{"loc":{"start":{"line":51,"column":2},"end":{"line":51,"column":78}},"type":"if","locations":[{"start":{"line":51,"column":2},"end":{"line":51,"column":78}},{"start":{},"end":{}}],"line":51},"8":{"loc":{"start":{"line":54,"column":4},"end":{"line":54,"column":82}},"type":"if","locations":[{"start":{"line":54,"column":4},"end":{"line":54,"column":82}},{"start":{},"end":{}}],"line":54}},"s":{"0":1,"1":1,"2":6,"3":6,"4":1,"5":5,"6":5,"7":3,"8":1,"9":2,"10":1,"11":1,"12":2,"13":2,"14":1,"15":0,"16":0,"17":0,"18":0,"19":0,"20":0,"21":0,"22":0,"23":1,"24":3,"25":3,"26":1,"27":2,"28":2,"29":1,"30":1,"31":1},"f":{"0":6,"1":5,"2":0,"3":0,"4":3,"5":2},"b":{"0":[6,2],"1":[1,5],"2":[3,2],"3":[1,2],"4":[1,1],"5":[0,0],"6":[0,0],"7":[1,2],"8":[1,1]},"_coverageSchema":"1a1c01bbd47fc00a2c39e90264f33305004495a9","hash":"216aa0085fab8c850c412abb52919222a1373c8f"}
,"C:\\Users\\21277\\Desktop\\GTproject\\GrowTrackiiiiyyyy\\backend\\middlewares\\validate.js": {"path":"C:\\Users\\21277\\Desktop\\GTproject\\GrowTrackiiiiyyyy\\backend\\middlewares\\validate.js","statementMap":{"0":{"start":{"line":1,"column":29},"end":{"line":1,"column":57}},"1":{"start":{"line":3,"column":0},"end":{"line":16,"column":2}},"2":{"start":{"line":4,"column":2},"end":{"line":15,"column":4}},"3":{"start":{"line":5,"column":4},"end":{"line":7,"column":5}},"4":{"start":{"line":6,"column":6},"end":{"line":6,"column":26}},"5":{"start":{"line":9,"column":19},"end":{"line":9,"column":40}},"6":{"start":{"line":10,"column":4},"end":{"line":12,"column":5}},"7":{"start":{"line":11,"column":6},"end":{"line":11,"column":62}},"8":{"start":{"line":14,"column":4},"end":{"line":14,"column":11}}},"fnMap":{"0":{"name":"(anonymous_0)","decl":{"start":{"line":3,"column":19},"end":{"line":3,"column":20}},"loc":{"start":{"line":3,"column":30},"end":{"line":16,"column":1}},"line":3},"1":{"name":"(anonymous_1)","decl":{"start":{"line":4,"column":9},"end":{"line":4,"column":10}},"loc":{"start":{"line":4,"column":35},"end":{"line":15,"column":3}},"line":4}},"branchMap":{"0":{"loc":{"start":{"line":10,"column":4},"end":{"line":12,"column":5}},"type":"if","locations":[{"start":{"line":10,"column":4},"end":{"line":12,"column":5}},{"start":{},"end":{}}],"line":10}},"s":{"0":1,"1":1,"2":3,"3":3,"4":3,"5":3,"6":3,"7":1,"8":2},"f":{"0":3,"1":3},"b":{"0":[1,2]},"_coverageSchema":"1a1c01bbd47fc00a2c39e90264f33305004495a9","hash":"dfa42dd2fad16014c7c3d33f955495a4ee5c58aa"}
,"C:\\Users\\21277\\Desktop\\GTproject\\GrowTrackiiiiyyyy\\backend\\middlewares\\verificationRole.js": {"path":"C:\\Users\\21277\\Desktop\\GTproject\\GrowTrackiiiiyyyy\\backend\\middlewares\\verificationRole.js","statementMap":{"0":{"start":{"line":1,"column":20},"end":{"line":14,"column":3}},"1":{"start":{"line":2,"column":4},"end":{"line":13,"column":6}},"2":{"start":{"line":3,"column":6},"end":{"line":5,"column":7}},"3":{"start":{"line":4,"column":8},"end":{"line":4,"column":69}},"4":{"start":{"line":6,"column":25},"end":{"line":6,"column":44}},"5":{"start":{"line":8,"column":6},"end":{"line":10,"column":7}},"6":{"start":{"line":9,"column":8},"end":{"line":9,"column":70}},"7":{"start":{"line":12,"column":6},"end":{"line":12,"column":13}},"8":{"start":{"line":16,"column":0},"end":{"line":16,"column":29}}},"fnMap":{"0":{"name":"(anonymous_0)","decl":{"start":{"line":1,"column":20},"end":{"line":1,"column":21}},"loc":{"start":{"line":1,"column":41},"end":{"line":14,"column":3}},"line":1},"1":{"name":"(anonymous_1)","decl":{"start":{"line":2,"column":11},"end":{"line":2,"column":12}},"loc":{"start":{"line":2,"column":31},"end":{"line":13,"column":5}},"line":2}},"branchMap":{"0":{"loc":{"start":{"line":3,"column":6},"end":{"line":5,"column":7}},"type":"if","locations":[{"start":{"line":3,"column":6},"end":{"line":5,"column":7}},{"start":{},"end":{}}],"line":3},"1":{"loc":{"start":{"line":8,"column":6},"end":{"line":10,"column":7}},"type":"if","locations":[{"start":{"line":8,"column":6},"end":{"line":10,"column":7}},{"start":{},"end":{}}],"line":8}},"s":{"0":1,"1":18,"2":15,"3":5,"4":10,"5":10,"6":5,"7":5,"8":1},"f":{"0":18,"1":15},"b":{"0":[5,10],"1":[5,5]},"_coverageSchema":"1a1c01bbd47fc00a2c39e90264f33305004495a9","hash":"94872712ff0af2e7b0ddb0658a7da686d0c3effe"}
,"C:\\Users\\21277\\Desktop\\GTproject\\GrowTrackiiiiyyyy\\backend\\models\\authModel.js": {"path":"C:\\Users\\21277\\Desktop\\GTproject\\GrowTrackiiiiyyyy\\backend\\models\\authModel.js","statementMap":{"0":{"start":{"line":1,"column":13},"end":{"line":1,"column":36}},"1":{"start":{"line":2,"column":15},"end":{"line":2,"column":32}},"2":{"start":{"line":5,"column":0},"end":{"line":21,"column":2}},"3":{"start":{"line":6,"column":19},"end":{"line":9,"column":5}},"4":{"start":{"line":11,"column":4},"end":{"line":20,"column":21}},"5":{"start":{"line":12,"column":23},"end":{"line":12,"column":37}},"6":{"start":{"line":13,"column":25},"end":{"line":13,"column":110}},"7":{"start":{"line":14,"column":32},"end":{"line":14,"column":72}},"8":{"start":{"line":15,"column":8},"end":{"line":17,"column":9}},"9":{"start":{"line":16,"column":12},"end":{"line":16,"column":26}},"10":{"start":{"line":20,"column":9},"end":{"line":20,"column":21}},"11":{"start":{"line":23,"column":0},"end":{"line":32,"column":1}},"12":{"start":{"line":24,"column":19},"end":{"line":25,"column":16}},"13":{"start":{"line":26,"column":4},"end":{"line":30,"column":21}},"14":{"start":{"line":27,"column":23},"end":{"line":27,"column":37}},"15":{"start":{"line":28,"column":8},"end":{"line":28,"column":22}},"16":{"start":{"line":30,"column":9},"end":{"line":30,"column":21}},"17":{"start":{"line":34,"column":0},"end":{"line":45,"column":1}},"18":{"start":{"line":35,"column":19},"end":{"line":38,"column":5}},"19":{"start":{"line":40,"column":4},"end":{"line":44,"column":21}},"20":{"start":{"line":41,"column":23},"end":{"line":41,"column":37}},"21":{"start":{"line":42,"column":8},"end":{"line":42,"column":22}},"22":{"start":{"line":44,"column":9},"end":{"line":44,"column":21}},"23":{"start":{"line":47,"column":0},"end":{"line":57,"column":1}},"24":{"start":{"line":48,"column":4},"end":{"line":56,"column":5}},"25":{"start":{"line":49,"column":23},"end":{"line":49,"column":100}},"26":{"start":{"line":50,"column":8},"end":{"line":53,"column":9}},"27":{"start":{"line":51,"column":27},"end":{"line":51,"column":142}},"28":{"start":{"line":52,"column":12},"end":{"line":52,"column":34}},"29":{"start":{"line":55,"column":8},"end":{"line":55,"column":27}}},"fnMap":{"0":{"name":"(anonymous_0)","decl":{"start":{"line":5,"column":21},"end":{"line":5,"column":22}},"loc":{"start":{"line":5,"column":48},"end":{"line":21,"column":1}},"line":5},"1":{"name":"(anonymous_1)","decl":{"start":{"line":23,"column":25},"end":{"line":23,"column":26}},"loc":{"start":{"line":23,"column":40},"end":{"line":32,"column":1}},"line":23},"2":{"name":"(anonymous_2)","decl":{"start":{"line":34,"column":22},"end":{"line":34,"column":23}},"loc":{"start":{"line":34,"column":36},"end":{"line":45,"column":1}},"line":34},"3":{"name":"(anonymous_3)","decl":{"start":{"line":47,"column":25},"end":{"line":47,"column":26}},"loc":{"start":{"line":47,"column":58},"end":{"line":57,"column":1}},"line":47}},"branchMap":{"0":{"loc":{"start":{"line":11,"column":4},"end":{"line":20,"column":21}},"type":"if","locations":[{"start":{"line":11,"column":4},"end":{"line":20,"column":21}},{"start":{"line":20,"column":9},"end":{"line":20,"column":21}}],"line":11},"1":{"loc":{"start":{"line":13,"column":25},"end":{"line":13,"column":110}},"type":"cond-expr","locations":[{"start":{"line":13,"column":59},"end":{"line":13,"column":92}},{"start":{"line":13,"column":95},"end":{"line":13,"column":110}}],"line":13},"2":{"loc":{"start":{"line":15,"column":8},"end":{"line":17,"column":9}},"type":"if","locations":[{"start":{"line":15,"column":8},"end":{"line":17,"column":9}},{"start":{},"end":{}}],"line":15},"3":{"loc":{"start":{"line":26,"column":4},"end":{"line":30,"column":21}},"type":"if","locations":[{"start":{"line":26,"column":4},"end":{"line":30,"column":21}},{"start":{"line":30,"column":9},"end":{"line":30,"column":21}}],"line":26},"4":{"loc":{"start":{"line":40,"column":4},"end":{"line":44,"column":21}},"type":"if","locations":[{"start":{"line":40,"column":4},"end":{"line":44,"column":21}},{"start":{"line":44,"column":9},"end":{"line":44,"column":21}}],"line":40},"5":{"loc":{"start":{"line":50,"column":8},"end":{"line":53,"column":9}},"type":"if","locations":[{"start":{"line":50,"column":8},"end":{"line":53,"column":9}},{"start":{},"end":{}}],"line":50}},"s":{"0":2,"1":2,"2":2,"3":8,"4":8,"5":7,"6":7,"7":7,"8":7,"9":6,"10":1,"11":2,"12":2,"13":2,"14":1,"15":1,"16":1,"17":2,"18":2,"19":2,"20":1,"21":1,"22":1,"23":2,"24":3,"25":3,"26":2,"27":1,"28":1,"29":1},"f":{"0":8,"1":2,"2":2,"3":3},"b":{"0":[7,1],"1":[5,2],"2":[6,1],"3":[1,1],"4":[1,1],"5":[1,1]},"_coverageSchema":"1a1c01bbd47fc00a2c39e90264f33305004495a9","hash":"7609cf6476d0857406b58ff7b993e374c0dfccbb"}
,"C:\\Users\\21277\\Desktop\\GTproject\\GrowTrackiiiiyyyy\\backend\\models\\adminModels\\professorModel.js": {"path":"C:\\Users\\21277\\Desktop\\GTproject\\GrowTrackiiiiyyyy\\backend\\models\\adminModels\\professorModel.js","statementMap":{"0":{"start":{"line":1,"column":13},"end":{"line":1,"column":39}},"1":{"start":{"line":3,"column":0},"end":{"line":47,"column":2}},"2":{"start":{"line":4,"column":17},"end":{"line":4,"column":37}},"3":{"start":{"line":5,"column":2},"end":{"line":46,"column":3}},"4":{"start":{"line":6,"column":4},"end":{"line":6,"column":32}},"5":{"start":{"line":9,"column":19},"end":{"line":14,"column":5}},"6":{"start":{"line":17,"column":4},"end":{"line":22,"column":6}},"7":{"start":{"line":25,"column":4},"end":{"line":35,"column":5}},"8":{"start":{"line":25,"column":17},"end":{"line":25,"column":18}},"9":{"start":{"line":26,"column":24},"end":{"line":26,"column":34}},"10":{"start":{"line":27,"column":25},"end":{"line":27,"column":35}},"11":{"start":{"line":29,"column":6},"end":{"line":34,"column":8}},"12":{"start":{"line":37,"column":4},"end":{"line":37,"column":33}},"13":{"start":{"line":38,"column":4},"end":{"line":38,"column":26}},"14":{"start":{"line":41,"column":4},"end":{"line":41,"column":35}},"15":{"start":{"line":42,"column":4},"end":{"line":42,"column":55}},"16":{"start":{"line":43,"column":4},"end":{"line":43,"column":16}},"17":{"start":{"line":45,"column":4},"end":{"line":45,"column":21}},"18":{"start":{"line":51,"column":0},"end":{"line":65,"column":2}},"19":{"start":{"line":52,"column":2},"end":{"line":64,"column":3}},"20":{"start":{"line":53,"column":19},"end":{"line":59,"column":5}},"21":{"start":{"line":60,"column":4},"end":{"line":60,"column":23}},"22":{"start":{"line":62,"column":4},"end":{"line":62,"column":55}},"23":{"start":{"line":63,"column":4},"end":{"line":63,"column":16}},"24":{"start":{"line":67,"column":0},"end":{"line":88,"column":2}},"25":{"start":{"line":68,"column":2},"end":{"line":87,"column":3}},"26":{"start":{"line":69,"column":19},"end":{"line":77,"column":5}},"27":{"start":{"line":79,"column":4},"end":{"line":81,"column":5}},"28":{"start":{"line":80,"column":6},"end":{"line":80,"column":18}},"29":{"start":{"line":83,"column":4},"end":{"line":83,"column":26}},"30":{"start":{"line":85,"column":4},"end":{"line":85,"column":56}},"31":{"start":{"line":86,"column":4},"end":{"line":86,"column":16}},"32":{"start":{"line":91,"column":0},"end":{"line":152,"column":2}},"33":{"start":{"line":92,"column":2},"end":{"line":151,"column":3}},"34":{"start":{"line":93,"column":19},"end":{"line":93,"column":40}},"35":{"start":{"line":95,"column":25},"end":{"line":95,"column":27}},"36":{"start":{"line":96,"column":28},"end":{"line":96,"column":30}},"37":{"start":{"line":97,"column":24},"end":{"line":97,"column":26}},"38":{"start":{"line":100,"column":4},"end":{"line":108,"column":5}},"39":{"start":{"line":101,"column":6},"end":{"line":107,"column":7}},"40":{"start":{"line":102,"column":8},"end":{"line":102,"column":40}},"41":{"start":{"line":103,"column":13},"end":{"line":107,"column":7}},"42":{"start":{"line":104,"column":8},"end":{"line":104,"column":43}},"43":{"start":{"line":105,"column":13},"end":{"line":107,"column":7}},"44":{"start":{"line":106,"column":8},"end":{"line":106,"column":39}},"45":{"start":{"line":110,"column":24},"end":{"line":110,"column":28}},"46":{"start":{"line":113,"column":4},"end":{"line":122,"column":5}},"47":{"start":{"line":114,"column":19},"end":{"line":114,"column":44}},"48":{"start":{"line":115,"column":21},"end":{"line":115,"column":48}},"49":{"start":{"line":117,"column":24},"end":{"line":117,"column":77}},"50":{"start":{"line":117,"column":45},"end":{"line":117,"column":65}},"51":{"start":{"line":118,"column":20},"end":{"line":118,"column":109}},"52":{"start":{"line":120,"column":21},"end":{"line":120,"column":61}},"53":{"start":{"line":121,"column":6},"end":{"line":121,"column":37}},"54":{"start":{"line":125,"column":4},"end":{"line":133,"column":5}},"55":{"start":{"line":126,"column":19},"end":{"line":126,"column":47}},"56":{"start":{"line":127,"column":21},"end":{"line":127,"column":51}},"57":{"start":{"line":129,"column":24},"end":{"line":129,"column":77}},"58":{"start":{"line":129,"column":45},"end":{"line":129,"column":65}},"59":{"start":{"line":130,"column":20},"end":{"line":130,"column":100}},"60":{"start":{"line":132,"column":6},"end":{"line":132,"column":47}},"61":{"start":{"line":136,"column":4},"end":{"line":144,"column":5}},"62":{"start":{"line":137,"column":19},"end":{"line":137,"column":43}},"63":{"start":{"line":138,"column":21},"end":{"line":138,"column":47}},"64":{"start":{"line":140,"column":24},"end":{"line":140,"column":77}},"65":{"start":{"line":140,"column":45},"end":{"line":140,"column":65}},"66":{"start":{"line":141,"column":20},"end":{"line":141,"column":96}},"67":{"start":{"line":143,"column":6},"end":{"line":143,"column":47}},"68":{"start":{"line":146,"column":4},"end":{"line":146,"column":25}},"69":{"start":{"line":149,"column":4},"end":{"line":149,"column":54}},"70":{"start":{"line":150,"column":4},"end":{"line":150,"column":16}},"71":{"start":{"line":155,"column":0},"end":{"line":177,"column":2}},"72":{"start":{"line":156,"column":2},"end":{"line":176,"column":3}},"73":{"start":{"line":157,"column":4},"end":{"line":160,"column":6}},"74":{"start":{"line":162,"column":4},"end":{"line":165,"column":6}},"75":{"start":{"line":167,"column":19},"end":{"line":170,"column":5}},"76":{"start":{"line":172,"column":4},"end":{"line":172,"column":18}},"77":{"start":{"line":174,"column":4},"end":{"line":174,"column":54}},"78":{"start":{"line":175,"column":4},"end":{"line":175,"column":16}},"79":{"start":{"line":179,"column":0},"end":{"line":189,"column":2}},"80":{"start":{"line":180,"column":2},"end":{"line":188,"column":3}},"81":{"start":{"line":181,"column":19},"end":{"line":183,"column":5}},"82":{"start":{"line":184,"column":4},"end":{"line":184,"column":26}},"83":{"start":{"line":186,"column":4},"end":{"line":186,"column":63}},"84":{"start":{"line":187,"column":4},"end":{"line":187,"column":16}},"85":{"start":{"line":191,"column":0},"end":{"line":208,"column":2}},"86":{"start":{"line":192,"column":2},"end":{"line":207,"column":3}},"87":{"start":{"line":193,"column":19},"end":{"line":201,"column":5}},"88":{"start":{"line":203,"column":4},"end":{"line":203,"column":23}},"89":{"start":{"line":205,"column":4},"end":{"line":205,"column":66}},"90":{"start":{"line":206,"column":4},"end":{"line":206,"column":16}},"91":{"start":{"line":210,"column":0},"end":{"line":228,"column":2}},"92":{"start":{"line":211,"column":2},"end":{"line":227,"column":3}},"93":{"start":{"line":212,"column":19},"end":{"line":221,"column":5}},"94":{"start":{"line":223,"column":4},"end":{"line":223,"column":23}},"95":{"start":{"line":225,"column":4},"end":{"line":225,"column":67}},"96":{"start":{"line":226,"column":4},"end":{"line":226,"column":16}}},"fnMap":{"0":{"name":"(anonymous_0)","decl":{"start":{"line":3,"column":26},"end":{"line":3,"column":27}},"loc":{"start":{"line":3,"column":129},"end":{"line":47,"column":1}},"line":3},"1":{"name":"(anonymous_1)","decl":{"start":{"line":51,"column":26},"end":{"line":51,"column":27}},"loc":{"start":{"line":51,"column":38},"end":{"line":65,"column":1}},"line":51},"2":{"name":"(anonymous_2)","decl":{"start":{"line":67,"column":28},"end":{"line":67,"column":29}},"loc":{"start":{"line":67,"column":43},"end":{"line":88,"column":1}},"line":67},"3":{"name":"(anonymous_3)","decl":{"start":{"line":91,"column":30},"end":{"line":91,"column":31}},"loc":{"start":{"line":91,"column":60},"end":{"line":152,"column":1}},"line":91},"4":{"name":"(anonymous_4)","decl":{"start":{"line":117,"column":33},"end":{"line":117,"column":34}},"loc":{"start":{"line":117,"column":45},"end":{"line":117,"column":65}},"line":117},"5":{"name":"(anonymous_5)","decl":{"start":{"line":129,"column":33},"end":{"line":129,"column":34}},"loc":{"start":{"line":129,"column":45},"end":{"line":129,"column":65}},"line":129},"6":{"name":"(anonymous_6)","decl":{"start":{"line":140,"column":33},"end":{"line":140,"column":34}},"loc":{"start":{"line":140,"column":45},"end":{"line":140,"column":65}},"line":140},"7":{"name":"(anonymous_7)","decl":{"start":{"line":155,"column":30},"end":{"line":155,"column":31}},"loc":{"start":{"line":155,"column":44},"end":{"line":177,"column":1}},"line":155},"8":{"name":"(anonymous_8)","decl":{"start":{"line":179,"column":16},"end":{"line":179,"column":17}},"loc":{"start":{"line":179,"column":36},"end":{"line":189,"column":1}},"line":179},"9":{"name":"(anonymous_9)","decl":{"start":{"line":191,"column":31},"end":{"line":191,"column":32}},"loc":{"start":{"line":191,"column":49},"end":{"line":208,"column":1}},"line":191},"10":{"name":"(anonymous_10)","decl":{"start":{"line":210,"column":30},"end":{"line":210,"column":31}},"loc":{"start":{"line":210,"column":48},"end":{"line":228,"column":1}},"line":210}},"branchMap":{"0":{"loc":{"start":{"line":79,"column":4},"end":{"line":81,"column":5}},"type":"if","locations":[{"start":{"line":79,"column":4},"end":{"line":81,"column":5}},{"start":{},"end":{}}],"line":79},"1":{"loc":{"start":{"line":79,"column":8},"end":{"line":79,"column":43}},"type":"binary-expr","locations":[{"start":{"line":79,"column":8},"end":{"line":79,"column":15}},{"start":{"line":79,"column":19},"end":{"line":79,"column":43}}],"line":79},"2":{"loc":{"start":{"line":101,"column":6},"end":{"line":107,"column":7}},"type":"if","locations":[{"start":{"line":101,"column":6},"end":{"line":107,"column":7}},{"start":{"line":103,"column":13},"end":{"line":107,"column":7}}],"line":101},"3":{"loc":{"start":{"line":103,"column":13},"end":{"line":107,"column":7}},"type":"if","locations":[{"start":{"line":103,"column":13},"end":{"line":107,"column":7}},{"start":{"line":105,"column":13},"end":{"line":107,"column":7}}],"line":103},"4":{"loc":{"start":{"line":105,"column":13},"end":{"line":107,"column":7}},"type":"if","locations":[{"start":{"line":105,"column":13},"end":{"line":107,"column":7}},{"start":{},"end":{}}],"line":105},"5":{"loc":{"start":{"line":113,"column":4},"end":{"line":122,"column":5}},"type":"if","locations":[{"start":{"line":113,"column":4},"end":{"line":122,"column":5}},{"start":{},"end":{}}],"line":113},"6":{"loc":{"start":{"line":125,"column":4},"end":{"line":133,"column":5}},"type":"if","locations":[{"start":{"line":125,"column":4},"end":{"line":133,"column":5}},{"start":{},"end":{}}],"line":125},"7":{"loc":{"start":{"line":136,"column":4},"end":{"line":144,"column":5}},"type":"if","locations":[{"start":{"line":136,"column":4},"end":{"line":144,"column":5}},{"start":{},"end":{}}],"line":136}},"s":{"0":1,"1":1,"2":0,"3":0,"4":0,"5":0,"6":0,"7":0,"8":0,"9":0,"10":0,"11":0,"12":0,"13":0,"14":0,"15":0,"16":0,"17":0,"18":1,"19":0,"20":0,"21":0,"22":0,"23":0,"24":1,"25":0,"26":0,"27":0,"28":0,"29":0,"30":0,"31":0,"32":1,"33":0,"34":0,"35":0,"36":0,"37":0,"38":0,"39":0,"40":0,"41":0,"42":0,"43":0,"44":0,"45":0,"46":0,"47":0,"48":0,"49":0,"50":0,"51":0,"52":0,"53":0,"54":0,"55":0,"56":0,"57":0,"58":0,"59":0,"60":0,"61":0,"62":0,"63":0,"64":0,"65":0,"66":0,"67":0,"68":0,"69":0,"70":0,"71":1,"72":0,"73":0,"74":0,"75":0,"76":0,"77":0,"78":0,"79":1,"80":0,"81":0,"82":0,"83":0,"84":0,"85":1,"86":0,"87":0,"88":0,"89":0,"90":0,"91":1,"92":0,"93":0,"94":0,"95":0,"96":0},"f":{"0":0,"1":0,"2":0,"3":0,"4":0,"5":0,"6":0,"7":0,"8":0,"9":0,"10":0},"b":{"0":[0,0],"1":[0,0],"2":[0,0],"3":[0,0],"4":[0,0],"5":[0,0],"6":[0,0],"7":[0,0]},"_coverageSchema":"1a1c01bbd47fc00a2c39e90264f33305004495a9","hash":"49115bbed759504f820671191aa521ea3384f20d"}
,"C:\\Users\\21277\\Desktop\\GTproject\\GrowTrackiiiiyyyy\\backend\\models\\adminModels\\studentModel.js": {"path":"C:\\Users\\21277\\Desktop\\GTproject\\GrowTrackiiiiyyyy\\backend\\models\\adminModels\\studentModel.js","statementMap":{"0":{"start":{"line":1,"column":13},"end":{"line":1,"column":39}},"1":{"start":{"line":5,"column":0},"end":{"line":30,"column":4}},"2":{"start":{"line":6,"column":4},"end":{"line":29,"column":5}},"3":{"start":{"line":8,"column":21},"end":{"line":13,"column":7}},"4":{"start":{"line":17,"column":6},"end":{"line":22,"column":8}},"5":{"start":{"line":24,"column":6},"end":{"line":24,"column":28}},"6":{"start":{"line":27,"column":6},"end":{"line":27,"column":55}},"7":{"start":{"line":28,"column":6},"end":{"line":28,"column":18}},"8":{"start":{"line":34,"column":2},"end":{"line":48,"column":3}},"9":{"start":{"line":35,"column":4},"end":{"line":47,"column":5}},"10":{"start":{"line":36,"column":21},"end":{"line":42,"column":7}},"11":{"start":{"line":43,"column":6},"end":{"line":43,"column":25}},"12":{"start":{"line":45,"column":6},"end":{"line":45,"column":55}},"13":{"start":{"line":46,"column":6},"end":{"line":46,"column":18}},"14":{"start":{"line":50,"column":0},"end":{"line":71,"column":4}},"15":{"start":{"line":51,"column":4},"end":{"line":70,"column":5}},"16":{"start":{"line":52,"column":21},"end":{"line":60,"column":7}},"17":{"start":{"line":62,"column":6},"end":{"line":64,"column":7}},"18":{"start":{"line":63,"column":8},"end":{"line":63,"column":20}},"19":{"start":{"line":66,"column":6},"end":{"line":66,"column":28}},"20":{"start":{"line":68,"column":6},"end":{"line":68,"column":56}},"21":{"start":{"line":69,"column":6},"end":{"line":69,"column":18}},"22":{"start":{"line":76,"column":2},"end":{"line":126,"column":4}},"23":{"start":{"line":77,"column":4},"end":{"line":125,"column":5}},"24":{"start":{"line":79,"column":21},"end":{"line":79,"column":42}},"25":{"start":{"line":82,"column":27},"end":{"line":82,"column":29}},"26":{"start":{"line":83,"column":28},"end":{"line":83,"column":30}},"27":{"start":{"line":86,"column":6},"end":{"line":92,"column":7}},"28":{"start":{"line":87,"column":8},"end":{"line":91,"column":9}},"29":{"start":{"line":88,"column":10},"end":{"line":88,"column":42}},"30":{"start":{"line":89,"column":15},"end":{"line":91,"column":9}},"31":{"start":{"line":90,"column":10},"end":{"line":90,"column":43}},"32":{"start":{"line":95,"column":26},"end":{"line":95,"column":30}},"33":{"start":{"line":98,"column":6},"end":{"line":107,"column":7}},"34":{"start":{"line":99,"column":27},"end":{"line":99,"column":52}},"35":{"start":{"line":100,"column":29},"end":{"line":100,"column":56}},"36":{"start":{"line":102,"column":32},"end":{"line":102,"column":91}},"37":{"start":{"line":102,"column":59},"end":{"line":102,"column":79}},"38":{"start":{"line":103,"column":28},"end":{"line":103,"column":129}},"39":{"start":{"line":105,"column":23},"end":{"line":105,"column":75}},"40":{"start":{"line":106,"column":8},"end":{"line":106,"column":39}},"41":{"start":{"line":110,"column":6},"end":{"line":118,"column":7}},"42":{"start":{"line":111,"column":28},"end":{"line":111,"column":54}},"43":{"start":{"line":112,"column":30},"end":{"line":112,"column":58}},"44":{"start":{"line":114,"column":33},"end":{"line":114,"column":93}},"45":{"start":{"line":114,"column":61},"end":{"line":114,"column":81}},"46":{"start":{"line":115,"column":29},"end":{"line":115,"column":121}},"47":{"start":{"line":117,"column":8},"end":{"line":117,"column":63}},"48":{"start":{"line":120,"column":6},"end":{"line":120,"column":27}},"49":{"start":{"line":123,"column":6},"end":{"line":123,"column":54}},"50":{"start":{"line":124,"column":6},"end":{"line":124,"column":18}},"51":{"start":{"line":129,"column":0},"end":{"line":166,"column":4}},"52":{"start":{"line":130,"column":4},"end":{"line":165,"column":5}},"53":{"start":{"line":132,"column":6},"end":{"line":135,"column":8}},"54":{"start":{"line":137,"column":6},"end":{"line":140,"column":8}},"55":{"start":{"line":142,"column":6},"end":{"line":145,"column":8}},"56":{"start":{"line":146,"column":6},"end":{"line":149,"column":8}},"57":{"start":{"line":151,"column":6},"end":{"line":154,"column":8}},"58":{"start":{"line":156,"column":21},"end":{"line":159,"column":7}},"59":{"start":{"line":160,"column":6},"end":{"line":160,"column":20}},"60":{"start":{"line":163,"column":6},"end":{"line":163,"column":54}},"61":{"start":{"line":164,"column":6},"end":{"line":164,"column":18}},"62":{"start":{"line":168,"column":0},"end":{"line":178,"column":3}},"63":{"start":{"line":169,"column":4},"end":{"line":177,"column":5}},"64":{"start":{"line":170,"column":21},"end":{"line":172,"column":7}},"65":{"start":{"line":173,"column":6},"end":{"line":173,"column":28}},"66":{"start":{"line":175,"column":6},"end":{"line":175,"column":53}},"67":{"start":{"line":176,"column":6},"end":{"line":176,"column":18}},"68":{"start":{"line":180,"column":0},"end":{"line":202,"column":4}},"69":{"start":{"line":181,"column":4},"end":{"line":201,"column":5}},"70":{"start":{"line":182,"column":21},"end":{"line":194,"column":7}},"71":{"start":{"line":196,"column":6},"end":{"line":196,"column":25}},"72":{"start":{"line":199,"column":6},"end":{"line":199,"column":66}},"73":{"start":{"line":200,"column":6},"end":{"line":200,"column":18}},"74":{"start":{"line":204,"column":2},"end":{"line":225,"column":4}},"75":{"start":{"line":205,"column":4},"end":{"line":224,"column":5}},"76":{"start":{"line":206,"column":21},"end":{"line":217,"column":7}},"77":{"start":{"line":219,"column":6},"end":{"line":219,"column":25}},"78":{"start":{"line":222,"column":6},"end":{"line":222,"column":67}},"79":{"start":{"line":223,"column":6},"end":{"line":223,"column":18}}},"fnMap":{"0":{"name":"(anonymous_0)","decl":{"start":{"line":5,"column":24},"end":{"line":5,"column":25}},"loc":{"start":{"line":5,"column":106},"end":{"line":30,"column":3}},"line":5},"1":{"name":"(anonymous_1)","decl":{"start":{"line":34,"column":27},"end":{"line":34,"column":28}},"loc":{"start":{"line":34,"column":39},"end":{"line":48,"column":3}},"line":34},"2":{"name":"(anonymous_2)","decl":{"start":{"line":50,"column":26},"end":{"line":50,"column":27}},"loc":{"start":{"line":50,"column":41},"end":{"line":71,"column":3}},"line":50},"3":{"name":"(anonymous_3)","decl":{"start":{"line":76,"column":30},"end":{"line":76,"column":31}},"loc":{"start":{"line":76,"column":60},"end":{"line":126,"column":3}},"line":76},"4":{"name":"(anonymous_4)","decl":{"start":{"line":102,"column":47},"end":{"line":102,"column":48}},"loc":{"start":{"line":102,"column":59},"end":{"line":102,"column":79}},"line":102},"5":{"name":"(anonymous_5)","decl":{"start":{"line":114,"column":49},"end":{"line":114,"column":50}},"loc":{"start":{"line":114,"column":61},"end":{"line":114,"column":81}},"line":114},"6":{"name":"(anonymous_6)","decl":{"start":{"line":129,"column":28},"end":{"line":129,"column":29}},"loc":{"start":{"line":129,"column":42},"end":{"line":166,"column":3}},"line":129},"7":{"name":"(anonymous_7)","decl":{"start":{"line":168,"column":16},"end":{"line":168,"column":17}},"loc":{"start":{"line":168,"column":35},"end":{"line":178,"column":3}},"line":168},"8":{"name":"(anonymous_8)","decl":{"start":{"line":180,"column":29},"end":{"line":180,"column":30}},"loc":{"start":{"line":180,"column":47},"end":{"line":202,"column":3}},"line":180},"9":{"name":"(anonymous_9)","decl":{"start":{"line":204,"column":32},"end":{"line":204,"column":33}},"loc":{"start":{"line":204,"column":50},"end":{"line":225,"column":3}},"line":204}},"branchMap":{"0":{"loc":{"start":{"line":62,"column":6},"end":{"line":64,"column":7}},"type":"if","locations":[{"start":{"line":62,"column":6},"end":{"line":64,"column":7}},{"start":{},"end":{}}],"line":62},"1":{"loc":{"start":{"line":62,"column":10},"end":{"line":62,"column":45}},"type":"binary-expr","locations":[{"start":{"line":62,"column":10},"end":{"line":62,"column":17}},{"start":{"line":62,"column":21},"end":{"line":62,"column":45}}],"line":62},"2":{"loc":{"start":{"line":87,"column":8},"end":{"line":91,"column":9}},"type":"if","locations":[{"start":{"line":87,"column":8},"end":{"line":91,"column":9}},{"start":{"line":89,"column":15},"end":{"line":91,"column":9}}],"line":87},"3":{"loc":{"start":{"line":89,"column":15},"end":{"line":91,"column":9}},"type":"if","locations":[{"start":{"line":89,"column":15},"end":{"line":91,"column":9}},{"start":{},"end":{}}],"line":89},"4":{"loc":{"start":{"line":98,"column":6},"end":{"line":107,"column":7}},"type":"if","locations":[{"start":{"line":98,"column":6},"end":{"line":107,"column":7}},{"start":{},"end":{}}],"line":98},"5":{"loc":{"start":{"line":110,"column":6},"end":{"line":118,"column":7}},"type":"if","locations":[{"start":{"line":110,"column":6},"end":{"line":118,"column":7}},{"start":{},"end":{}}],"line":110}},"s":{"0":1,"1":1,"2":0,"3":0,"4":0,"5":0,"6":0,"7":0,"8":1,"9":0,"10":0,"11":0,"12":0,"13":0,"14":1,"15":0,"16":0,"17":0,"18":0,"19":0,"20":0,"21":0,"22":1,"23":0,"24":0,"25":0,"26":0,"27":0,"28":0,"29":0,"30":0,"31":0,"32":0,"33":0,"34":0,"35":0,"36":0,"37":0,"38":0,"39":0,"40":0,"41":0,"42":0,"43":0,"44":0,"45":0,"46":0,"47":0,"48":0,"49":0,"50":0,"51":1,"52":0,"53":0,"54":0,"55":0,"56":0,"57":0,"58":0,"59":0,"60":0,"61":0,"62":1,"63":0,"64":0,"65":0,"66":0,"67":0,"68":1,"69":0,"70":0,"71":0,"72":0,"73":0,"74":1,"75":0,"76":0,"77":0,"78":0,"79":0},"f":{"0":0,"1":0,"2":0,"3":0,"4":0,"5":0,"6":0,"7":0,"8":0,"9":0},"b":{"0":[0,0],"1":[0,0],"2":[0,0],"3":[0,0],"4":[0,0],"5":[0,0]},"_coverageSchema":"1a1c01bbd47fc00a2c39e90264f33305004495a9","hash":"a43dd8840ababfe55189de39de06f2361ff4a977"}
,"C:\\Users\\21277\\Desktop\\GTproject\\GrowTrackiiiiyyyy\\backend\\routes\\AuthRoute.js": {"path":"C:\\Users\\21277\\Desktop\\GTproject\\GrowTrackiiiiyyyy\\backend\\routes\\AuthRoute.js","statementMap":{"0":{"start":{"line":1,"column":16},"end":{"line":1,"column":34}},"1":{"start":{"line":2,"column":15},"end":{"line":2,"column":31}},"2":{"start":{"line":3,"column":23},"end":{"line":3,"column":63}},"3":{"start":{"line":4,"column":18},"end":{"line":4,"column":52}},"4":{"start":{"line":5,"column":21},"end":{"line":5,"column":55}},"5":{"start":{"line":6,"column":22},"end":{"line":6,"column":55}},"6":{"start":{"line":7,"column":22},"end":{"line":7,"column":59}},"7":{"start":{"line":9,"column":0},"end":{"line":9,"column":24}},"8":{"start":{"line":11,"column":0},"end":{"line":11,"column":69}},"9":{"start":{"line":12,"column":0},"end":{"line":12,"column":82}},"10":{"start":{"line":13,"column":0},"end":{"line":13,"column":45}},"11":{"start":{"line":14,"column":0},"end":{"line":14,"column":52}},"12":{"start":{"line":15,"column":0},"end":{"line":15,"column":55}},"13":{"start":{"line":18,"column":0},"end":{"line":18,"column":24}}},"fnMap":{},"branchMap":{},"s":{"0":1,"1":1,"2":1,"3":1,"4":1,"5":1,"6":1,"7":1,"8":1,"9":1,"10":1,"11":1,"12":1,"13":1},"f":{},"b":{},"_coverageSchema":"1a1c01bbd47fc00a2c39e90264f33305004495a9","hash":"a89a93cd9d31bcc6512c7c846df2fd608fe1d7ce"}
,"C:\\Users\\21277\\Desktop\\GTproject\\GrowTrackiiiiyyyy\\backend\\validators\\ContactUsRules.js": {"path":"C:\\Users\\21277\\Desktop\\GTproject\\GrowTrackiiiiyyyy\\backend\\validators\\ContactUsRules.js","statementMap":{"0":{"start":{"line":1,"column":17},"end":{"line":1,"column":45}},"1":{"start":{"line":3,"column":0},"end":{"line":31,"column":2}}},"fnMap":{},"branchMap":{},"s":{"0":1,"1":1},"f":{},"b":{},"_coverageSchema":"1a1c01bbd47fc00a2c39e90264f33305004495a9","hash":"e617e156de2c178b25c0c486be1952b39ce93511"}
,"C:\\Users\\21277\\Desktop\\GTproject\\GrowTrackiiiiyyyy\\backend\\validators\\adminInputsRules.js": {"path":"C:\\Users\\21277\\Desktop\\GTproject\\GrowTrackiiiiyyyy\\backend\\validators\\adminInputsRules.js","statementMap":{"0":{"start":{"line":1,"column":18},"end":{"line":1,"column":46}},"1":{"start":{"line":3,"column":12},"end":{"line":3,"column":55}},"2":{"start":{"line":5,"column":0},"end":{"line":9,"column":2}},"3":{"start":{"line":11,"column":0},"end":{"line":19,"column":4}},"4":{"start":{"line":15,"column":8},"end":{"line":17,"column":9}},"5":{"start":{"line":16,"column":10},"end":{"line":16,"column":57}},"6":{"start":{"line":17,"column":9},"end":{"line":17,"column":21}}},"fnMap":{"0":{"name":"(anonymous_0)","decl":{"start":{"line":14,"column":14},"end":{"line":14,"column":15}},"loc":{"start":{"line":14,"column":23},"end":{"line":18,"column":7}},"line":14}},"branchMap":{"0":{"loc":{"start":{"line":15,"column":8},"end":{"line":17,"column":9}},"type":"if","locations":[{"start":{"line":15,"column":8},"end":{"line":17,"column":9}},{"start":{},"end":{}}],"line":15}},"s":{"0":1,"1":1,"2":1,"3":1,"4":12,"5":4,"6":7},"f":{"0":12},"b":{"0":[4,7]},"_coverageSchema":"1a1c01bbd47fc00a2c39e90264f33305004495a9","hash":"be604d2bb88d5d8120594fa49f91232e2b3a8b10"}
,"C:\\Users\\21277\\Desktop\\GTproject\\GrowTrackiiiiyyyy\\backend\\validators\\authrules.js": {"path":"C:\\Users\\21277\\Desktop\\GTproject\\GrowTrackiiiiyyyy\\backend\\validators\\authrules.js","statementMap":{"0":{"start":{"line":1,"column":17},"end":{"line":1,"column":45}},"1":{"start":{"line":3,"column":28},"end":{"line":9,"column":1}},"2":{"start":{"line":12,"column":0},"end":{"line":20,"column":2}},"3":{"start":{"line":23,"column":0},"end":{"line":36,"column":4}},"4":{"start":{"line":28,"column":6},"end":{"line":30,"column":7}},"5":{"start":{"line":29,"column":8},"end":{"line":29,"column":49}},"6":{"start":{"line":31,"column":6},"end":{"line":33,"column":7}},"7":{"start":{"line":32,"column":10},"end":{"line":32,"column":101}},"8":{"start":{"line":34,"column":6},"end":{"line":34,"column":18}},"9":{"start":{"line":38,"column":0},"end":{"line":43,"column":4}}},"fnMap":{"0":{"name":"(anonymous_0)","decl":{"start":{"line":27,"column":10},"end":{"line":27,"column":11}},"loc":{"start":{"line":27,"column":19},"end":{"line":35,"column":5}},"line":27}},"branchMap":{"0":{"loc":{"start":{"line":28,"column":6},"end":{"line":30,"column":7}},"type":"if","locations":[{"start":{"line":28,"column":6},"end":{"line":30,"column":7}},{"start":{},"end":{}}],"line":28},"1":{"loc":{"start":{"line":31,"column":6},"end":{"line":33,"column":7}},"type":"if","locations":[{"start":{"line":31,"column":6},"end":{"line":33,"column":7}},{"start":{},"end":{}}],"line":31}},"s":{"0":1,"1":1,"2":1,"3":1,"4":4,"5":1,"6":3,"7":2,"8":1,"9":1},"f":{"0":4},"b":{"0":[1,3],"1":[2,1]},"_coverageSchema":"1a1c01bbd47fc00a2c39e90264f33305004495a9","hash":"02db5c6c33dfb1ddad734d3a4a5300fdc9b1a04d"}
}
