TN:
SF:config\db.js
FNF:0
FNH:0
DA:1,2
DA:2,2
DA:3,2
DA:7,2
DA:8,0
DA:12,0
DA:14,2
DA:22,2
DA:27,2
LF:9
LH:7
BRDA:7,0,0,0
BRDA:7,0,1,2
BRF:2
BRH:1
end_of_record
TN:
SF:controllers\authController.js
FN:9,(anonymous_0)
FN:46,(anonymous_1)
FN:81,(anonymous_2)
FN:151,(anonymous_3)
FN:191,(anonymous_4)
FN:208,(anonymous_5)
FNF:6
FNH:6
FNDA:4,(anonymous_0)
FNDA:5,(anonymous_1)
FNDA:2,(anonymous_2)
FNDA:5,(anonymous_3)
FNDA:3,(anonymous_4)
FNDA:4,(anonymous_5)
DA:1,1
DA:2,1
DA:3,1
DA:4,1
DA:5,1
DA:6,1
DA:8,1
DA:10,4
DA:11,4
DA:12,4
DA:13,3
DA:14,1
DA:15,1
DA:19,1
DA:24,1
DA:29,1
DA:35,1
DA:37,2
DA:41,1
DA:46,1
DA:47,5
DA:48,5
DA:49,1
DA:52,4
DA:53,4
DA:55,2
DA:56,2
DA:57,1
DA:60,1
DA:65,1
DA:71,1
DA:76,2
DA:77,2
DA:81,1
DA:82,2
DA:83,2
DA:88,1
DA:93,1
DA:95,1
DA:96,1
DA:100,1
DA:150,1
DA:152,5
DA:153,5
DA:154,5
DA:155,4
DA:157,3
DA:162,3
DA:163,3
DA:175,3
DA:177,2
DA:178,1
DA:185,2
DA:186,2
DA:190,1
DA:192,3
DA:193,3
DA:194,3
DA:195,2
DA:196,2
DA:197,1
DA:200,1
DA:203,1
DA:204,1
DA:208,1
DA:209,4
DA:210,3
DA:212,1
LF:68
LH:68
BRDA:13,0,0,1
BRDA:13,0,1,2
BRDA:48,1,0,1
BRDA:48,1,1,4
BRDA:56,2,0,1
BRDA:56,2,1,1
BRDA:155,3,0,1
BRDA:155,3,1,3
BRDA:177,4,0,1
BRDA:177,4,1,1
BRDA:196,5,0,1
BRDA:196,5,1,1
BRDA:209,6,0,3
BRDA:209,6,1,1
BRF:14
BRH:14
end_of_record
TN:
SF:controllers\adminControllers\AdminDashboardController.js
FN:5,(anonymous_0)
FN:17,(anonymous_1)
FN:42,(anonymous_2)
FN:54,(anonymous_3)
FN:81,(anonymous_4)
FN:94,(anonymous_5)
FN:122,(anonymous_6)
FN:138,(anonymous_7)
FN:154,(anonymous_8)
FN:175,(anonymous_9)
FN:189,(anonymous_10)
FNF:11
FNH:11
FNDA:2,(anonymous_0)
FNDA:4,(anonymous_1)
FNDA:2,(anonymous_2)
FNDA:2,(anonymous_3)
FNDA:1,(anonymous_4)
FNDA:4,(anonymous_5)
FNDA:1,(anonymous_6)
FNDA:1,(anonymous_7)
FNDA:2,(anonymous_8)
FNDA:2,(anonymous_9)
FNDA:2,(anonymous_10)
DA:1,1
DA:4,1
DA:6,2
DA:7,2
DA:8,1
DA:10,1
DA:11,1
DA:16,1
DA:18,4
DA:19,4
DA:22,3
DA:23,2
DA:24,1
DA:26,1
DA:29,1
DA:31,3
DA:32,3
DA:35,1
DA:36,1
DA:41,1
DA:43,2
DA:44,2
DA:45,1
DA:47,1
DA:48,1
DA:53,1
DA:55,2
DA:56,2
DA:59,2
DA:60,1
DA:61,0
DA:63,1
DA:66,1
DA:69,2
DA:71,2
DA:74,0
DA:75,0
DA:80,1
DA:82,1
DA:83,1
DA:85,1
DA:87,0
DA:88,0
DA:93,1
DA:95,4
DA:96,4
DA:97,4
DA:99,4
DA:105,4
DA:107,4
DA:109,4
DA:110,4
DA:115,0
DA:116,0
DA:121,1
DA:123,1
DA:124,1
DA:126,1
DA:131,0
DA:132,0
DA:137,1
DA:139,1
DA:140,1
DA:142,1
DA:147,0
DA:148,0
DA:153,1
DA:155,2
DA:156,2
DA:158,2
DA:159,2
DA:160,2
DA:162,2
DA:169,0
DA:170,0
DA:175,1
DA:176,2
DA:177,2
DA:179,1
DA:184,1
DA:185,1
DA:189,1
DA:190,2
DA:191,2
DA:193,1
DA:198,1
DA:199,1
LF:87
LH:74
BRDA:22,0,0,2
BRDA:22,0,1,1
BRDA:23,1,0,1
BRDA:23,1,1,1
BRDA:59,2,0,1
BRDA:59,2,1,1
BRDA:60,3,0,0
BRDA:60,3,1,1
BRDA:99,4,0,2
BRDA:99,4,1,2
BRDA:101,5,0,1
BRDA:101,5,1,1
BRDA:107,6,0,1
BRDA:107,6,1,3
BRF:14
BRH:13
end_of_record
TN:
SF:controllers\adminControllers\AdminProfile_Controller.js
FN:3,(anonymous_0)
FN:20,(anonymous_1)
FNF:2
FNH:2
FNDA:11,(anonymous_0)
FNDA:12,(anonymous_1)
DA:1,1
DA:3,1
DA:4,11
DA:5,11
DA:7,10
DA:9,8
DA:10,2
DA:12,6
DA:15,3
DA:16,3
DA:20,1
DA:21,12
DA:22,12
DA:24,11
DA:26,9
DA:27,4
DA:29,5
DA:32,3
DA:33,3
LF:19
LH:19
BRDA:9,0,0,2
BRDA:9,0,1,6
BRDA:26,1,0,4
BRDA:26,1,1,5
BRF:4
BRH:4
end_of_record
TN:
SF:controllers\adminControllers\classController.js
FN:4,(anonymous_0)
FN:24,(anonymous_1)
FN:37,(anonymous_2)
FN:57,(anonymous_3)
FN:78,(anonymous_4)
FN:95,(anonymous_5)
FNF:6
FNH:6
FNDA:8,(anonymous_0)
FNDA:5,(anonymous_1)
FNDA:6,(anonymous_2)
FNDA:5,(anonymous_3)
FNDA:5,(anonymous_4)
FNDA:4,(anonymous_5)
DA:2,1
DA:4,1
DA:5,8
DA:7,8
DA:8,8
DA:9,3
DA:12,5
DA:14,4
DA:19,1
DA:20,1
DA:24,1
DA:25,5
DA:26,5
DA:27,3
DA:32,2
DA:33,2
DA:37,1
DA:38,6
DA:40,6
DA:41,6
DA:43,5
DA:44,3
DA:47,2
DA:52,1
DA:53,1
DA:57,1
DA:58,5
DA:59,5
DA:61,5
DA:62,5
DA:64,4
DA:65,3
DA:68,1
DA:73,1
DA:74,1
DA:78,1
DA:79,5
DA:81,5
DA:82,5
DA:84,4
DA:85,2
DA:88,2
DA:90,1
DA:91,1
DA:95,1
DA:96,4
DA:97,4
DA:98,3
DA:103,1
DA:104,1
LF:50
LH:50
BRDA:8,0,0,3
BRDA:8,0,1,5
BRDA:43,1,0,3
BRDA:43,1,1,2
BRDA:64,2,0,3
BRDA:64,2,1,1
BRDA:84,3,0,2
BRDA:84,3,1,2
BRF:8
BRH:8
end_of_record
TN:
SF:controllers\adminControllers\professorController.js
FN:6,(anonymous_0)
FN:10,(anonymous_1)
FN:62,(anonymous_2)
FN:74,(anonymous_3)
FN:92,(anonymous_4)
FN:121,(anonymous_5)
FN:150,(anonymous_6)
FN:173,(anonymous_7)
FN:190,(anonymous_8)
FN:196,(anonymous_9)
FN:214,(anonymous_10)
FN:220,(anonymous_11)
FNF:12
FNH:12
FNDA:6,(anonymous_0)
FNDA:12,(anonymous_1)
FNDA:4,(anonymous_2)
FNDA:3,(anonymous_3)
FNDA:4,(anonymous_4)
FNDA:4,(anonymous_5)
FNDA:3,(anonymous_6)
FNDA:3,(anonymous_7)
FNDA:2,(anonymous_8)
FNDA:1,(anonymous_9)
FNDA:2,(anonymous_10)
FNDA:1,(anonymous_11)
DA:1,1
DA:2,1
DA:3,1
DA:6,1
DA:7,6
DA:10,1
DA:11,12
DA:12,12
DA:13,12
DA:15,12
DA:17,12
DA:18,12
DA:20,12
DA:21,2
DA:24,11
DA:25,3
DA:29,9
DA:30,1
DA:33,8
DA:34,1
DA:37,7
DA:38,7
DA:39,7
DA:41,6
DA:45,4
DA:51,6
DA:52,1
DA:56,5
DA:57,5
DA:58,5
DA:62,1
DA:63,4
DA:64,4
DA:66,3
DA:67,1
DA:74,3
DA:79,2
DA:85,1
DA:86,1
DA:92,1
DA:93,4
DA:95,4
DA:96,4
DA:98,2
DA:99,1
DA:106,1
DA:108,1
DA:114,2
DA:115,2
DA:121,1
DA:122,4
DA:123,4
DA:124,4
DA:126,4
DA:127,1
DA:130,4
DA:131,4
DA:133,4
DA:134,4
DA:136,3
DA:137,1
DA:140,2
DA:145,1
DA:146,1
DA:150,1
DA:151,3
DA:153,3
DA:154,3
DA:156,2
DA:157,1
DA:162,1
DA:166,1
DA:167,1
DA:173,1
DA:174,3
DA:175,3
DA:177,2
DA:183,1
DA:184,1
DA:190,1
DA:191,2
DA:193,2
DA:194,2
DA:196,1
DA:201,1
DA:207,1
DA:208,1
DA:214,1
DA:215,2
DA:217,2
DA:218,2
DA:220,1
DA:225,1
DA:231,1
DA:232,1
LF:95
LH:95
BRDA:7,0,0,4
BRDA:7,0,1,2
BRDA:13,1,0,1
BRDA:13,1,1,11
BRDA:20,2,0,2
BRDA:20,2,1,10
BRDA:24,3,0,3
BRDA:24,3,1,8
BRDA:29,4,0,1
BRDA:29,4,1,8
BRDA:29,5,0,9
BRDA:29,5,1,9
BRDA:33,6,0,1
BRDA:33,6,1,7
BRDA:51,7,0,1
BRDA:51,7,1,5
BRDA:66,8,0,1
BRDA:66,8,1,2
BRDA:98,9,0,1
BRDA:98,9,1,1
BRDA:124,10,0,1
BRDA:124,10,1,3
BRDA:126,11,0,1
BRDA:126,11,1,3
BRDA:136,12,0,1
BRDA:136,12,1,2
BRDA:156,13,0,1
BRDA:156,13,1,1
BRF:28
BRH:28
end_of_record
TN:
SF:controllers\adminControllers\studentController.js
FN:7,(anonymous_0)
FN:13,(anonymous_1)
FN:45,(anonymous_2)
FN:57,(anonymous_3)
FN:76,(anonymous_4)
FN:103,(anonymous_5)
FN:134,(anonymous_6)
FN:159,(anonymous_7)
FN:176,(anonymous_8)
FN:182,(anonymous_9)
FN:201,(anonymous_10)
FN:207,(anonymous_11)
FNF:12
FNH:12
FNDA:5,(anonymous_0)
FNDA:4,(anonymous_1)
FNDA:3,(anonymous_2)
FNDA:2,(anonymous_3)
FNDA:4,(anonymous_4)
FNDA:5,(anonymous_5)
FNDA:4,(anonymous_6)
FNDA:2,(anonymous_7)
FNDA:3,(anonymous_8)
FNDA:1,(anonymous_9)
FNDA:3,(anonymous_10)
FNDA:1,(anonymous_11)
DA:2,1
DA:3,1
DA:4,1
DA:7,1
DA:8,5
DA:13,1
DA:14,4
DA:15,4
DA:16,4
DA:18,4
DA:19,4
DA:20,4
DA:21,4
DA:22,4
DA:24,3
DA:26,1
DA:32,3
DA:33,1
DA:37,2
DA:40,2
DA:41,2
DA:45,1
DA:46,3
DA:47,3
DA:49,2
DA:50,1
DA:57,2
DA:62,1
DA:68,1
DA:69,1
DA:76,1
DA:77,4
DA:79,4
DA:80,4
DA:82,3
DA:83,2
DA:88,1
DA:90,1
DA:96,1
DA:97,1
DA:103,1
DA:104,5
DA:105,5
DA:106,5
DA:108,5
DA:109,1
DA:112,5
DA:113,5
DA:115,5
DA:116,5
DA:118,4
DA:119,2
DA:122,2
DA:127,1
DA:128,1
DA:134,1
DA:135,4
DA:136,4
DA:138,4
DA:139,4
DA:141,3
DA:142,2
DA:147,1
DA:151,1
DA:152,1
DA:159,1
DA:160,2
DA:161,2
DA:163,1
DA:169,1
DA:170,1
DA:176,1
DA:177,3
DA:179,3
DA:180,3
DA:182,2
DA:187,2
DA:194,1
DA:195,1
DA:201,1
DA:202,3
DA:204,3
DA:205,3
DA:207,2
DA:212,2
DA:218,1
DA:219,1
LF:87
LH:87
BRDA:8,0,0,4
BRDA:8,0,1,1
BRDA:16,1,0,1
BRDA:16,1,1,3
BRDA:32,2,0,1
BRDA:32,2,1,2
BRDA:49,3,0,1
BRDA:49,3,1,1
BRDA:82,4,0,2
BRDA:82,4,1,1
BRDA:106,5,0,1
BRDA:106,5,1,4
BRDA:108,6,0,1
BRDA:108,6,1,4
BRDA:118,7,0,2
BRDA:118,7,1,2
BRDA:141,8,0,2
BRDA:141,8,1,1
BRF:18
BRH:18
end_of_record
TN:
SF:middlewares\Limiter.js
FN:6,(anonymous_0)
FNF:1
FNH:1
FNDA:1,(anonymous_0)
DA:1,2
DA:3,2
DA:6,1
DA:16,2
DA:27,2
LF:5
LH:5
BRF:0
BRH:0
end_of_record
TN:
SF:middlewares\VerifyToken.js
FN:3,(anonymous_0)
FN:13,(anonymous_1)
FN:37,(anonymous_2)
FN:42,(anonymous_3)
FN:48,(anonymous_4)
FN:53,(anonymous_5)
FNF:6
FNH:4
FNDA:6,(anonymous_0)
FNDA:5,(anonymous_1)
FNDA:0,(anonymous_2)
FNDA:0,(anonymous_3)
FNDA:3,(anonymous_4)
FNDA:2,(anonymous_5)
DA:1,1
DA:3,1
DA:4,6
DA:6,6
DA:7,1
DA:13,5
DA:14,5
DA:15,3
DA:16,1
DA:20,2
DA:21,1
DA:26,1
DA:32,2
DA:33,2
DA:37,1
DA:38,0
DA:40,0
DA:42,0
DA:43,0
DA:44,0
DA:45,0
DA:48,1
DA:49,3
DA:51,3
DA:53,2
DA:54,2
DA:55,1
DA:56,1
LF:28
LH:22
BRDA:4,0,0,6
BRDA:4,0,1,2
BRDA:6,1,0,1
BRDA:6,1,1,5
BRDA:14,2,0,3
BRDA:14,2,1,2
BRDA:15,3,0,1
BRDA:15,3,1,2
BRDA:20,4,0,1
BRDA:20,4,1,1
BRDA:40,5,0,0
BRDA:40,5,1,0
BRDA:43,6,0,0
BRDA:43,6,1,0
BRDA:51,7,0,1
BRDA:51,7,1,2
BRDA:54,8,0,1
BRDA:54,8,1,1
BRF:18
BRH:14
end_of_record
TN:
SF:middlewares\validate.js
FN:3,(anonymous_0)
FN:4,(anonymous_1)
FNF:2
FNH:2
FNDA:3,(anonymous_0)
FNDA:3,(anonymous_1)
DA:1,1
DA:3,1
DA:4,3
DA:5,3
DA:6,3
DA:9,3
DA:10,3
DA:11,1
DA:14,2
LF:9
LH:9
BRDA:10,0,0,1
BRDA:10,0,1,2
BRF:2
BRH:2
end_of_record
TN:
SF:middlewares\verificationRole.js
FN:1,(anonymous_0)
FN:2,(anonymous_1)
FNF:2
FNH:2
FNDA:18,(anonymous_0)
FNDA:15,(anonymous_1)
DA:1,1
DA:2,18
DA:3,15
DA:4,5
DA:6,10
DA:8,10
DA:9,5
DA:12,5
DA:16,1
LF:9
LH:9
BRDA:3,0,0,5
BRDA:3,0,1,10
BRDA:8,1,0,5
BRDA:8,1,1,5
BRF:4
BRH:4
end_of_record
TN:
SF:models\authModel.js
FN:5,(anonymous_0)
FN:23,(anonymous_1)
FN:34,(anonymous_2)
FN:47,(anonymous_3)
FNF:4
FNH:4
FNDA:8,(anonymous_0)
FNDA:2,(anonymous_1)
FNDA:2,(anonymous_2)
FNDA:3,(anonymous_3)
DA:1,2
DA:2,2
DA:5,2
DA:6,8
DA:11,8
DA:12,7
DA:13,7
DA:14,7
DA:15,7
DA:16,6
DA:20,1
DA:23,2
DA:24,2
DA:26,2
DA:27,1
DA:28,1
DA:30,1
DA:34,2
DA:35,2
DA:40,2
DA:41,1
DA:42,1
DA:44,1
DA:47,2
DA:48,3
DA:49,3
DA:50,2
DA:51,1
DA:52,1
DA:55,1
LF:30
LH:30
BRDA:11,0,0,7
BRDA:11,0,1,1
BRDA:13,1,0,5
BRDA:13,1,1,2
BRDA:15,2,0,6
BRDA:15,2,1,1
BRDA:26,3,0,1
BRDA:26,3,1,1
BRDA:40,4,0,1
BRDA:40,4,1,1
BRDA:50,5,0,1
BRDA:50,5,1,1
BRF:12
BRH:12
end_of_record
TN:
SF:models\adminModels\professorModel.js
FN:3,(anonymous_0)
FN:51,(anonymous_1)
FN:67,(anonymous_2)
FN:91,(anonymous_3)
FN:117,(anonymous_4)
FN:129,(anonymous_5)
FN:140,(anonymous_6)
FN:155,(anonymous_7)
FN:179,(anonymous_8)
FN:191,(anonymous_9)
FN:210,(anonymous_10)
FNF:11
FNH:0
FNDA:0,(anonymous_0)
FNDA:0,(anonymous_1)
FNDA:0,(anonymous_2)
FNDA:0,(anonymous_3)
FNDA:0,(anonymous_4)
FNDA:0,(anonymous_5)
FNDA:0,(anonymous_6)
FNDA:0,(anonymous_7)
FNDA:0,(anonymous_8)
FNDA:0,(anonymous_9)
FNDA:0,(anonymous_10)
DA:1,1
DA:3,1
DA:4,0
DA:5,0
DA:6,0
DA:9,0
DA:17,0
DA:25,0
DA:26,0
DA:27,0
DA:29,0
DA:37,0
DA:38,0
DA:41,0
DA:42,0
DA:43,0
DA:45,0
DA:51,1
DA:52,0
DA:53,0
DA:60,0
DA:62,0
DA:63,0
DA:67,1
DA:68,0
DA:69,0
DA:79,0
DA:80,0
DA:83,0
DA:85,0
DA:86,0
DA:91,1
DA:92,0
DA:93,0
DA:95,0
DA:96,0
DA:97,0
DA:100,0
DA:101,0
DA:102,0
DA:103,0
DA:104,0
DA:105,0
DA:106,0
DA:110,0
DA:113,0
DA:114,0
DA:115,0
DA:117,0
DA:118,0
DA:120,0
DA:121,0
DA:125,0
DA:126,0
DA:127,0
DA:129,0
DA:130,0
DA:132,0
DA:136,0
DA:137,0
DA:138,0
DA:140,0
DA:141,0
DA:143,0
DA:146,0
DA:149,0
DA:150,0
DA:155,1
DA:156,0
DA:157,0
DA:162,0
DA:167,0
DA:172,0
DA:174,0
DA:175,0
DA:179,1
DA:180,0
DA:181,0
DA:184,0
DA:186,0
DA:187,0
DA:191,1
DA:192,0
DA:193,0
DA:203,0
DA:205,0
DA:206,0
DA:210,1
DA:211,0
DA:212,0
DA:223,0
DA:225,0
DA:226,0
LF:93
LH:9
BRDA:79,0,0,0
BRDA:79,0,1,0
BRDA:79,1,0,0
BRDA:79,1,1,0
BRDA:101,2,0,0
BRDA:101,2,1,0
BRDA:103,3,0,0
BRDA:103,3,1,0
BRDA:105,4,0,0
BRDA:105,4,1,0
BRDA:113,5,0,0
BRDA:113,5,1,0
BRDA:125,6,0,0
BRDA:125,6,1,0
BRDA:136,7,0,0
BRDA:136,7,1,0
BRF:16
BRH:0
end_of_record
TN:
SF:models\adminModels\studentModel.js
FN:5,(anonymous_0)
FN:34,(anonymous_1)
FN:50,(anonymous_2)
FN:76,(anonymous_3)
FN:102,(anonymous_4)
FN:114,(anonymous_5)
FN:129,(anonymous_6)
FN:168,(anonymous_7)
FN:180,(anonymous_8)
FN:204,(anonymous_9)
FNF:10
FNH:0
FNDA:0,(anonymous_0)
FNDA:0,(anonymous_1)
FNDA:0,(anonymous_2)
FNDA:0,(anonymous_3)
FNDA:0,(anonymous_4)
FNDA:0,(anonymous_5)
FNDA:0,(anonymous_6)
FNDA:0,(anonymous_7)
FNDA:0,(anonymous_8)
FNDA:0,(anonymous_9)
DA:1,1
DA:5,1
DA:6,0
DA:8,0
DA:17,0
DA:24,0
DA:27,0
DA:28,0
DA:34,1
DA:35,0
DA:36,0
DA:43,0
DA:45,0
DA:46,0
DA:50,1
DA:51,0
DA:52,0
DA:62,0
DA:63,0
DA:66,0
DA:68,0
DA:69,0
DA:76,1
DA:77,0
DA:79,0
DA:82,0
DA:83,0
DA:86,0
DA:87,0
DA:88,0
DA:89,0
DA:90,0
DA:95,0
DA:98,0
DA:99,0
DA:100,0
DA:102,0
DA:103,0
DA:105,0
DA:106,0
DA:110,0
DA:111,0
DA:112,0
DA:114,0
DA:115,0
DA:117,0
DA:120,0
DA:123,0
DA:124,0
DA:129,1
DA:130,0
DA:132,0
DA:137,0
DA:142,0
DA:146,0
DA:151,0
DA:156,0
DA:160,0
DA:163,0
DA:164,0
DA:168,1
DA:169,0
DA:170,0
DA:173,0
DA:175,0
DA:176,0
DA:180,1
DA:181,0
DA:182,0
DA:196,0
DA:199,0
DA:200,0
DA:204,1
DA:205,0
DA:206,0
DA:219,0
DA:222,0
DA:223,0
LF:78
LH:9
BRDA:62,0,0,0
BRDA:62,0,1,0
BRDA:62,1,0,0
BRDA:62,1,1,0
BRDA:87,2,0,0
BRDA:87,2,1,0
BRDA:89,3,0,0
BRDA:89,3,1,0
BRDA:98,4,0,0
BRDA:98,4,1,0
BRDA:110,5,0,0
BRDA:110,5,1,0
BRF:12
BRH:0
end_of_record
TN:
SF:routes\AuthRoute.js
FNF:0
FNH:0
DA:1,1
DA:2,1
DA:3,1
DA:4,1
DA:5,1
DA:6,1
DA:7,1
DA:9,1
DA:11,1
DA:12,1
DA:13,1
DA:14,1
DA:15,1
DA:18,1
LF:14
LH:14
BRF:0
BRH:0
end_of_record
TN:
SF:validators\ContactUsRules.js
FNF:0
FNH:0
DA:1,1
DA:3,1
LF:2
LH:2
BRF:0
BRH:0
end_of_record
TN:
SF:validators\adminInputsRules.js
FN:14,(anonymous_0)
FNF:1
FNH:1
FNDA:12,(anonymous_0)
DA:1,1
DA:3,1
DA:5,1
DA:11,1
DA:15,12
DA:16,4
DA:17,7
LF:7
LH:7
BRDA:15,0,0,4
BRDA:15,0,1,7
BRF:2
BRH:2
end_of_record
TN:
SF:validators\authrules.js
FN:27,(anonymous_0)
FNF:1
FNH:1
FNDA:4,(anonymous_0)
DA:1,1
DA:3,1
DA:12,1
DA:23,1
DA:28,4
DA:29,1
DA:31,3
DA:32,2
DA:34,1
DA:38,1
LF:10
LH:10
BRDA:28,0,0,1
BRDA:28,0,1,3
BRDA:31,1,0,2
BRDA:31,1,1,1
BRF:4
BRH:4
end_of_record
