TN:
SF:config\db.js
FNF:0
FNH:0
DA:1,2
DA:3,2
DA:8,2
LF:3
LH:3
BRF:0
BRH:0
end_of_record
TN:
SF:controllers\authController.js
FN:12,(anonymous_0)
FN:49,(anonymous_1)
FN:83,(anonymous_2)
FN:159,(anonymous_3)
FN:199,(anonymous_4)
FN:216,(anonymous_5)
FNF:6
FNH:6
FNDA:3,(anonymous_0)
FNDA:5,(anonymous_1)
FNDA:2,(anonymous_2)
FNDA:4,(anonymous_3)
FNDA:3,(anonymous_4)
FNDA:2,(anonymous_5)
DA:1,1
DA:2,1
DA:3,1
DA:4,1
DA:5,1
DA:6,1
DA:7,1
DA:8,1
DA:11,1
DA:13,3
DA:14,3
DA:15,3
DA:16,2
DA:17,1
DA:18,1
DA:22,1
DA:27,1
DA:32,1
DA:38,1
DA:40,1
DA:44,1
DA:49,1
DA:50,5
DA:51,5
DA:52,1
DA:55,4
DA:56,4
DA:58,2
DA:59,2
DA:60,1
DA:63,1
DA:68,1
DA:74,1
DA:79,2
DA:80,2
DA:83,1
DA:84,2
DA:85,2
DA:90,1
DA:95,1
DA:97,1
DA:98,1
DA:150,1
DA:158,1
DA:160,4
DA:161,4
DA:162,4
DA:163,3
DA:165,2
DA:170,2
DA:171,2
DA:183,2
DA:185,1
DA:186,1
DA:193,2
DA:194,2
DA:198,1
DA:200,3
DA:201,3
DA:202,3
DA:203,2
DA:204,2
DA:205,1
DA:208,1
DA:211,1
DA:212,1
DA:216,1
DA:217,2
DA:218,1
DA:220,1
LF:70
LH:70
BRDA:16,0,0,1
BRDA:16,0,1,1
BRDA:51,1,0,1
BRDA:51,1,1,4
BRDA:59,2,0,1
BRDA:59,2,1,1
BRDA:163,3,0,1
BRDA:163,3,1,2
BRDA:185,4,0,1
BRDA:185,4,1,0
BRDA:204,5,0,1
BRDA:204,5,1,1
BRDA:217,6,0,1
BRDA:217,6,1,1
BRF:14
BRH:13
end_of_record
TN:
SF:middlewares\Limiter.js
FN:6,(anonymous_0)
FNF:1
FNH:0
FNDA:0,(anonymous_0)
DA:1,1
DA:3,1
DA:6,0
DA:16,1
DA:27,1
LF:5
LH:4
BRF:0
BRH:0
end_of_record
TN:
SF:models\authModel.js
FN:5,(anonymous_0)
FN:23,(anonymous_1)
FN:34,(anonymous_2)
FN:47,(anonymous_3)
FNF:4
FNH:4
FNDA:8,(anonymous_0)
FNDA:2,(anonymous_1)
FNDA:2,(anonymous_2)
FNDA:3,(anonymous_3)
DA:1,2
DA:2,2
DA:5,2
DA:6,8
DA:11,8
DA:12,7
DA:13,7
DA:14,7
DA:15,7
DA:16,6
DA:20,1
DA:23,2
DA:24,2
DA:26,2
DA:27,1
DA:28,1
DA:30,1
DA:34,2
DA:35,2
DA:40,2
DA:41,1
DA:42,1
DA:44,1
DA:47,2
DA:48,3
DA:49,3
DA:50,2
DA:51,1
DA:52,1
DA:55,1
LF:30
LH:30
BRDA:11,0,0,7
BRDA:11,0,1,1
BRDA:13,1,0,5
BRDA:13,1,1,2
BRDA:15,2,0,6
BRDA:15,2,1,1
BRDA:26,3,0,1
BRDA:26,3,1,1
BRDA:40,4,0,1
BRDA:40,4,1,1
BRDA:50,5,0,1
BRDA:50,5,1,1
BRF:12
BRH:12
end_of_record
TN:
SF:routes\AuthRoute.js
FNF:0
FNH:0
DA:1,1
DA:2,1
DA:3,1
DA:4,1
DA:5,1
DA:6,1
DA:7,1
DA:9,1
DA:11,1
DA:12,1
DA:13,1
DA:14,1
DA:15,1
DA:18,1
LF:14
LH:14
BRF:0
BRH:0
end_of_record
TN:
SF:validators\authrules.js
FN:27,(anonymous_0)
FNF:1
FNH:1
FNDA:4,(anonymous_0)
DA:1,1
DA:3,1
DA:12,1
DA:23,1
DA:28,4
DA:29,1
DA:31,3
DA:32,3
DA:34,0
DA:38,1
LF:10
LH:9
BRDA:28,0,0,1
BRDA:28,0,1,3
BRDA:31,1,0,3
BRDA:31,1,1,0
BRF:4
BRH:3
end_of_record
